[2022-05-18 18:48:13,221] {scheduler_job.py:182} INFO - Started process (PID=10521) to work on /home/airflow/sandbox/lib/python3.8/site-packages/airflow/example_dags/example_nested_branch_dag.py
[2022-05-18 18:48:13,223] {scheduler_job.py:633} INFO - Processing file /home/airflow/sandbox/lib/python3.8/site-packages/airflow/example_dags/example_nested_branch_dag.py for tasks to queue
[2022-05-18 18:48:13,224] {logging_mixin.py:104} INFO - [2022-05-18 18:48:13,224] {dagbag.py:487} INFO - Filling up the DagBag from /home/airflow/sandbox/lib/python3.8/site-packages/airflow/example_dags/example_nested_branch_dag.py
[2022-05-18 18:48:13,248] {scheduler_job.py:643} INFO - DAG(s) dict_keys(['example_nested_branch_dag']) retrieved from /home/airflow/sandbox/lib/python3.8/site-packages/airflow/example_dags/example_nested_branch_dag.py
[2022-05-18 18:48:13,259] {logging_mixin.py:104} INFO - [2022-05-18 18:48:13,259] {dag.py:1832} INFO - Sync 1 DAGs
[2022-05-18 18:48:13,269] {logging_mixin.py:104} INFO - [2022-05-18 18:48:13,269] {dag.py:2305} INFO - Setting next_dagrun for example_nested_branch_dag to 2022-05-16 00:00:00+00:00
[2022-05-18 18:48:13,300] {scheduler_job.py:190} INFO - Processing /home/airflow/sandbox/lib/python3.8/site-packages/airflow/example_dags/example_nested_branch_dag.py took 0.087 seconds
[2022-05-18 18:48:48,292] {scheduler_job.py:182} INFO - Started process (PID=10714) to work on /home/airflow/sandbox/lib/python3.8/site-packages/airflow/example_dags/example_nested_branch_dag.py
[2022-05-18 18:48:48,293] {scheduler_job.py:633} INFO - Processing file /home/airflow/sandbox/lib/python3.8/site-packages/airflow/example_dags/example_nested_branch_dag.py for tasks to queue
[2022-05-18 18:48:48,293] {logging_mixin.py:104} INFO - [2022-05-18 18:48:48,293] {dagbag.py:487} INFO - Filling up the DagBag from /home/airflow/sandbox/lib/python3.8/site-packages/airflow/example_dags/example_nested_branch_dag.py
[2022-05-18 18:48:48,304] {scheduler_job.py:643} INFO - DAG(s) dict_keys(['example_nested_branch_dag']) retrieved from /home/airflow/sandbox/lib/python3.8/site-packages/airflow/example_dags/example_nested_branch_dag.py
[2022-05-18 18:48:48,315] {logging_mixin.py:104} INFO - [2022-05-18 18:48:48,315] {dag.py:1832} INFO - Sync 1 DAGs
[2022-05-18 18:48:48,325] {logging_mixin.py:104} INFO - [2022-05-18 18:48:48,325] {dag.py:2305} INFO - Setting next_dagrun for example_nested_branch_dag to 2022-05-16 00:00:00+00:00
[2022-05-18 18:48:48,339] {scheduler_job.py:190} INFO - Processing /home/airflow/sandbox/lib/python3.8/site-packages/airflow/example_dags/example_nested_branch_dag.py took 0.050 seconds
[2022-05-18 18:49:25,379] {scheduler_job.py:182} INFO - Started process (PID=10864) to work on /home/airflow/sandbox/lib/python3.8/site-packages/airflow/example_dags/example_nested_branch_dag.py
[2022-05-18 18:49:25,381] {scheduler_job.py:633} INFO - Processing file /home/airflow/sandbox/lib/python3.8/site-packages/airflow/example_dags/example_nested_branch_dag.py for tasks to queue
[2022-05-18 18:49:25,382] {logging_mixin.py:104} INFO - [2022-05-18 18:49:25,382] {dagbag.py:487} INFO - Filling up the DagBag from /home/airflow/sandbox/lib/python3.8/site-packages/airflow/example_dags/example_nested_branch_dag.py
[2022-05-18 18:49:25,395] {scheduler_job.py:643} INFO - DAG(s) dict_keys(['example_nested_branch_dag']) retrieved from /home/airflow/sandbox/lib/python3.8/site-packages/airflow/example_dags/example_nested_branch_dag.py
[2022-05-18 18:49:25,407] {logging_mixin.py:104} INFO - [2022-05-18 18:49:25,407] {dag.py:1832} INFO - Sync 1 DAGs
[2022-05-18 18:49:25,419] {logging_mixin.py:104} INFO - [2022-05-18 18:49:25,419] {dag.py:2305} INFO - Setting next_dagrun for example_nested_branch_dag to 2022-05-16 00:00:00+00:00
[2022-05-18 18:49:25,439] {scheduler_job.py:190} INFO - Processing /home/airflow/sandbox/lib/python3.8/site-packages/airflow/example_dags/example_nested_branch_dag.py took 0.063 seconds
[2022-05-18 18:50:01,558] {scheduler_job.py:182} INFO - Started process (PID=11024) to work on /home/airflow/sandbox/lib/python3.8/site-packages/airflow/example_dags/example_nested_branch_dag.py
[2022-05-18 18:50:01,559] {scheduler_job.py:633} INFO - Processing file /home/airflow/sandbox/lib/python3.8/site-packages/airflow/example_dags/example_nested_branch_dag.py for tasks to queue
[2022-05-18 18:50:01,560] {logging_mixin.py:104} INFO - [2022-05-18 18:50:01,560] {dagbag.py:487} INFO - Filling up the DagBag from /home/airflow/sandbox/lib/python3.8/site-packages/airflow/example_dags/example_nested_branch_dag.py
[2022-05-18 18:50:01,575] {scheduler_job.py:643} INFO - DAG(s) dict_keys(['example_nested_branch_dag']) retrieved from /home/airflow/sandbox/lib/python3.8/site-packages/airflow/example_dags/example_nested_branch_dag.py
[2022-05-18 18:50:01,592] {logging_mixin.py:104} INFO - [2022-05-18 18:50:01,592] {dag.py:1832} INFO - Sync 1 DAGs
[2022-05-18 18:50:01,606] {logging_mixin.py:104} INFO - [2022-05-18 18:50:01,605] {dag.py:2305} INFO - Setting next_dagrun for example_nested_branch_dag to 2022-05-16 00:00:00+00:00
[2022-05-18 18:50:01,624] {scheduler_job.py:190} INFO - Processing /home/airflow/sandbox/lib/python3.8/site-packages/airflow/example_dags/example_nested_branch_dag.py took 0.070 seconds
[2022-05-18 18:50:37,084] {scheduler_job.py:182} INFO - Started process (PID=11170) to work on /home/airflow/sandbox/lib/python3.8/site-packages/airflow/example_dags/example_nested_branch_dag.py
[2022-05-18 18:50:37,087] {scheduler_job.py:633} INFO - Processing file /home/airflow/sandbox/lib/python3.8/site-packages/airflow/example_dags/example_nested_branch_dag.py for tasks to queue
[2022-05-18 18:50:37,088] {logging_mixin.py:104} INFO - [2022-05-18 18:50:37,088] {dagbag.py:487} INFO - Filling up the DagBag from /home/airflow/sandbox/lib/python3.8/site-packages/airflow/example_dags/example_nested_branch_dag.py
[2022-05-18 18:50:37,100] {scheduler_job.py:643} INFO - DAG(s) dict_keys(['example_nested_branch_dag']) retrieved from /home/airflow/sandbox/lib/python3.8/site-packages/airflow/example_dags/example_nested_branch_dag.py
[2022-05-18 18:50:37,112] {logging_mixin.py:104} INFO - [2022-05-18 18:50:37,112] {dag.py:1832} INFO - Sync 1 DAGs
[2022-05-18 18:50:37,125] {logging_mixin.py:104} INFO - [2022-05-18 18:50:37,124] {dag.py:2305} INFO - Setting next_dagrun for example_nested_branch_dag to 2022-05-16 00:00:00+00:00
[2022-05-18 18:50:37,140] {scheduler_job.py:190} INFO - Processing /home/airflow/sandbox/lib/python3.8/site-packages/airflow/example_dags/example_nested_branch_dag.py took 0.061 seconds
[2022-05-18 18:51:15,004] {scheduler_job.py:182} INFO - Started process (PID=11295) to work on /home/airflow/sandbox/lib/python3.8/site-packages/airflow/example_dags/example_nested_branch_dag.py
[2022-05-18 18:51:15,005] {scheduler_job.py:633} INFO - Processing file /home/airflow/sandbox/lib/python3.8/site-packages/airflow/example_dags/example_nested_branch_dag.py for tasks to queue
[2022-05-18 18:51:15,006] {logging_mixin.py:104} INFO - [2022-05-18 18:51:15,006] {dagbag.py:487} INFO - Filling up the DagBag from /home/airflow/sandbox/lib/python3.8/site-packages/airflow/example_dags/example_nested_branch_dag.py
[2022-05-18 18:51:15,020] {scheduler_job.py:643} INFO - DAG(s) dict_keys(['example_nested_branch_dag']) retrieved from /home/airflow/sandbox/lib/python3.8/site-packages/airflow/example_dags/example_nested_branch_dag.py
[2022-05-18 18:51:15,033] {logging_mixin.py:104} INFO - [2022-05-18 18:51:15,033] {dag.py:1832} INFO - Sync 1 DAGs
[2022-05-18 18:51:15,046] {logging_mixin.py:104} INFO - [2022-05-18 18:51:15,046] {dag.py:2305} INFO - Setting next_dagrun for example_nested_branch_dag to 2022-05-16 00:00:00+00:00
[2022-05-18 18:51:15,065] {scheduler_job.py:190} INFO - Processing /home/airflow/sandbox/lib/python3.8/site-packages/airflow/example_dags/example_nested_branch_dag.py took 0.064 seconds
[2022-05-18 18:51:51,995] {scheduler_job.py:182} INFO - Started process (PID=11419) to work on /home/airflow/sandbox/lib/python3.8/site-packages/airflow/example_dags/example_nested_branch_dag.py
[2022-05-18 18:51:51,996] {scheduler_job.py:633} INFO - Processing file /home/airflow/sandbox/lib/python3.8/site-packages/airflow/example_dags/example_nested_branch_dag.py for tasks to queue
[2022-05-18 18:51:51,997] {logging_mixin.py:104} INFO - [2022-05-18 18:51:51,997] {dagbag.py:487} INFO - Filling up the DagBag from /home/airflow/sandbox/lib/python3.8/site-packages/airflow/example_dags/example_nested_branch_dag.py
[2022-05-18 18:51:52,011] {scheduler_job.py:643} INFO - DAG(s) dict_keys(['example_nested_branch_dag']) retrieved from /home/airflow/sandbox/lib/python3.8/site-packages/airflow/example_dags/example_nested_branch_dag.py
[2022-05-18 18:51:52,024] {logging_mixin.py:104} INFO - [2022-05-18 18:51:52,024] {dag.py:1832} INFO - Sync 1 DAGs
[2022-05-18 18:51:52,040] {logging_mixin.py:104} INFO - [2022-05-18 18:51:52,040] {dag.py:2305} INFO - Setting next_dagrun for example_nested_branch_dag to 2022-05-16 00:00:00+00:00
[2022-05-18 18:51:52,055] {scheduler_job.py:190} INFO - Processing /home/airflow/sandbox/lib/python3.8/site-packages/airflow/example_dags/example_nested_branch_dag.py took 0.063 seconds
[2022-05-18 18:52:27,252] {scheduler_job.py:182} INFO - Started process (PID=11575) to work on /home/airflow/sandbox/lib/python3.8/site-packages/airflow/example_dags/example_nested_branch_dag.py
[2022-05-18 18:52:27,253] {scheduler_job.py:633} INFO - Processing file /home/airflow/sandbox/lib/python3.8/site-packages/airflow/example_dags/example_nested_branch_dag.py for tasks to queue
[2022-05-18 18:52:27,254] {logging_mixin.py:104} INFO - [2022-05-18 18:52:27,254] {dagbag.py:487} INFO - Filling up the DagBag from /home/airflow/sandbox/lib/python3.8/site-packages/airflow/example_dags/example_nested_branch_dag.py
[2022-05-18 18:52:27,266] {scheduler_job.py:643} INFO - DAG(s) dict_keys(['example_nested_branch_dag']) retrieved from /home/airflow/sandbox/lib/python3.8/site-packages/airflow/example_dags/example_nested_branch_dag.py
[2022-05-18 18:52:27,278] {logging_mixin.py:104} INFO - [2022-05-18 18:52:27,278] {dag.py:1832} INFO - Sync 1 DAGs
[2022-05-18 18:52:27,293] {logging_mixin.py:104} INFO - [2022-05-18 18:52:27,293] {dag.py:2305} INFO - Setting next_dagrun for example_nested_branch_dag to 2022-05-16 00:00:00+00:00
[2022-05-18 18:52:27,312] {scheduler_job.py:190} INFO - Processing /home/airflow/sandbox/lib/python3.8/site-packages/airflow/example_dags/example_nested_branch_dag.py took 0.062 seconds
[2022-05-18 18:53:01,221] {scheduler_job.py:182} INFO - Started process (PID=11721) to work on /home/airflow/sandbox/lib/python3.8/site-packages/airflow/example_dags/example_nested_branch_dag.py
[2022-05-18 18:53:01,222] {scheduler_job.py:633} INFO - Processing file /home/airflow/sandbox/lib/python3.8/site-packages/airflow/example_dags/example_nested_branch_dag.py for tasks to queue
[2022-05-18 18:53:01,223] {logging_mixin.py:104} INFO - [2022-05-18 18:53:01,222] {dagbag.py:487} INFO - Filling up the DagBag from /home/airflow/sandbox/lib/python3.8/site-packages/airflow/example_dags/example_nested_branch_dag.py
[2022-05-18 18:53:01,238] {scheduler_job.py:643} INFO - DAG(s) dict_keys(['example_nested_branch_dag']) retrieved from /home/airflow/sandbox/lib/python3.8/site-packages/airflow/example_dags/example_nested_branch_dag.py
[2022-05-18 18:53:01,251] {logging_mixin.py:104} INFO - [2022-05-18 18:53:01,251] {dag.py:1832} INFO - Sync 1 DAGs
[2022-05-18 18:53:01,267] {logging_mixin.py:104} INFO - [2022-05-18 18:53:01,267] {dag.py:2305} INFO - Setting next_dagrun for example_nested_branch_dag to 2022-05-16 00:00:00+00:00
[2022-05-18 18:53:01,284] {scheduler_job.py:190} INFO - Processing /home/airflow/sandbox/lib/python3.8/site-packages/airflow/example_dags/example_nested_branch_dag.py took 0.068 seconds
[2022-05-18 18:53:34,794] {scheduler_job.py:182} INFO - Started process (PID=11817) to work on /home/airflow/sandbox/lib/python3.8/site-packages/airflow/example_dags/example_nested_branch_dag.py
[2022-05-18 18:53:34,795] {scheduler_job.py:633} INFO - Processing file /home/airflow/sandbox/lib/python3.8/site-packages/airflow/example_dags/example_nested_branch_dag.py for tasks to queue
[2022-05-18 18:53:34,796] {logging_mixin.py:104} INFO - [2022-05-18 18:53:34,796] {dagbag.py:487} INFO - Filling up the DagBag from /home/airflow/sandbox/lib/python3.8/site-packages/airflow/example_dags/example_nested_branch_dag.py
[2022-05-18 18:53:34,807] {scheduler_job.py:643} INFO - DAG(s) dict_keys(['example_nested_branch_dag']) retrieved from /home/airflow/sandbox/lib/python3.8/site-packages/airflow/example_dags/example_nested_branch_dag.py
[2022-05-18 18:53:34,821] {logging_mixin.py:104} INFO - [2022-05-18 18:53:34,820] {dag.py:1832} INFO - Sync 1 DAGs
[2022-05-18 18:53:34,833] {logging_mixin.py:104} INFO - [2022-05-18 18:53:34,833] {dag.py:2305} INFO - Setting next_dagrun for example_nested_branch_dag to 2022-05-16 00:00:00+00:00
[2022-05-18 18:53:34,847] {scheduler_job.py:190} INFO - Processing /home/airflow/sandbox/lib/python3.8/site-packages/airflow/example_dags/example_nested_branch_dag.py took 0.057 seconds
[2022-05-18 18:54:09,473] {scheduler_job.py:182} INFO - Started process (PID=11913) to work on /home/airflow/sandbox/lib/python3.8/site-packages/airflow/example_dags/example_nested_branch_dag.py
[2022-05-18 18:54:09,474] {scheduler_job.py:633} INFO - Processing file /home/airflow/sandbox/lib/python3.8/site-packages/airflow/example_dags/example_nested_branch_dag.py for tasks to queue
[2022-05-18 18:54:09,475] {logging_mixin.py:104} INFO - [2022-05-18 18:54:09,475] {dagbag.py:487} INFO - Filling up the DagBag from /home/airflow/sandbox/lib/python3.8/site-packages/airflow/example_dags/example_nested_branch_dag.py
[2022-05-18 18:54:09,492] {scheduler_job.py:643} INFO - DAG(s) dict_keys(['example_nested_branch_dag']) retrieved from /home/airflow/sandbox/lib/python3.8/site-packages/airflow/example_dags/example_nested_branch_dag.py
[2022-05-18 18:54:09,508] {logging_mixin.py:104} INFO - [2022-05-18 18:54:09,508] {dag.py:1832} INFO - Sync 1 DAGs
[2022-05-18 18:54:09,523] {logging_mixin.py:104} INFO - [2022-05-18 18:54:09,523] {dag.py:2305} INFO - Setting next_dagrun for example_nested_branch_dag to 2022-05-16 00:00:00+00:00
[2022-05-18 18:54:09,538] {scheduler_job.py:190} INFO - Processing /home/airflow/sandbox/lib/python3.8/site-packages/airflow/example_dags/example_nested_branch_dag.py took 0.070 seconds
[2022-05-18 18:54:51,933] {scheduler_job.py:182} INFO - Started process (PID=12054) to work on /home/airflow/sandbox/lib/python3.8/site-packages/airflow/example_dags/example_nested_branch_dag.py
[2022-05-18 18:54:51,934] {scheduler_job.py:633} INFO - Processing file /home/airflow/sandbox/lib/python3.8/site-packages/airflow/example_dags/example_nested_branch_dag.py for tasks to queue
[2022-05-18 18:54:51,934] {logging_mixin.py:104} INFO - [2022-05-18 18:54:51,934] {dagbag.py:487} INFO - Filling up the DagBag from /home/airflow/sandbox/lib/python3.8/site-packages/airflow/example_dags/example_nested_branch_dag.py
[2022-05-18 18:54:51,948] {scheduler_job.py:643} INFO - DAG(s) dict_keys(['example_nested_branch_dag']) retrieved from /home/airflow/sandbox/lib/python3.8/site-packages/airflow/example_dags/example_nested_branch_dag.py
[2022-05-18 18:54:51,965] {logging_mixin.py:104} INFO - [2022-05-18 18:54:51,965] {dag.py:1832} INFO - Sync 1 DAGs
[2022-05-18 18:54:51,975] {logging_mixin.py:104} INFO - [2022-05-18 18:54:51,975] {dag.py:2305} INFO - Setting next_dagrun for example_nested_branch_dag to 2022-05-16 00:00:00+00:00
[2022-05-18 18:54:51,991] {scheduler_job.py:190} INFO - Processing /home/airflow/sandbox/lib/python3.8/site-packages/airflow/example_dags/example_nested_branch_dag.py took 0.064 seconds
[2022-05-18 18:55:26,129] {scheduler_job.py:182} INFO - Started process (PID=12162) to work on /home/airflow/sandbox/lib/python3.8/site-packages/airflow/example_dags/example_nested_branch_dag.py
[2022-05-18 18:55:26,130] {scheduler_job.py:633} INFO - Processing file /home/airflow/sandbox/lib/python3.8/site-packages/airflow/example_dags/example_nested_branch_dag.py for tasks to queue
[2022-05-18 18:55:26,130] {logging_mixin.py:104} INFO - [2022-05-18 18:55:26,130] {dagbag.py:487} INFO - Filling up the DagBag from /home/airflow/sandbox/lib/python3.8/site-packages/airflow/example_dags/example_nested_branch_dag.py
[2022-05-18 18:55:26,141] {scheduler_job.py:643} INFO - DAG(s) dict_keys(['example_nested_branch_dag']) retrieved from /home/airflow/sandbox/lib/python3.8/site-packages/airflow/example_dags/example_nested_branch_dag.py
[2022-05-18 18:55:26,157] {logging_mixin.py:104} INFO - [2022-05-18 18:55:26,157] {dag.py:1832} INFO - Sync 1 DAGs
[2022-05-18 18:55:26,168] {logging_mixin.py:104} INFO - [2022-05-18 18:55:26,168] {dag.py:2305} INFO - Setting next_dagrun for example_nested_branch_dag to 2022-05-16 00:00:00+00:00
[2022-05-18 18:55:26,181] {scheduler_job.py:190} INFO - Processing /home/airflow/sandbox/lib/python3.8/site-packages/airflow/example_dags/example_nested_branch_dag.py took 0.055 seconds
[2022-05-18 18:55:58,399] {scheduler_job.py:182} INFO - Started process (PID=12258) to work on /home/airflow/sandbox/lib/python3.8/site-packages/airflow/example_dags/example_nested_branch_dag.py
[2022-05-18 18:55:58,399] {scheduler_job.py:633} INFO - Processing file /home/airflow/sandbox/lib/python3.8/site-packages/airflow/example_dags/example_nested_branch_dag.py for tasks to queue
[2022-05-18 18:55:58,400] {logging_mixin.py:104} INFO - [2022-05-18 18:55:58,400] {dagbag.py:487} INFO - Filling up the DagBag from /home/airflow/sandbox/lib/python3.8/site-packages/airflow/example_dags/example_nested_branch_dag.py
[2022-05-18 18:55:58,412] {scheduler_job.py:643} INFO - DAG(s) dict_keys(['example_nested_branch_dag']) retrieved from /home/airflow/sandbox/lib/python3.8/site-packages/airflow/example_dags/example_nested_branch_dag.py
[2022-05-18 18:55:58,425] {logging_mixin.py:104} INFO - [2022-05-18 18:55:58,425] {dag.py:1832} INFO - Sync 1 DAGs
[2022-05-18 18:55:58,435] {logging_mixin.py:104} INFO - [2022-05-18 18:55:58,435] {dag.py:2305} INFO - Setting next_dagrun for example_nested_branch_dag to 2022-05-16 00:00:00+00:00
[2022-05-18 18:55:58,449] {scheduler_job.py:190} INFO - Processing /home/airflow/sandbox/lib/python3.8/site-packages/airflow/example_dags/example_nested_branch_dag.py took 0.054 seconds
[2022-05-18 19:57:40,834] {scheduler_job.py:182} INFO - Started process (PID=13689) to work on /home/airflow/sandbox/lib/python3.8/site-packages/airflow/example_dags/example_nested_branch_dag.py
[2022-05-18 19:57:40,836] {scheduler_job.py:633} INFO - Processing file /home/airflow/sandbox/lib/python3.8/site-packages/airflow/example_dags/example_nested_branch_dag.py for tasks to queue
[2022-05-18 19:57:40,836] {logging_mixin.py:104} INFO - [2022-05-18 19:57:40,836] {dagbag.py:487} INFO - Filling up the DagBag from /home/airflow/sandbox/lib/python3.8/site-packages/airflow/example_dags/example_nested_branch_dag.py
[2022-05-18 19:57:40,849] {scheduler_job.py:643} INFO - DAG(s) dict_keys(['example_nested_branch_dag']) retrieved from /home/airflow/sandbox/lib/python3.8/site-packages/airflow/example_dags/example_nested_branch_dag.py
[2022-05-18 19:57:40,861] {logging_mixin.py:104} INFO - [2022-05-18 19:57:40,861] {dag.py:1832} INFO - Sync 1 DAGs
[2022-05-18 19:57:40,871] {logging_mixin.py:104} INFO - [2022-05-18 19:57:40,871] {dag.py:2305} INFO - Setting next_dagrun for example_nested_branch_dag to 2022-05-16 00:00:00+00:00
[2022-05-18 19:57:40,888] {scheduler_job.py:190} INFO - Processing /home/airflow/sandbox/lib/python3.8/site-packages/airflow/example_dags/example_nested_branch_dag.py took 0.057 seconds
[2022-05-18 19:58:14,526] {scheduler_job.py:182} INFO - Started process (PID=13721) to work on /home/airflow/sandbox/lib/python3.8/site-packages/airflow/example_dags/example_nested_branch_dag.py
[2022-05-18 19:58:14,527] {scheduler_job.py:633} INFO - Processing file /home/airflow/sandbox/lib/python3.8/site-packages/airflow/example_dags/example_nested_branch_dag.py for tasks to queue
[2022-05-18 19:58:14,528] {logging_mixin.py:104} INFO - [2022-05-18 19:58:14,528] {dagbag.py:487} INFO - Filling up the DagBag from /home/airflow/sandbox/lib/python3.8/site-packages/airflow/example_dags/example_nested_branch_dag.py
[2022-05-18 19:58:14,538] {scheduler_job.py:643} INFO - DAG(s) dict_keys(['example_nested_branch_dag']) retrieved from /home/airflow/sandbox/lib/python3.8/site-packages/airflow/example_dags/example_nested_branch_dag.py
[2022-05-18 19:58:14,549] {logging_mixin.py:104} INFO - [2022-05-18 19:58:14,549] {dag.py:1832} INFO - Sync 1 DAGs
[2022-05-18 19:58:14,558] {logging_mixin.py:104} INFO - [2022-05-18 19:58:14,557] {dag.py:2305} INFO - Setting next_dagrun for example_nested_branch_dag to 2022-05-16 00:00:00+00:00
[2022-05-18 19:58:14,587] {scheduler_job.py:190} INFO - Processing /home/airflow/sandbox/lib/python3.8/site-packages/airflow/example_dags/example_nested_branch_dag.py took 0.063 seconds
[2022-05-18 19:59:21,148] {scheduler_job.py:182} INFO - Started process (PID=13903) to work on /home/airflow/sandbox/lib/python3.8/site-packages/airflow/example_dags/example_nested_branch_dag.py
[2022-05-18 19:59:21,149] {scheduler_job.py:633} INFO - Processing file /home/airflow/sandbox/lib/python3.8/site-packages/airflow/example_dags/example_nested_branch_dag.py for tasks to queue
[2022-05-18 19:59:21,150] {logging_mixin.py:104} INFO - [2022-05-18 19:59:21,150] {dagbag.py:487} INFO - Filling up the DagBag from /home/airflow/sandbox/lib/python3.8/site-packages/airflow/example_dags/example_nested_branch_dag.py
[2022-05-18 19:59:21,164] {scheduler_job.py:643} INFO - DAG(s) dict_keys(['example_nested_branch_dag']) retrieved from /home/airflow/sandbox/lib/python3.8/site-packages/airflow/example_dags/example_nested_branch_dag.py
[2022-05-18 19:59:21,178] {logging_mixin.py:104} INFO - [2022-05-18 19:59:21,178] {dag.py:1832} INFO - Sync 1 DAGs
[2022-05-18 19:59:21,193] {logging_mixin.py:104} INFO - [2022-05-18 19:59:21,193] {dag.py:2305} INFO - Setting next_dagrun for example_nested_branch_dag to 2022-05-16 00:00:00+00:00
[2022-05-18 19:59:21,211] {scheduler_job.py:190} INFO - Processing /home/airflow/sandbox/lib/python3.8/site-packages/airflow/example_dags/example_nested_branch_dag.py took 0.067 seconds
[2022-05-18 19:59:55,542] {scheduler_job.py:182} INFO - Started process (PID=13935) to work on /home/airflow/sandbox/lib/python3.8/site-packages/airflow/example_dags/example_nested_branch_dag.py
[2022-05-18 19:59:55,543] {scheduler_job.py:633} INFO - Processing file /home/airflow/sandbox/lib/python3.8/site-packages/airflow/example_dags/example_nested_branch_dag.py for tasks to queue
[2022-05-18 19:59:55,544] {logging_mixin.py:104} INFO - [2022-05-18 19:59:55,544] {dagbag.py:487} INFO - Filling up the DagBag from /home/airflow/sandbox/lib/python3.8/site-packages/airflow/example_dags/example_nested_branch_dag.py
[2022-05-18 19:59:55,554] {scheduler_job.py:643} INFO - DAG(s) dict_keys(['example_nested_branch_dag']) retrieved from /home/airflow/sandbox/lib/python3.8/site-packages/airflow/example_dags/example_nested_branch_dag.py
[2022-05-18 19:59:55,568] {logging_mixin.py:104} INFO - [2022-05-18 19:59:55,568] {dag.py:1832} INFO - Sync 1 DAGs
[2022-05-18 19:59:55,579] {logging_mixin.py:104} INFO - [2022-05-18 19:59:55,579] {dag.py:2305} INFO - Setting next_dagrun for example_nested_branch_dag to 2022-05-16 00:00:00+00:00
[2022-05-18 19:59:55,602] {scheduler_job.py:190} INFO - Processing /home/airflow/sandbox/lib/python3.8/site-packages/airflow/example_dags/example_nested_branch_dag.py took 0.064 seconds
[2022-05-18 20:00:30,592] {scheduler_job.py:182} INFO - Started process (PID=13967) to work on /home/airflow/sandbox/lib/python3.8/site-packages/airflow/example_dags/example_nested_branch_dag.py
[2022-05-18 20:00:30,594] {scheduler_job.py:633} INFO - Processing file /home/airflow/sandbox/lib/python3.8/site-packages/airflow/example_dags/example_nested_branch_dag.py for tasks to queue
[2022-05-18 20:00:30,595] {logging_mixin.py:104} INFO - [2022-05-18 20:00:30,595] {dagbag.py:487} INFO - Filling up the DagBag from /home/airflow/sandbox/lib/python3.8/site-packages/airflow/example_dags/example_nested_branch_dag.py
[2022-05-18 20:00:30,607] {scheduler_job.py:643} INFO - DAG(s) dict_keys(['example_nested_branch_dag']) retrieved from /home/airflow/sandbox/lib/python3.8/site-packages/airflow/example_dags/example_nested_branch_dag.py
[2022-05-18 20:00:30,618] {logging_mixin.py:104} INFO - [2022-05-18 20:00:30,618] {dag.py:1832} INFO - Sync 1 DAGs
[2022-05-18 20:00:30,629] {logging_mixin.py:104} INFO - [2022-05-18 20:00:30,629] {dag.py:2305} INFO - Setting next_dagrun for example_nested_branch_dag to 2022-05-16 00:00:00+00:00
[2022-05-18 20:00:30,647] {scheduler_job.py:190} INFO - Processing /home/airflow/sandbox/lib/python3.8/site-packages/airflow/example_dags/example_nested_branch_dag.py took 0.059 seconds
[2022-05-18 20:01:07,524] {scheduler_job.py:182} INFO - Started process (PID=13999) to work on /home/airflow/sandbox/lib/python3.8/site-packages/airflow/example_dags/example_nested_branch_dag.py
[2022-05-18 20:01:07,525] {scheduler_job.py:633} INFO - Processing file /home/airflow/sandbox/lib/python3.8/site-packages/airflow/example_dags/example_nested_branch_dag.py for tasks to queue
[2022-05-18 20:01:07,526] {logging_mixin.py:104} INFO - [2022-05-18 20:01:07,526] {dagbag.py:487} INFO - Filling up the DagBag from /home/airflow/sandbox/lib/python3.8/site-packages/airflow/example_dags/example_nested_branch_dag.py
[2022-05-18 20:01:07,537] {scheduler_job.py:643} INFO - DAG(s) dict_keys(['example_nested_branch_dag']) retrieved from /home/airflow/sandbox/lib/python3.8/site-packages/airflow/example_dags/example_nested_branch_dag.py
[2022-05-18 20:01:07,548] {logging_mixin.py:104} INFO - [2022-05-18 20:01:07,548] {dag.py:1832} INFO - Sync 1 DAGs
[2022-05-18 20:01:07,558] {logging_mixin.py:104} INFO - [2022-05-18 20:01:07,558] {dag.py:2305} INFO - Setting next_dagrun for example_nested_branch_dag to 2022-05-16 00:00:00+00:00
[2022-05-18 20:01:07,574] {scheduler_job.py:190} INFO - Processing /home/airflow/sandbox/lib/python3.8/site-packages/airflow/example_dags/example_nested_branch_dag.py took 0.052 seconds
[2022-05-18 20:01:40,315] {scheduler_job.py:182} INFO - Started process (PID=14077) to work on /home/airflow/sandbox/lib/python3.8/site-packages/airflow/example_dags/example_nested_branch_dag.py
[2022-05-18 20:01:40,317] {scheduler_job.py:633} INFO - Processing file /home/airflow/sandbox/lib/python3.8/site-packages/airflow/example_dags/example_nested_branch_dag.py for tasks to queue
[2022-05-18 20:01:40,318] {logging_mixin.py:104} INFO - [2022-05-18 20:01:40,318] {dagbag.py:487} INFO - Filling up the DagBag from /home/airflow/sandbox/lib/python3.8/site-packages/airflow/example_dags/example_nested_branch_dag.py
[2022-05-18 20:01:40,329] {scheduler_job.py:643} INFO - DAG(s) dict_keys(['example_nested_branch_dag']) retrieved from /home/airflow/sandbox/lib/python3.8/site-packages/airflow/example_dags/example_nested_branch_dag.py
[2022-05-18 20:01:40,339] {logging_mixin.py:104} INFO - [2022-05-18 20:01:40,339] {dag.py:1832} INFO - Sync 1 DAGs
[2022-05-18 20:01:40,349] {logging_mixin.py:104} INFO - [2022-05-18 20:01:40,349] {dag.py:2305} INFO - Setting next_dagrun for example_nested_branch_dag to 2022-05-16 00:00:00+00:00
[2022-05-18 20:01:40,364] {scheduler_job.py:190} INFO - Processing /home/airflow/sandbox/lib/python3.8/site-packages/airflow/example_dags/example_nested_branch_dag.py took 0.053 seconds
