[2022-05-18 18:48:07,230] {scheduler_job.py:182} INFO - Started process (PID=10471) to work on /home/airflow/sandbox/lib/python3.8/site-packages/airflow/example_dags/example_branch_operator.py
[2022-05-18 18:48:07,231] {scheduler_job.py:633} INFO - Processing file /home/airflow/sandbox/lib/python3.8/site-packages/airflow/example_dags/example_branch_operator.py for tasks to queue
[2022-05-18 18:48:07,232] {logging_mixin.py:104} INFO - [2022-05-18 18:48:07,232] {dagbag.py:487} INFO - Filling up the DagBag from /home/airflow/sandbox/lib/python3.8/site-packages/airflow/example_dags/example_branch_operator.py
[2022-05-18 18:48:07,243] {scheduler_job.py:643} INFO - DAG(s) dict_keys(['example_branch_operator']) retrieved from /home/airflow/sandbox/lib/python3.8/site-packages/airflow/example_dags/example_branch_operator.py
[2022-05-18 18:48:07,262] {logging_mixin.py:104} INFO - [2022-05-18 18:48:07,262] {dag.py:1832} INFO - Sync 1 DAGs
[2022-05-18 18:48:07,289] {logging_mixin.py:104} INFO - [2022-05-18 18:48:07,289] {dag.py:2305} INFO - Setting next_dagrun for example_branch_operator to 2022-05-16 00:00:00+00:00
[2022-05-18 18:48:07,333] {scheduler_job.py:190} INFO - Processing /home/airflow/sandbox/lib/python3.8/site-packages/airflow/example_dags/example_branch_operator.py took 0.107 seconds
[2022-05-18 18:48:42,838] {scheduler_job.py:182} INFO - Started process (PID=10664) to work on /home/airflow/sandbox/lib/python3.8/site-packages/airflow/example_dags/example_branch_operator.py
[2022-05-18 18:48:42,839] {scheduler_job.py:633} INFO - Processing file /home/airflow/sandbox/lib/python3.8/site-packages/airflow/example_dags/example_branch_operator.py for tasks to queue
[2022-05-18 18:48:42,840] {logging_mixin.py:104} INFO - [2022-05-18 18:48:42,840] {dagbag.py:487} INFO - Filling up the DagBag from /home/airflow/sandbox/lib/python3.8/site-packages/airflow/example_dags/example_branch_operator.py
[2022-05-18 18:48:42,852] {scheduler_job.py:643} INFO - DAG(s) dict_keys(['example_branch_operator']) retrieved from /home/airflow/sandbox/lib/python3.8/site-packages/airflow/example_dags/example_branch_operator.py
[2022-05-18 18:48:42,864] {logging_mixin.py:104} INFO - [2022-05-18 18:48:42,864] {dag.py:1832} INFO - Sync 1 DAGs
[2022-05-18 18:48:42,886] {logging_mixin.py:104} INFO - [2022-05-18 18:48:42,886] {dag.py:2305} INFO - Setting next_dagrun for example_branch_operator to 2022-05-16 00:00:00+00:00
[2022-05-18 18:48:42,908] {scheduler_job.py:190} INFO - Processing /home/airflow/sandbox/lib/python3.8/site-packages/airflow/example_dags/example_branch_operator.py took 0.073 seconds
[2022-05-18 18:49:18,530] {scheduler_job.py:182} INFO - Started process (PID=10859) to work on /home/airflow/sandbox/lib/python3.8/site-packages/airflow/example_dags/example_branch_operator.py
[2022-05-18 18:49:18,531] {scheduler_job.py:633} INFO - Processing file /home/airflow/sandbox/lib/python3.8/site-packages/airflow/example_dags/example_branch_operator.py for tasks to queue
[2022-05-18 18:49:18,532] {logging_mixin.py:104} INFO - [2022-05-18 18:49:18,532] {dagbag.py:487} INFO - Filling up the DagBag from /home/airflow/sandbox/lib/python3.8/site-packages/airflow/example_dags/example_branch_operator.py
[2022-05-18 18:49:18,544] {scheduler_job.py:643} INFO - DAG(s) dict_keys(['example_branch_operator']) retrieved from /home/airflow/sandbox/lib/python3.8/site-packages/airflow/example_dags/example_branch_operator.py
[2022-05-18 18:49:18,557] {logging_mixin.py:104} INFO - [2022-05-18 18:49:18,557] {dag.py:1832} INFO - Sync 1 DAGs
[2022-05-18 18:49:18,567] {logging_mixin.py:104} INFO - [2022-05-18 18:49:18,567] {dag.py:2305} INFO - Setting next_dagrun for example_branch_operator to 2022-05-16 00:00:00+00:00
[2022-05-18 18:49:18,584] {scheduler_job.py:190} INFO - Processing /home/airflow/sandbox/lib/python3.8/site-packages/airflow/example_dags/example_branch_operator.py took 0.056 seconds
[2022-05-18 18:49:56,845] {scheduler_job.py:182} INFO - Started process (PID=10995) to work on /home/airflow/sandbox/lib/python3.8/site-packages/airflow/example_dags/example_branch_operator.py
[2022-05-18 18:49:56,845] {scheduler_job.py:633} INFO - Processing file /home/airflow/sandbox/lib/python3.8/site-packages/airflow/example_dags/example_branch_operator.py for tasks to queue
[2022-05-18 18:49:56,846] {logging_mixin.py:104} INFO - [2022-05-18 18:49:56,846] {dagbag.py:487} INFO - Filling up the DagBag from /home/airflow/sandbox/lib/python3.8/site-packages/airflow/example_dags/example_branch_operator.py
[2022-05-18 18:49:56,856] {scheduler_job.py:643} INFO - DAG(s) dict_keys(['example_branch_operator']) retrieved from /home/airflow/sandbox/lib/python3.8/site-packages/airflow/example_dags/example_branch_operator.py
[2022-05-18 18:49:56,867] {logging_mixin.py:104} INFO - [2022-05-18 18:49:56,866] {dag.py:1832} INFO - Sync 1 DAGs
[2022-05-18 18:49:56,875] {logging_mixin.py:104} INFO - [2022-05-18 18:49:56,875] {dag.py:2305} INFO - Setting next_dagrun for example_branch_operator to 2022-05-16 00:00:00+00:00
[2022-05-18 18:49:56,890] {scheduler_job.py:190} INFO - Processing /home/airflow/sandbox/lib/python3.8/site-packages/airflow/example_dags/example_branch_operator.py took 0.047 seconds
[2022-05-18 18:50:31,456] {scheduler_job.py:182} INFO - Started process (PID=11165) to work on /home/airflow/sandbox/lib/python3.8/site-packages/airflow/example_dags/example_branch_operator.py
[2022-05-18 18:50:31,458] {scheduler_job.py:633} INFO - Processing file /home/airflow/sandbox/lib/python3.8/site-packages/airflow/example_dags/example_branch_operator.py for tasks to queue
[2022-05-18 18:50:31,458] {logging_mixin.py:104} INFO - [2022-05-18 18:50:31,458] {dagbag.py:487} INFO - Filling up the DagBag from /home/airflow/sandbox/lib/python3.8/site-packages/airflow/example_dags/example_branch_operator.py
[2022-05-18 18:50:31,472] {scheduler_job.py:643} INFO - DAG(s) dict_keys(['example_branch_operator']) retrieved from /home/airflow/sandbox/lib/python3.8/site-packages/airflow/example_dags/example_branch_operator.py
[2022-05-18 18:50:31,485] {logging_mixin.py:104} INFO - [2022-05-18 18:50:31,485] {dag.py:1832} INFO - Sync 1 DAGs
[2022-05-18 18:50:31,499] {logging_mixin.py:104} INFO - [2022-05-18 18:50:31,499] {dag.py:2305} INFO - Setting next_dagrun for example_branch_operator to 2022-05-16 00:00:00+00:00
[2022-05-18 18:50:31,519] {scheduler_job.py:190} INFO - Processing /home/airflow/sandbox/lib/python3.8/site-packages/airflow/example_dags/example_branch_operator.py took 0.067 seconds
[2022-05-18 18:51:07,699] {scheduler_job.py:182} INFO - Started process (PID=11258) to work on /home/airflow/sandbox/lib/python3.8/site-packages/airflow/example_dags/example_branch_operator.py
[2022-05-18 18:51:07,700] {scheduler_job.py:633} INFO - Processing file /home/airflow/sandbox/lib/python3.8/site-packages/airflow/example_dags/example_branch_operator.py for tasks to queue
[2022-05-18 18:51:07,700] {logging_mixin.py:104} INFO - [2022-05-18 18:51:07,700] {dagbag.py:487} INFO - Filling up the DagBag from /home/airflow/sandbox/lib/python3.8/site-packages/airflow/example_dags/example_branch_operator.py
[2022-05-18 18:51:07,715] {scheduler_job.py:643} INFO - DAG(s) dict_keys(['example_branch_operator']) retrieved from /home/airflow/sandbox/lib/python3.8/site-packages/airflow/example_dags/example_branch_operator.py
[2022-05-18 18:51:07,730] {logging_mixin.py:104} INFO - [2022-05-18 18:51:07,730] {dag.py:1832} INFO - Sync 1 DAGs
[2022-05-18 18:51:07,742] {logging_mixin.py:104} INFO - [2022-05-18 18:51:07,741] {dag.py:2305} INFO - Setting next_dagrun for example_branch_operator to 2022-05-16 00:00:00+00:00
[2022-05-18 18:51:07,761] {scheduler_job.py:190} INFO - Processing /home/airflow/sandbox/lib/python3.8/site-packages/airflow/example_dags/example_branch_operator.py took 0.065 seconds
[2022-05-18 18:51:46,802] {scheduler_job.py:182} INFO - Started process (PID=11384) to work on /home/airflow/sandbox/lib/python3.8/site-packages/airflow/example_dags/example_branch_operator.py
[2022-05-18 18:51:46,803] {scheduler_job.py:633} INFO - Processing file /home/airflow/sandbox/lib/python3.8/site-packages/airflow/example_dags/example_branch_operator.py for tasks to queue
[2022-05-18 18:51:46,804] {logging_mixin.py:104} INFO - [2022-05-18 18:51:46,804] {dagbag.py:487} INFO - Filling up the DagBag from /home/airflow/sandbox/lib/python3.8/site-packages/airflow/example_dags/example_branch_operator.py
[2022-05-18 18:51:46,819] {scheduler_job.py:643} INFO - DAG(s) dict_keys(['example_branch_operator']) retrieved from /home/airflow/sandbox/lib/python3.8/site-packages/airflow/example_dags/example_branch_operator.py
[2022-05-18 18:51:46,834] {logging_mixin.py:104} INFO - [2022-05-18 18:51:46,834] {dag.py:1832} INFO - Sync 1 DAGs
[2022-05-18 18:51:46,849] {logging_mixin.py:104} INFO - [2022-05-18 18:51:46,849] {dag.py:2305} INFO - Setting next_dagrun for example_branch_operator to 2022-05-16 00:00:00+00:00
[2022-05-18 18:51:46,866] {scheduler_job.py:190} INFO - Processing /home/airflow/sandbox/lib/python3.8/site-packages/airflow/example_dags/example_branch_operator.py took 0.066 seconds
[2022-05-18 18:52:21,666] {scheduler_job.py:182} INFO - Started process (PID=11540) to work on /home/airflow/sandbox/lib/python3.8/site-packages/airflow/example_dags/example_branch_operator.py
[2022-05-18 18:52:21,667] {scheduler_job.py:633} INFO - Processing file /home/airflow/sandbox/lib/python3.8/site-packages/airflow/example_dags/example_branch_operator.py for tasks to queue
[2022-05-18 18:52:21,668] {logging_mixin.py:104} INFO - [2022-05-18 18:52:21,668] {dagbag.py:487} INFO - Filling up the DagBag from /home/airflow/sandbox/lib/python3.8/site-packages/airflow/example_dags/example_branch_operator.py
[2022-05-18 18:52:21,683] {scheduler_job.py:643} INFO - DAG(s) dict_keys(['example_branch_operator']) retrieved from /home/airflow/sandbox/lib/python3.8/site-packages/airflow/example_dags/example_branch_operator.py
[2022-05-18 18:52:21,696] {logging_mixin.py:104} INFO - [2022-05-18 18:52:21,695] {dag.py:1832} INFO - Sync 1 DAGs
[2022-05-18 18:52:21,707] {logging_mixin.py:104} INFO - [2022-05-18 18:52:21,707] {dag.py:2305} INFO - Setting next_dagrun for example_branch_operator to 2022-05-16 00:00:00+00:00
[2022-05-18 18:52:21,722] {scheduler_job.py:190} INFO - Processing /home/airflow/sandbox/lib/python3.8/site-packages/airflow/example_dags/example_branch_operator.py took 0.061 seconds
[2022-05-18 18:52:56,062] {scheduler_job.py:182} INFO - Started process (PID=11716) to work on /home/airflow/sandbox/lib/python3.8/site-packages/airflow/example_dags/example_branch_operator.py
[2022-05-18 18:52:56,063] {scheduler_job.py:633} INFO - Processing file /home/airflow/sandbox/lib/python3.8/site-packages/airflow/example_dags/example_branch_operator.py for tasks to queue
[2022-05-18 18:52:56,065] {logging_mixin.py:104} INFO - [2022-05-18 18:52:56,065] {dagbag.py:487} INFO - Filling up the DagBag from /home/airflow/sandbox/lib/python3.8/site-packages/airflow/example_dags/example_branch_operator.py
[2022-05-18 18:52:56,076] {scheduler_job.py:643} INFO - DAG(s) dict_keys(['example_branch_operator']) retrieved from /home/airflow/sandbox/lib/python3.8/site-packages/airflow/example_dags/example_branch_operator.py
[2022-05-18 18:52:56,089] {logging_mixin.py:104} INFO - [2022-05-18 18:52:56,089] {dag.py:1832} INFO - Sync 1 DAGs
[2022-05-18 18:52:56,103] {logging_mixin.py:104} INFO - [2022-05-18 18:52:56,103] {dag.py:2305} INFO - Setting next_dagrun for example_branch_operator to 2022-05-16 00:00:00+00:00
[2022-05-18 18:52:56,118] {scheduler_job.py:190} INFO - Processing /home/airflow/sandbox/lib/python3.8/site-packages/airflow/example_dags/example_branch_operator.py took 0.060 seconds
[2022-05-18 18:53:29,356] {scheduler_job.py:182} INFO - Started process (PID=11812) to work on /home/airflow/sandbox/lib/python3.8/site-packages/airflow/example_dags/example_branch_operator.py
[2022-05-18 18:53:29,357] {scheduler_job.py:633} INFO - Processing file /home/airflow/sandbox/lib/python3.8/site-packages/airflow/example_dags/example_branch_operator.py for tasks to queue
[2022-05-18 18:53:29,357] {logging_mixin.py:104} INFO - [2022-05-18 18:53:29,357] {dagbag.py:487} INFO - Filling up the DagBag from /home/airflow/sandbox/lib/python3.8/site-packages/airflow/example_dags/example_branch_operator.py
[2022-05-18 18:53:29,371] {scheduler_job.py:643} INFO - DAG(s) dict_keys(['example_branch_operator']) retrieved from /home/airflow/sandbox/lib/python3.8/site-packages/airflow/example_dags/example_branch_operator.py
[2022-05-18 18:53:29,386] {logging_mixin.py:104} INFO - [2022-05-18 18:53:29,385] {dag.py:1832} INFO - Sync 1 DAGs
[2022-05-18 18:53:29,397] {logging_mixin.py:104} INFO - [2022-05-18 18:53:29,397] {dag.py:2305} INFO - Setting next_dagrun for example_branch_operator to 2022-05-16 00:00:00+00:00
[2022-05-18 18:53:29,414] {scheduler_job.py:190} INFO - Processing /home/airflow/sandbox/lib/python3.8/site-packages/airflow/example_dags/example_branch_operator.py took 0.061 seconds
[2022-05-18 18:54:03,091] {scheduler_job.py:182} INFO - Started process (PID=11908) to work on /home/airflow/sandbox/lib/python3.8/site-packages/airflow/example_dags/example_branch_operator.py
[2022-05-18 18:54:03,092] {scheduler_job.py:633} INFO - Processing file /home/airflow/sandbox/lib/python3.8/site-packages/airflow/example_dags/example_branch_operator.py for tasks to queue
[2022-05-18 18:54:03,093] {logging_mixin.py:104} INFO - [2022-05-18 18:54:03,093] {dagbag.py:487} INFO - Filling up the DagBag from /home/airflow/sandbox/lib/python3.8/site-packages/airflow/example_dags/example_branch_operator.py
[2022-05-18 18:54:03,106] {scheduler_job.py:643} INFO - DAG(s) dict_keys(['example_branch_operator']) retrieved from /home/airflow/sandbox/lib/python3.8/site-packages/airflow/example_dags/example_branch_operator.py
[2022-05-18 18:54:03,120] {logging_mixin.py:104} INFO - [2022-05-18 18:54:03,120] {dag.py:1832} INFO - Sync 1 DAGs
[2022-05-18 18:54:03,138] {logging_mixin.py:104} INFO - [2022-05-18 18:54:03,138] {dag.py:2305} INFO - Setting next_dagrun for example_branch_operator to 2022-05-16 00:00:00+00:00
[2022-05-18 18:54:03,156] {scheduler_job.py:190} INFO - Processing /home/airflow/sandbox/lib/python3.8/site-packages/airflow/example_dags/example_branch_operator.py took 0.068 seconds
[2022-05-18 18:54:44,264] {scheduler_job.py:182} INFO - Started process (PID=12002) to work on /home/airflow/sandbox/lib/python3.8/site-packages/airflow/example_dags/example_branch_operator.py
[2022-05-18 18:54:44,265] {scheduler_job.py:633} INFO - Processing file /home/airflow/sandbox/lib/python3.8/site-packages/airflow/example_dags/example_branch_operator.py for tasks to queue
[2022-05-18 18:54:44,266] {logging_mixin.py:104} INFO - [2022-05-18 18:54:44,266] {dagbag.py:487} INFO - Filling up the DagBag from /home/airflow/sandbox/lib/python3.8/site-packages/airflow/example_dags/example_branch_operator.py
[2022-05-18 18:54:44,278] {scheduler_job.py:643} INFO - DAG(s) dict_keys(['example_branch_operator']) retrieved from /home/airflow/sandbox/lib/python3.8/site-packages/airflow/example_dags/example_branch_operator.py
[2022-05-18 18:54:44,292] {logging_mixin.py:104} INFO - [2022-05-18 18:54:44,292] {dag.py:1832} INFO - Sync 1 DAGs
[2022-05-18 18:54:44,304] {logging_mixin.py:104} INFO - [2022-05-18 18:54:44,304] {dag.py:2305} INFO - Setting next_dagrun for example_branch_operator to 2022-05-16 00:00:00+00:00
[2022-05-18 18:54:44,322] {scheduler_job.py:190} INFO - Processing /home/airflow/sandbox/lib/python3.8/site-packages/airflow/example_dags/example_branch_operator.py took 0.061 seconds
[2022-05-18 18:55:20,753] {scheduler_job.py:182} INFO - Started process (PID=12127) to work on /home/airflow/sandbox/lib/python3.8/site-packages/airflow/example_dags/example_branch_operator.py
[2022-05-18 18:55:20,756] {scheduler_job.py:633} INFO - Processing file /home/airflow/sandbox/lib/python3.8/site-packages/airflow/example_dags/example_branch_operator.py for tasks to queue
[2022-05-18 18:55:20,758] {logging_mixin.py:104} INFO - [2022-05-18 18:55:20,758] {dagbag.py:487} INFO - Filling up the DagBag from /home/airflow/sandbox/lib/python3.8/site-packages/airflow/example_dags/example_branch_operator.py
[2022-05-18 18:55:20,777] {scheduler_job.py:643} INFO - DAG(s) dict_keys(['example_branch_operator']) retrieved from /home/airflow/sandbox/lib/python3.8/site-packages/airflow/example_dags/example_branch_operator.py
[2022-05-18 18:55:20,793] {logging_mixin.py:104} INFO - [2022-05-18 18:55:20,793] {dag.py:1832} INFO - Sync 1 DAGs
[2022-05-18 18:55:20,804] {logging_mixin.py:104} INFO - [2022-05-18 18:55:20,803] {dag.py:2305} INFO - Setting next_dagrun for example_branch_operator to 2022-05-16 00:00:00+00:00
[2022-05-18 18:55:20,821] {scheduler_job.py:190} INFO - Processing /home/airflow/sandbox/lib/python3.8/site-packages/airflow/example_dags/example_branch_operator.py took 0.087 seconds
[2022-05-18 18:55:52,864] {scheduler_job.py:182} INFO - Started process (PID=12238) to work on /home/airflow/sandbox/lib/python3.8/site-packages/airflow/example_dags/example_branch_operator.py
[2022-05-18 18:55:52,865] {scheduler_job.py:633} INFO - Processing file /home/airflow/sandbox/lib/python3.8/site-packages/airflow/example_dags/example_branch_operator.py for tasks to queue
[2022-05-18 18:55:52,866] {logging_mixin.py:104} INFO - [2022-05-18 18:55:52,866] {dagbag.py:487} INFO - Filling up the DagBag from /home/airflow/sandbox/lib/python3.8/site-packages/airflow/example_dags/example_branch_operator.py
[2022-05-18 18:55:52,880] {scheduler_job.py:643} INFO - DAG(s) dict_keys(['example_branch_operator']) retrieved from /home/airflow/sandbox/lib/python3.8/site-packages/airflow/example_dags/example_branch_operator.py
[2022-05-18 18:55:52,896] {logging_mixin.py:104} INFO - [2022-05-18 18:55:52,895] {dag.py:1832} INFO - Sync 1 DAGs
[2022-05-18 18:55:52,906] {logging_mixin.py:104} INFO - [2022-05-18 18:55:52,906] {dag.py:2305} INFO - Setting next_dagrun for example_branch_operator to 2022-05-16 00:00:00+00:00
[2022-05-18 18:55:52,924] {scheduler_job.py:190} INFO - Processing /home/airflow/sandbox/lib/python3.8/site-packages/airflow/example_dags/example_branch_operator.py took 0.064 seconds
[2022-05-18 19:57:35,392] {scheduler_job.py:182} INFO - Started process (PID=13684) to work on /home/airflow/sandbox/lib/python3.8/site-packages/airflow/example_dags/example_branch_operator.py
[2022-05-18 19:57:35,393] {scheduler_job.py:633} INFO - Processing file /home/airflow/sandbox/lib/python3.8/site-packages/airflow/example_dags/example_branch_operator.py for tasks to queue
[2022-05-18 19:57:35,394] {logging_mixin.py:104} INFO - [2022-05-18 19:57:35,394] {dagbag.py:487} INFO - Filling up the DagBag from /home/airflow/sandbox/lib/python3.8/site-packages/airflow/example_dags/example_branch_operator.py
[2022-05-18 19:57:35,408] {scheduler_job.py:643} INFO - DAG(s) dict_keys(['example_branch_operator']) retrieved from /home/airflow/sandbox/lib/python3.8/site-packages/airflow/example_dags/example_branch_operator.py
[2022-05-18 19:57:35,422] {logging_mixin.py:104} INFO - [2022-05-18 19:57:35,422] {dag.py:1832} INFO - Sync 1 DAGs
[2022-05-18 19:57:35,433] {logging_mixin.py:104} INFO - [2022-05-18 19:57:35,433] {dag.py:2305} INFO - Setting next_dagrun for example_branch_operator to 2022-05-16 00:00:00+00:00
[2022-05-18 19:57:35,452] {scheduler_job.py:190} INFO - Processing /home/airflow/sandbox/lib/python3.8/site-packages/airflow/example_dags/example_branch_operator.py took 0.062 seconds
[2022-05-18 19:58:09,133] {scheduler_job.py:182} INFO - Started process (PID=13716) to work on /home/airflow/sandbox/lib/python3.8/site-packages/airflow/example_dags/example_branch_operator.py
[2022-05-18 19:58:09,136] {scheduler_job.py:633} INFO - Processing file /home/airflow/sandbox/lib/python3.8/site-packages/airflow/example_dags/example_branch_operator.py for tasks to queue
[2022-05-18 19:58:09,137] {logging_mixin.py:104} INFO - [2022-05-18 19:58:09,137] {dagbag.py:487} INFO - Filling up the DagBag from /home/airflow/sandbox/lib/python3.8/site-packages/airflow/example_dags/example_branch_operator.py
[2022-05-18 19:58:09,152] {scheduler_job.py:643} INFO - DAG(s) dict_keys(['example_branch_operator']) retrieved from /home/airflow/sandbox/lib/python3.8/site-packages/airflow/example_dags/example_branch_operator.py
[2022-05-18 19:58:09,166] {logging_mixin.py:104} INFO - [2022-05-18 19:58:09,165] {dag.py:1832} INFO - Sync 1 DAGs
[2022-05-18 19:58:09,177] {logging_mixin.py:104} INFO - [2022-05-18 19:58:09,177] {dag.py:2305} INFO - Setting next_dagrun for example_branch_operator to 2022-05-16 00:00:00+00:00
[2022-05-18 19:58:09,194] {scheduler_job.py:190} INFO - Processing /home/airflow/sandbox/lib/python3.8/site-packages/airflow/example_dags/example_branch_operator.py took 0.067 seconds
[2022-05-18 19:59:15,643] {scheduler_job.py:182} INFO - Started process (PID=13898) to work on /home/airflow/sandbox/lib/python3.8/site-packages/airflow/example_dags/example_branch_operator.py
[2022-05-18 19:59:15,644] {scheduler_job.py:633} INFO - Processing file /home/airflow/sandbox/lib/python3.8/site-packages/airflow/example_dags/example_branch_operator.py for tasks to queue
[2022-05-18 19:59:15,645] {logging_mixin.py:104} INFO - [2022-05-18 19:59:15,645] {dagbag.py:487} INFO - Filling up the DagBag from /home/airflow/sandbox/lib/python3.8/site-packages/airflow/example_dags/example_branch_operator.py
[2022-05-18 19:59:15,656] {scheduler_job.py:643} INFO - DAG(s) dict_keys(['example_branch_operator']) retrieved from /home/airflow/sandbox/lib/python3.8/site-packages/airflow/example_dags/example_branch_operator.py
[2022-05-18 19:59:15,670] {logging_mixin.py:104} INFO - [2022-05-18 19:59:15,670] {dag.py:1832} INFO - Sync 1 DAGs
[2022-05-18 19:59:15,683] {logging_mixin.py:104} INFO - [2022-05-18 19:59:15,683] {dag.py:2305} INFO - Setting next_dagrun for example_branch_operator to 2022-05-16 00:00:00+00:00
[2022-05-18 19:59:15,701] {scheduler_job.py:190} INFO - Processing /home/airflow/sandbox/lib/python3.8/site-packages/airflow/example_dags/example_branch_operator.py took 0.062 seconds
[2022-05-18 19:59:49,628] {scheduler_job.py:182} INFO - Started process (PID=13930) to work on /home/airflow/sandbox/lib/python3.8/site-packages/airflow/example_dags/example_branch_operator.py
[2022-05-18 19:59:49,629] {scheduler_job.py:633} INFO - Processing file /home/airflow/sandbox/lib/python3.8/site-packages/airflow/example_dags/example_branch_operator.py for tasks to queue
[2022-05-18 19:59:49,631] {logging_mixin.py:104} INFO - [2022-05-18 19:59:49,631] {dagbag.py:487} INFO - Filling up the DagBag from /home/airflow/sandbox/lib/python3.8/site-packages/airflow/example_dags/example_branch_operator.py
[2022-05-18 19:59:49,644] {scheduler_job.py:643} INFO - DAG(s) dict_keys(['example_branch_operator']) retrieved from /home/airflow/sandbox/lib/python3.8/site-packages/airflow/example_dags/example_branch_operator.py
[2022-05-18 19:59:49,669] {logging_mixin.py:104} INFO - [2022-05-18 19:59:49,668] {dag.py:1832} INFO - Sync 1 DAGs
[2022-05-18 19:59:49,689] {logging_mixin.py:104} INFO - [2022-05-18 19:59:49,689] {dag.py:2305} INFO - Setting next_dagrun for example_branch_operator to 2022-05-16 00:00:00+00:00
[2022-05-18 19:59:49,710] {scheduler_job.py:190} INFO - Processing /home/airflow/sandbox/lib/python3.8/site-packages/airflow/example_dags/example_branch_operator.py took 0.084 seconds
[2022-05-18 20:00:24,653] {scheduler_job.py:182} INFO - Started process (PID=13962) to work on /home/airflow/sandbox/lib/python3.8/site-packages/airflow/example_dags/example_branch_operator.py
[2022-05-18 20:00:24,655] {scheduler_job.py:633} INFO - Processing file /home/airflow/sandbox/lib/python3.8/site-packages/airflow/example_dags/example_branch_operator.py for tasks to queue
[2022-05-18 20:00:24,655] {logging_mixin.py:104} INFO - [2022-05-18 20:00:24,655] {dagbag.py:487} INFO - Filling up the DagBag from /home/airflow/sandbox/lib/python3.8/site-packages/airflow/example_dags/example_branch_operator.py
[2022-05-18 20:00:24,669] {scheduler_job.py:643} INFO - DAG(s) dict_keys(['example_branch_operator']) retrieved from /home/airflow/sandbox/lib/python3.8/site-packages/airflow/example_dags/example_branch_operator.py
[2022-05-18 20:00:24,686] {logging_mixin.py:104} INFO - [2022-05-18 20:00:24,686] {dag.py:1832} INFO - Sync 1 DAGs
[2022-05-18 20:00:24,696] {logging_mixin.py:104} INFO - [2022-05-18 20:00:24,696] {dag.py:2305} INFO - Setting next_dagrun for example_branch_operator to 2022-05-16 00:00:00+00:00
[2022-05-18 20:00:24,713] {scheduler_job.py:190} INFO - Processing /home/airflow/sandbox/lib/python3.8/site-packages/airflow/example_dags/example_branch_operator.py took 0.064 seconds
[2022-05-18 20:01:01,860] {scheduler_job.py:182} INFO - Started process (PID=13994) to work on /home/airflow/sandbox/lib/python3.8/site-packages/airflow/example_dags/example_branch_operator.py
[2022-05-18 20:01:01,861] {scheduler_job.py:633} INFO - Processing file /home/airflow/sandbox/lib/python3.8/site-packages/airflow/example_dags/example_branch_operator.py for tasks to queue
[2022-05-18 20:01:01,862] {logging_mixin.py:104} INFO - [2022-05-18 20:01:01,862] {dagbag.py:487} INFO - Filling up the DagBag from /home/airflow/sandbox/lib/python3.8/site-packages/airflow/example_dags/example_branch_operator.py
[2022-05-18 20:01:01,875] {scheduler_job.py:643} INFO - DAG(s) dict_keys(['example_branch_operator']) retrieved from /home/airflow/sandbox/lib/python3.8/site-packages/airflow/example_dags/example_branch_operator.py
[2022-05-18 20:01:01,889] {logging_mixin.py:104} INFO - [2022-05-18 20:01:01,889] {dag.py:1832} INFO - Sync 1 DAGs
[2022-05-18 20:01:01,900] {logging_mixin.py:104} INFO - [2022-05-18 20:01:01,900] {dag.py:2305} INFO - Setting next_dagrun for example_branch_operator to 2022-05-16 00:00:00+00:00
[2022-05-18 20:01:01,920] {scheduler_job.py:190} INFO - Processing /home/airflow/sandbox/lib/python3.8/site-packages/airflow/example_dags/example_branch_operator.py took 0.065 seconds
[2022-05-18 20:01:35,146] {scheduler_job.py:182} INFO - Started process (PID=14066) to work on /home/airflow/sandbox/lib/python3.8/site-packages/airflow/example_dags/example_branch_operator.py
[2022-05-18 20:01:35,147] {scheduler_job.py:633} INFO - Processing file /home/airflow/sandbox/lib/python3.8/site-packages/airflow/example_dags/example_branch_operator.py for tasks to queue
[2022-05-18 20:01:35,148] {logging_mixin.py:104} INFO - [2022-05-18 20:01:35,148] {dagbag.py:487} INFO - Filling up the DagBag from /home/airflow/sandbox/lib/python3.8/site-packages/airflow/example_dags/example_branch_operator.py
[2022-05-18 20:01:35,161] {scheduler_job.py:643} INFO - DAG(s) dict_keys(['example_branch_operator']) retrieved from /home/airflow/sandbox/lib/python3.8/site-packages/airflow/example_dags/example_branch_operator.py
[2022-05-18 20:01:35,172] {logging_mixin.py:104} INFO - [2022-05-18 20:01:35,172] {dag.py:1832} INFO - Sync 1 DAGs
[2022-05-18 20:01:35,182] {logging_mixin.py:104} INFO - [2022-05-18 20:01:35,182] {dag.py:2305} INFO - Setting next_dagrun for example_branch_operator to 2022-05-16 00:00:00+00:00
[2022-05-18 20:01:35,196] {scheduler_job.py:190} INFO - Processing /home/airflow/sandbox/lib/python3.8/site-packages/airflow/example_dags/example_branch_operator.py took 0.054 seconds
