[2022-05-18 18:47:53,358] {scheduler_job.py:182} INFO - Started process (PID=10377) to work on /home/airflow/sandbox/lib/python3.8/site-packages/airflow/example_dags/example_xcomargs.py
[2022-05-18 18:47:53,359] {scheduler_job.py:633} INFO - Processing file /home/airflow/sandbox/lib/python3.8/site-packages/airflow/example_dags/example_xcomargs.py for tasks to queue
[2022-05-18 18:47:53,360] {logging_mixin.py:104} INFO - [2022-05-18 18:47:53,360] {dagbag.py:487} INFO - Filling up the DagBag from /home/airflow/sandbox/lib/python3.8/site-packages/airflow/example_dags/example_xcomargs.py
[2022-05-18 18:47:53,375] {scheduler_job.py:643} INFO - DAG(s) dict_keys(['example_xcom_args', 'example_xcom_args_with_operators']) retrieved from /home/airflow/sandbox/lib/python3.8/site-packages/airflow/example_dags/example_xcomargs.py
[2022-05-18 18:47:53,601] {logging_mixin.py:104} INFO - [2022-05-18 18:47:53,601] {dag.py:1832} INFO - Sync 2 DAGs
[2022-05-18 18:47:53,607] {logging_mixin.py:104} INFO - [2022-05-18 18:47:53,607] {dag.py:2305} INFO - Setting next_dagrun for example_xcom_args to None
[2022-05-18 18:47:53,608] {logging_mixin.py:104} INFO - [2022-05-18 18:47:53,607] {dag.py:2305} INFO - Setting next_dagrun for example_xcom_args_with_operators to None
[2022-05-18 18:47:53,624] {scheduler_job.py:190} INFO - Processing /home/airflow/sandbox/lib/python3.8/site-packages/airflow/example_dags/example_xcomargs.py took 0.269 seconds
[2022-05-18 18:48:27,296] {scheduler_job.py:182} INFO - Started process (PID=10588) to work on /home/airflow/sandbox/lib/python3.8/site-packages/airflow/example_dags/example_xcomargs.py
[2022-05-18 18:48:27,297] {scheduler_job.py:633} INFO - Processing file /home/airflow/sandbox/lib/python3.8/site-packages/airflow/example_dags/example_xcomargs.py for tasks to queue
[2022-05-18 18:48:27,297] {logging_mixin.py:104} INFO - [2022-05-18 18:48:27,297] {dagbag.py:487} INFO - Filling up the DagBag from /home/airflow/sandbox/lib/python3.8/site-packages/airflow/example_dags/example_xcomargs.py
[2022-05-18 18:48:27,312] {scheduler_job.py:643} INFO - DAG(s) dict_keys(['example_xcom_args', 'example_xcom_args_with_operators']) retrieved from /home/airflow/sandbox/lib/python3.8/site-packages/airflow/example_dags/example_xcomargs.py
[2022-05-18 18:48:27,505] {logging_mixin.py:104} INFO - [2022-05-18 18:48:27,505] {dag.py:1832} INFO - Sync 2 DAGs
[2022-05-18 18:48:27,510] {logging_mixin.py:104} INFO - [2022-05-18 18:48:27,510] {dag.py:2305} INFO - Setting next_dagrun for example_xcom_args to None
[2022-05-18 18:48:27,511] {logging_mixin.py:104} INFO - [2022-05-18 18:48:27,511] {dag.py:2305} INFO - Setting next_dagrun for example_xcom_args_with_operators to None
[2022-05-18 18:48:27,530] {scheduler_job.py:190} INFO - Processing /home/airflow/sandbox/lib/python3.8/site-packages/airflow/example_dags/example_xcomargs.py took 0.237 seconds
[2022-05-18 18:49:02,789] {scheduler_job.py:182} INFO - Started process (PID=10784) to work on /home/airflow/sandbox/lib/python3.8/site-packages/airflow/example_dags/example_xcomargs.py
[2022-05-18 18:49:02,790] {scheduler_job.py:633} INFO - Processing file /home/airflow/sandbox/lib/python3.8/site-packages/airflow/example_dags/example_xcomargs.py for tasks to queue
[2022-05-18 18:49:02,790] {logging_mixin.py:104} INFO - [2022-05-18 18:49:02,790] {dagbag.py:487} INFO - Filling up the DagBag from /home/airflow/sandbox/lib/python3.8/site-packages/airflow/example_dags/example_xcomargs.py
[2022-05-18 18:49:02,803] {scheduler_job.py:643} INFO - DAG(s) dict_keys(['example_xcom_args', 'example_xcom_args_with_operators']) retrieved from /home/airflow/sandbox/lib/python3.8/site-packages/airflow/example_dags/example_xcomargs.py
[2022-05-18 18:49:02,990] {logging_mixin.py:104} INFO - [2022-05-18 18:49:02,990] {dag.py:1832} INFO - Sync 2 DAGs
[2022-05-18 18:49:02,995] {logging_mixin.py:104} INFO - [2022-05-18 18:49:02,995] {dag.py:2305} INFO - Setting next_dagrun for example_xcom_args to None
[2022-05-18 18:49:02,996] {logging_mixin.py:104} INFO - [2022-05-18 18:49:02,996] {dag.py:2305} INFO - Setting next_dagrun for example_xcom_args_with_operators to None
[2022-05-18 18:49:03,010] {scheduler_job.py:190} INFO - Processing /home/airflow/sandbox/lib/python3.8/site-packages/airflow/example_dags/example_xcomargs.py took 0.223 seconds
[2022-05-18 18:49:41,230] {scheduler_job.py:182} INFO - Started process (PID=10895) to work on /home/airflow/sandbox/lib/python3.8/site-packages/airflow/example_dags/example_xcomargs.py
[2022-05-18 18:49:41,232] {scheduler_job.py:633} INFO - Processing file /home/airflow/sandbox/lib/python3.8/site-packages/airflow/example_dags/example_xcomargs.py for tasks to queue
[2022-05-18 18:49:41,233] {logging_mixin.py:104} INFO - [2022-05-18 18:49:41,232] {dagbag.py:487} INFO - Filling up the DagBag from /home/airflow/sandbox/lib/python3.8/site-packages/airflow/example_dags/example_xcomargs.py
[2022-05-18 18:49:41,249] {scheduler_job.py:643} INFO - DAG(s) dict_keys(['example_xcom_args', 'example_xcom_args_with_operators']) retrieved from /home/airflow/sandbox/lib/python3.8/site-packages/airflow/example_dags/example_xcomargs.py
[2022-05-18 18:49:41,628] {logging_mixin.py:104} INFO - [2022-05-18 18:49:41,628] {dag.py:1832} INFO - Sync 2 DAGs
[2022-05-18 18:49:41,637] {logging_mixin.py:104} INFO - [2022-05-18 18:49:41,637] {dag.py:2305} INFO - Setting next_dagrun for example_xcom_args to None
[2022-05-18 18:49:41,638] {logging_mixin.py:104} INFO - [2022-05-18 18:49:41,638] {dag.py:2305} INFO - Setting next_dagrun for example_xcom_args_with_operators to None
[2022-05-18 18:49:41,662] {scheduler_job.py:190} INFO - Processing /home/airflow/sandbox/lib/python3.8/site-packages/airflow/example_dags/example_xcomargs.py took 0.435 seconds
[2022-05-18 18:50:16,470] {scheduler_job.py:182} INFO - Started process (PID=11111) to work on /home/airflow/sandbox/lib/python3.8/site-packages/airflow/example_dags/example_xcomargs.py
[2022-05-18 18:50:16,471] {scheduler_job.py:633} INFO - Processing file /home/airflow/sandbox/lib/python3.8/site-packages/airflow/example_dags/example_xcomargs.py for tasks to queue
[2022-05-18 18:50:16,471] {logging_mixin.py:104} INFO - [2022-05-18 18:50:16,471] {dagbag.py:487} INFO - Filling up the DagBag from /home/airflow/sandbox/lib/python3.8/site-packages/airflow/example_dags/example_xcomargs.py
[2022-05-18 18:50:16,483] {scheduler_job.py:643} INFO - DAG(s) dict_keys(['example_xcom_args', 'example_xcom_args_with_operators']) retrieved from /home/airflow/sandbox/lib/python3.8/site-packages/airflow/example_dags/example_xcomargs.py
[2022-05-18 18:50:16,683] {logging_mixin.py:104} INFO - [2022-05-18 18:50:16,683] {dag.py:1832} INFO - Sync 2 DAGs
[2022-05-18 18:50:16,689] {logging_mixin.py:104} INFO - [2022-05-18 18:50:16,689] {dag.py:2305} INFO - Setting next_dagrun for example_xcom_args to None
[2022-05-18 18:50:16,689] {logging_mixin.py:104} INFO - [2022-05-18 18:50:16,689] {dag.py:2305} INFO - Setting next_dagrun for example_xcom_args_with_operators to None
[2022-05-18 18:50:16,730] {scheduler_job.py:190} INFO - Processing /home/airflow/sandbox/lib/python3.8/site-packages/airflow/example_dags/example_xcomargs.py took 0.262 seconds
[2022-05-18 18:50:53,790] {scheduler_job.py:182} INFO - Started process (PID=11245) to work on /home/airflow/sandbox/lib/python3.8/site-packages/airflow/example_dags/example_xcomargs.py
[2022-05-18 18:50:53,791] {scheduler_job.py:633} INFO - Processing file /home/airflow/sandbox/lib/python3.8/site-packages/airflow/example_dags/example_xcomargs.py for tasks to queue
[2022-05-18 18:50:53,791] {logging_mixin.py:104} INFO - [2022-05-18 18:50:53,791] {dagbag.py:487} INFO - Filling up the DagBag from /home/airflow/sandbox/lib/python3.8/site-packages/airflow/example_dags/example_xcomargs.py
[2022-05-18 18:50:53,807] {scheduler_job.py:643} INFO - DAG(s) dict_keys(['example_xcom_args', 'example_xcom_args_with_operators']) retrieved from /home/airflow/sandbox/lib/python3.8/site-packages/airflow/example_dags/example_xcomargs.py
[2022-05-18 18:50:54,046] {logging_mixin.py:104} INFO - [2022-05-18 18:50:54,046] {dag.py:1832} INFO - Sync 2 DAGs
[2022-05-18 18:50:54,054] {logging_mixin.py:104} INFO - [2022-05-18 18:50:54,054] {dag.py:2305} INFO - Setting next_dagrun for example_xcom_args to None
[2022-05-18 18:50:54,054] {logging_mixin.py:104} INFO - [2022-05-18 18:50:54,054] {dag.py:2305} INFO - Setting next_dagrun for example_xcom_args_with_operators to None
[2022-05-18 18:50:54,072] {scheduler_job.py:190} INFO - Processing /home/airflow/sandbox/lib/python3.8/site-packages/airflow/example_dags/example_xcomargs.py took 0.285 seconds
[2022-05-18 18:51:30,681] {scheduler_job.py:182} INFO - Started process (PID=11338) to work on /home/airflow/sandbox/lib/python3.8/site-packages/airflow/example_dags/example_xcomargs.py
[2022-05-18 18:51:30,682] {scheduler_job.py:633} INFO - Processing file /home/airflow/sandbox/lib/python3.8/site-packages/airflow/example_dags/example_xcomargs.py for tasks to queue
[2022-05-18 18:51:30,682] {logging_mixin.py:104} INFO - [2022-05-18 18:51:30,682] {dagbag.py:487} INFO - Filling up the DagBag from /home/airflow/sandbox/lib/python3.8/site-packages/airflow/example_dags/example_xcomargs.py
[2022-05-18 18:51:30,700] {scheduler_job.py:643} INFO - DAG(s) dict_keys(['example_xcom_args', 'example_xcom_args_with_operators']) retrieved from /home/airflow/sandbox/lib/python3.8/site-packages/airflow/example_dags/example_xcomargs.py
[2022-05-18 18:51:30,957] {logging_mixin.py:104} INFO - [2022-05-18 18:51:30,957] {dag.py:1832} INFO - Sync 2 DAGs
[2022-05-18 18:51:30,963] {logging_mixin.py:104} INFO - [2022-05-18 18:51:30,963] {dag.py:2305} INFO - Setting next_dagrun for example_xcom_args to None
[2022-05-18 18:51:30,963] {logging_mixin.py:104} INFO - [2022-05-18 18:51:30,963] {dag.py:2305} INFO - Setting next_dagrun for example_xcom_args_with_operators to None
[2022-05-18 18:51:31,001] {scheduler_job.py:190} INFO - Processing /home/airflow/sandbox/lib/python3.8/site-packages/airflow/example_dags/example_xcomargs.py took 0.323 seconds
[2022-05-18 18:52:06,235] {scheduler_job.py:182} INFO - Started process (PID=11432) to work on /home/airflow/sandbox/lib/python3.8/site-packages/airflow/example_dags/example_xcomargs.py
[2022-05-18 18:52:06,236] {scheduler_job.py:633} INFO - Processing file /home/airflow/sandbox/lib/python3.8/site-packages/airflow/example_dags/example_xcomargs.py for tasks to queue
[2022-05-18 18:52:06,237] {logging_mixin.py:104} INFO - [2022-05-18 18:52:06,237] {dagbag.py:487} INFO - Filling up the DagBag from /home/airflow/sandbox/lib/python3.8/site-packages/airflow/example_dags/example_xcomargs.py
[2022-05-18 18:52:06,254] {scheduler_job.py:643} INFO - DAG(s) dict_keys(['example_xcom_args', 'example_xcom_args_with_operators']) retrieved from /home/airflow/sandbox/lib/python3.8/site-packages/airflow/example_dags/example_xcomargs.py
[2022-05-18 18:52:06,562] {logging_mixin.py:104} INFO - [2022-05-18 18:52:06,562] {dag.py:1832} INFO - Sync 2 DAGs
[2022-05-18 18:52:06,569] {logging_mixin.py:104} INFO - [2022-05-18 18:52:06,569] {dag.py:2305} INFO - Setting next_dagrun for example_xcom_args to None
[2022-05-18 18:52:06,570] {logging_mixin.py:104} INFO - [2022-05-18 18:52:06,570] {dag.py:2305} INFO - Setting next_dagrun for example_xcom_args_with_operators to None
[2022-05-18 18:52:06,599] {scheduler_job.py:190} INFO - Processing /home/airflow/sandbox/lib/python3.8/site-packages/airflow/example_dags/example_xcomargs.py took 0.368 seconds
[2022-05-18 18:52:40,223] {scheduler_job.py:182} INFO - Started process (PID=11618) to work on /home/airflow/sandbox/lib/python3.8/site-packages/airflow/example_dags/example_xcomargs.py
[2022-05-18 18:52:40,224] {scheduler_job.py:633} INFO - Processing file /home/airflow/sandbox/lib/python3.8/site-packages/airflow/example_dags/example_xcomargs.py for tasks to queue
[2022-05-18 18:52:40,224] {logging_mixin.py:104} INFO - [2022-05-18 18:52:40,224] {dagbag.py:487} INFO - Filling up the DagBag from /home/airflow/sandbox/lib/python3.8/site-packages/airflow/example_dags/example_xcomargs.py
[2022-05-18 18:52:40,241] {scheduler_job.py:643} INFO - DAG(s) dict_keys(['example_xcom_args', 'example_xcom_args_with_operators']) retrieved from /home/airflow/sandbox/lib/python3.8/site-packages/airflow/example_dags/example_xcomargs.py
[2022-05-18 18:52:40,515] {logging_mixin.py:104} INFO - [2022-05-18 18:52:40,515] {dag.py:1832} INFO - Sync 2 DAGs
[2022-05-18 18:52:40,522] {logging_mixin.py:104} INFO - [2022-05-18 18:52:40,522] {dag.py:2305} INFO - Setting next_dagrun for example_xcom_args to None
[2022-05-18 18:52:40,523] {logging_mixin.py:104} INFO - [2022-05-18 18:52:40,523] {dag.py:2305} INFO - Setting next_dagrun for example_xcom_args_with_operators to None
[2022-05-18 18:52:40,545] {scheduler_job.py:190} INFO - Processing /home/airflow/sandbox/lib/python3.8/site-packages/airflow/example_dags/example_xcomargs.py took 0.325 seconds
[2022-05-18 18:53:15,441] {scheduler_job.py:182} INFO - Started process (PID=11769) to work on /home/airflow/sandbox/lib/python3.8/site-packages/airflow/example_dags/example_xcomargs.py
[2022-05-18 18:53:15,442] {scheduler_job.py:633} INFO - Processing file /home/airflow/sandbox/lib/python3.8/site-packages/airflow/example_dags/example_xcomargs.py for tasks to queue
[2022-05-18 18:53:15,443] {logging_mixin.py:104} INFO - [2022-05-18 18:53:15,442] {dagbag.py:487} INFO - Filling up the DagBag from /home/airflow/sandbox/lib/python3.8/site-packages/airflow/example_dags/example_xcomargs.py
[2022-05-18 18:53:15,457] {scheduler_job.py:643} INFO - DAG(s) dict_keys(['example_xcom_args', 'example_xcom_args_with_operators']) retrieved from /home/airflow/sandbox/lib/python3.8/site-packages/airflow/example_dags/example_xcomargs.py
[2022-05-18 18:53:15,725] {logging_mixin.py:104} INFO - [2022-05-18 18:53:15,724] {dag.py:1832} INFO - Sync 2 DAGs
[2022-05-18 18:53:15,737] {logging_mixin.py:104} INFO - [2022-05-18 18:53:15,737] {dag.py:2305} INFO - Setting next_dagrun for example_xcom_args to None
[2022-05-18 18:53:15,738] {logging_mixin.py:104} INFO - [2022-05-18 18:53:15,737] {dag.py:2305} INFO - Setting next_dagrun for example_xcom_args_with_operators to None
[2022-05-18 18:53:15,854] {scheduler_job.py:190} INFO - Processing /home/airflow/sandbox/lib/python3.8/site-packages/airflow/example_dags/example_xcomargs.py took 0.416 seconds
[2022-05-18 18:53:49,908] {scheduler_job.py:182} INFO - Started process (PID=11865) to work on /home/airflow/sandbox/lib/python3.8/site-packages/airflow/example_dags/example_xcomargs.py
[2022-05-18 18:53:49,910] {scheduler_job.py:633} INFO - Processing file /home/airflow/sandbox/lib/python3.8/site-packages/airflow/example_dags/example_xcomargs.py for tasks to queue
[2022-05-18 18:53:49,911] {logging_mixin.py:104} INFO - [2022-05-18 18:53:49,911] {dagbag.py:487} INFO - Filling up the DagBag from /home/airflow/sandbox/lib/python3.8/site-packages/airflow/example_dags/example_xcomargs.py
[2022-05-18 18:53:49,935] {scheduler_job.py:643} INFO - DAG(s) dict_keys(['example_xcom_args', 'example_xcom_args_with_operators']) retrieved from /home/airflow/sandbox/lib/python3.8/site-packages/airflow/example_dags/example_xcomargs.py
[2022-05-18 18:53:49,957] {logging_mixin.py:104} INFO - [2022-05-18 18:53:49,957] {dag.py:1832} INFO - Sync 2 DAGs
[2022-05-18 18:53:49,968] {logging_mixin.py:104} INFO - [2022-05-18 18:53:49,968] {dag.py:2305} INFO - Setting next_dagrun for example_xcom_args to None
[2022-05-18 18:53:49,969] {logging_mixin.py:104} INFO - [2022-05-18 18:53:49,969] {dag.py:2305} INFO - Setting next_dagrun for example_xcom_args_with_operators to None
[2022-05-18 18:53:49,984] {scheduler_job.py:190} INFO - Processing /home/airflow/sandbox/lib/python3.8/site-packages/airflow/example_dags/example_xcomargs.py took 0.082 seconds
[2022-05-18 18:54:25,690] {scheduler_job.py:182} INFO - Started process (PID=11988) to work on /home/airflow/sandbox/lib/python3.8/site-packages/airflow/example_dags/example_xcomargs.py
[2022-05-18 18:54:25,691] {scheduler_job.py:633} INFO - Processing file /home/airflow/sandbox/lib/python3.8/site-packages/airflow/example_dags/example_xcomargs.py for tasks to queue
[2022-05-18 18:54:25,692] {logging_mixin.py:104} INFO - [2022-05-18 18:54:25,692] {dagbag.py:487} INFO - Filling up the DagBag from /home/airflow/sandbox/lib/python3.8/site-packages/airflow/example_dags/example_xcomargs.py
[2022-05-18 18:54:25,720] {scheduler_job.py:643} INFO - DAG(s) dict_keys(['example_xcom_args', 'example_xcom_args_with_operators']) retrieved from /home/airflow/sandbox/lib/python3.8/site-packages/airflow/example_dags/example_xcomargs.py
[2022-05-18 18:54:25,997] {logging_mixin.py:104} INFO - [2022-05-18 18:54:25,997] {dag.py:1832} INFO - Sync 2 DAGs
[2022-05-18 18:54:26,007] {logging_mixin.py:104} INFO - [2022-05-18 18:54:26,007] {dag.py:2305} INFO - Setting next_dagrun for example_xcom_args to None
[2022-05-18 18:54:26,007] {logging_mixin.py:104} INFO - [2022-05-18 18:54:26,007] {dag.py:2305} INFO - Setting next_dagrun for example_xcom_args_with_operators to None
[2022-05-18 18:54:26,025] {scheduler_job.py:190} INFO - Processing /home/airflow/sandbox/lib/python3.8/site-packages/airflow/example_dags/example_xcomargs.py took 0.342 seconds
[2022-05-18 18:55:05,055] {scheduler_job.py:182} INFO - Started process (PID=12082) to work on /home/airflow/sandbox/lib/python3.8/site-packages/airflow/example_dags/example_xcomargs.py
[2022-05-18 18:55:05,057] {scheduler_job.py:633} INFO - Processing file /home/airflow/sandbox/lib/python3.8/site-packages/airflow/example_dags/example_xcomargs.py for tasks to queue
[2022-05-18 18:55:05,058] {logging_mixin.py:104} INFO - [2022-05-18 18:55:05,058] {dagbag.py:487} INFO - Filling up the DagBag from /home/airflow/sandbox/lib/python3.8/site-packages/airflow/example_dags/example_xcomargs.py
[2022-05-18 18:55:05,073] {scheduler_job.py:643} INFO - DAG(s) dict_keys(['example_xcom_args', 'example_xcom_args_with_operators']) retrieved from /home/airflow/sandbox/lib/python3.8/site-packages/airflow/example_dags/example_xcomargs.py
[2022-05-18 18:55:05,090] {logging_mixin.py:104} INFO - [2022-05-18 18:55:05,090] {dag.py:1832} INFO - Sync 2 DAGs
[2022-05-18 18:55:05,098] {logging_mixin.py:104} INFO - [2022-05-18 18:55:05,098] {dag.py:2305} INFO - Setting next_dagrun for example_xcom_args to None
[2022-05-18 18:55:05,099] {logging_mixin.py:104} INFO - [2022-05-18 18:55:05,099] {dag.py:2305} INFO - Setting next_dagrun for example_xcom_args_with_operators to None
[2022-05-18 18:55:05,115] {scheduler_job.py:190} INFO - Processing /home/airflow/sandbox/lib/python3.8/site-packages/airflow/example_dags/example_xcomargs.py took 0.066 seconds
[2022-05-18 18:55:38,874] {scheduler_job.py:182} INFO - Started process (PID=12175) to work on /home/airflow/sandbox/lib/python3.8/site-packages/airflow/example_dags/example_xcomargs.py
[2022-05-18 18:55:38,875] {scheduler_job.py:633} INFO - Processing file /home/airflow/sandbox/lib/python3.8/site-packages/airflow/example_dags/example_xcomargs.py for tasks to queue
[2022-05-18 18:55:38,876] {logging_mixin.py:104} INFO - [2022-05-18 18:55:38,875] {dagbag.py:487} INFO - Filling up the DagBag from /home/airflow/sandbox/lib/python3.8/site-packages/airflow/example_dags/example_xcomargs.py
[2022-05-18 18:55:38,893] {scheduler_job.py:643} INFO - DAG(s) dict_keys(['example_xcom_args', 'example_xcom_args_with_operators']) retrieved from /home/airflow/sandbox/lib/python3.8/site-packages/airflow/example_dags/example_xcomargs.py
[2022-05-18 18:55:39,126] {logging_mixin.py:104} INFO - [2022-05-18 18:55:39,126] {dag.py:1832} INFO - Sync 2 DAGs
[2022-05-18 18:55:39,132] {logging_mixin.py:104} INFO - [2022-05-18 18:55:39,132] {dag.py:2305} INFO - Setting next_dagrun for example_xcom_args to None
[2022-05-18 18:55:39,133] {logging_mixin.py:104} INFO - [2022-05-18 18:55:39,133] {dag.py:2305} INFO - Setting next_dagrun for example_xcom_args_with_operators to None
[2022-05-18 18:55:39,151] {scheduler_job.py:190} INFO - Processing /home/airflow/sandbox/lib/python3.8/site-packages/airflow/example_dags/example_xcomargs.py took 0.282 seconds
[2022-05-18 19:57:22,214] {scheduler_job.py:182} INFO - Started process (PID=13671) to work on /home/airflow/sandbox/lib/python3.8/site-packages/airflow/example_dags/example_xcomargs.py
[2022-05-18 19:57:22,215] {scheduler_job.py:633} INFO - Processing file /home/airflow/sandbox/lib/python3.8/site-packages/airflow/example_dags/example_xcomargs.py for tasks to queue
[2022-05-18 19:57:22,216] {logging_mixin.py:104} INFO - [2022-05-18 19:57:22,216] {dagbag.py:487} INFO - Filling up the DagBag from /home/airflow/sandbox/lib/python3.8/site-packages/airflow/example_dags/example_xcomargs.py
[2022-05-18 19:57:22,237] {scheduler_job.py:643} INFO - DAG(s) dict_keys(['example_xcom_args', 'example_xcom_args_with_operators']) retrieved from /home/airflow/sandbox/lib/python3.8/site-packages/airflow/example_dags/example_xcomargs.py
[2022-05-18 19:57:22,472] {logging_mixin.py:104} INFO - [2022-05-18 19:57:22,472] {dag.py:1832} INFO - Sync 2 DAGs
[2022-05-18 19:57:22,482] {logging_mixin.py:104} INFO - [2022-05-18 19:57:22,482] {dag.py:2305} INFO - Setting next_dagrun for example_xcom_args to None
[2022-05-18 19:57:22,482] {logging_mixin.py:104} INFO - [2022-05-18 19:57:22,482] {dag.py:2305} INFO - Setting next_dagrun for example_xcom_args_with_operators to None
[2022-05-18 19:57:22,501] {scheduler_job.py:190} INFO - Processing /home/airflow/sandbox/lib/python3.8/site-packages/airflow/example_dags/example_xcomargs.py took 0.292 seconds
[2022-05-18 19:57:55,188] {scheduler_job.py:182} INFO - Started process (PID=13703) to work on /home/airflow/sandbox/lib/python3.8/site-packages/airflow/example_dags/example_xcomargs.py
[2022-05-18 19:57:55,190] {scheduler_job.py:633} INFO - Processing file /home/airflow/sandbox/lib/python3.8/site-packages/airflow/example_dags/example_xcomargs.py for tasks to queue
[2022-05-18 19:57:55,191] {logging_mixin.py:104} INFO - [2022-05-18 19:57:55,191] {dagbag.py:487} INFO - Filling up the DagBag from /home/airflow/sandbox/lib/python3.8/site-packages/airflow/example_dags/example_xcomargs.py
[2022-05-18 19:57:55,207] {scheduler_job.py:643} INFO - DAG(s) dict_keys(['example_xcom_args', 'example_xcom_args_with_operators']) retrieved from /home/airflow/sandbox/lib/python3.8/site-packages/airflow/example_dags/example_xcomargs.py
[2022-05-18 19:57:55,418] {logging_mixin.py:104} INFO - [2022-05-18 19:57:55,418] {dag.py:1832} INFO - Sync 2 DAGs
[2022-05-18 19:57:55,426] {logging_mixin.py:104} INFO - [2022-05-18 19:57:55,426] {dag.py:2305} INFO - Setting next_dagrun for example_xcom_args to None
[2022-05-18 19:57:55,427] {logging_mixin.py:104} INFO - [2022-05-18 19:57:55,427] {dag.py:2305} INFO - Setting next_dagrun for example_xcom_args_with_operators to None
[2022-05-18 19:57:55,445] {scheduler_job.py:190} INFO - Processing /home/airflow/sandbox/lib/python3.8/site-packages/airflow/example_dags/example_xcomargs.py took 0.261 seconds
[2022-05-18 19:59:02,440] {scheduler_job.py:182} INFO - Started process (PID=13885) to work on /home/airflow/sandbox/lib/python3.8/site-packages/airflow/example_dags/example_xcomargs.py
[2022-05-18 19:59:02,442] {scheduler_job.py:633} INFO - Processing file /home/airflow/sandbox/lib/python3.8/site-packages/airflow/example_dags/example_xcomargs.py for tasks to queue
[2022-05-18 19:59:02,443] {logging_mixin.py:104} INFO - [2022-05-18 19:59:02,443] {dagbag.py:487} INFO - Filling up the DagBag from /home/airflow/sandbox/lib/python3.8/site-packages/airflow/example_dags/example_xcomargs.py
[2022-05-18 19:59:02,459] {scheduler_job.py:643} INFO - DAG(s) dict_keys(['example_xcom_args', 'example_xcom_args_with_operators']) retrieved from /home/airflow/sandbox/lib/python3.8/site-packages/airflow/example_dags/example_xcomargs.py
[2022-05-18 19:59:02,688] {logging_mixin.py:104} INFO - [2022-05-18 19:59:02,688] {dag.py:1832} INFO - Sync 2 DAGs
[2022-05-18 19:59:02,695] {logging_mixin.py:104} INFO - [2022-05-18 19:59:02,695] {dag.py:2305} INFO - Setting next_dagrun for example_xcom_args to None
[2022-05-18 19:59:02,695] {logging_mixin.py:104} INFO - [2022-05-18 19:59:02,695] {dag.py:2305} INFO - Setting next_dagrun for example_xcom_args_with_operators to None
[2022-05-18 19:59:02,715] {scheduler_job.py:190} INFO - Processing /home/airflow/sandbox/lib/python3.8/site-packages/airflow/example_dags/example_xcomargs.py took 0.281 seconds
[2022-05-18 19:59:35,474] {scheduler_job.py:182} INFO - Started process (PID=13917) to work on /home/airflow/sandbox/lib/python3.8/site-packages/airflow/example_dags/example_xcomargs.py
[2022-05-18 19:59:35,477] {scheduler_job.py:633} INFO - Processing file /home/airflow/sandbox/lib/python3.8/site-packages/airflow/example_dags/example_xcomargs.py for tasks to queue
[2022-05-18 19:59:35,478] {logging_mixin.py:104} INFO - [2022-05-18 19:59:35,478] {dagbag.py:487} INFO - Filling up the DagBag from /home/airflow/sandbox/lib/python3.8/site-packages/airflow/example_dags/example_xcomargs.py
[2022-05-18 19:59:35,494] {scheduler_job.py:643} INFO - DAG(s) dict_keys(['example_xcom_args', 'example_xcom_args_with_operators']) retrieved from /home/airflow/sandbox/lib/python3.8/site-packages/airflow/example_dags/example_xcomargs.py
[2022-05-18 19:59:35,731] {logging_mixin.py:104} INFO - [2022-05-18 19:59:35,731] {dag.py:1832} INFO - Sync 2 DAGs
[2022-05-18 19:59:35,737] {logging_mixin.py:104} INFO - [2022-05-18 19:59:35,737] {dag.py:2305} INFO - Setting next_dagrun for example_xcom_args to None
[2022-05-18 19:59:35,737] {logging_mixin.py:104} INFO - [2022-05-18 19:59:35,737] {dag.py:2305} INFO - Setting next_dagrun for example_xcom_args_with_operators to None
[2022-05-18 19:59:35,783] {scheduler_job.py:190} INFO - Processing /home/airflow/sandbox/lib/python3.8/site-packages/airflow/example_dags/example_xcomargs.py took 0.313 seconds
[2022-05-18 20:00:10,756] {scheduler_job.py:182} INFO - Started process (PID=13949) to work on /home/airflow/sandbox/lib/python3.8/site-packages/airflow/example_dags/example_xcomargs.py
[2022-05-18 20:00:10,758] {scheduler_job.py:633} INFO - Processing file /home/airflow/sandbox/lib/python3.8/site-packages/airflow/example_dags/example_xcomargs.py for tasks to queue
[2022-05-18 20:00:10,759] {logging_mixin.py:104} INFO - [2022-05-18 20:00:10,759] {dagbag.py:487} INFO - Filling up the DagBag from /home/airflow/sandbox/lib/python3.8/site-packages/airflow/example_dags/example_xcomargs.py
[2022-05-18 20:00:10,789] {scheduler_job.py:643} INFO - DAG(s) dict_keys(['example_xcom_args', 'example_xcom_args_with_operators']) retrieved from /home/airflow/sandbox/lib/python3.8/site-packages/airflow/example_dags/example_xcomargs.py
[2022-05-18 20:00:11,057] {logging_mixin.py:104} INFO - [2022-05-18 20:00:11,057] {dag.py:1832} INFO - Sync 2 DAGs
[2022-05-18 20:00:11,068] {logging_mixin.py:104} INFO - [2022-05-18 20:00:11,068] {dag.py:2305} INFO - Setting next_dagrun for example_xcom_args to None
[2022-05-18 20:00:11,068] {logging_mixin.py:104} INFO - [2022-05-18 20:00:11,068] {dag.py:2305} INFO - Setting next_dagrun for example_xcom_args_with_operators to None
[2022-05-18 20:00:11,089] {scheduler_job.py:190} INFO - Processing /home/airflow/sandbox/lib/python3.8/site-packages/airflow/example_dags/example_xcomargs.py took 0.340 seconds
[2022-05-18 20:00:46,842] {scheduler_job.py:182} INFO - Started process (PID=13981) to work on /home/airflow/sandbox/lib/python3.8/site-packages/airflow/example_dags/example_xcomargs.py
[2022-05-18 20:00:46,844] {scheduler_job.py:633} INFO - Processing file /home/airflow/sandbox/lib/python3.8/site-packages/airflow/example_dags/example_xcomargs.py for tasks to queue
[2022-05-18 20:00:46,845] {logging_mixin.py:104} INFO - [2022-05-18 20:00:46,844] {dagbag.py:487} INFO - Filling up the DagBag from /home/airflow/sandbox/lib/python3.8/site-packages/airflow/example_dags/example_xcomargs.py
[2022-05-18 20:00:46,873] {scheduler_job.py:643} INFO - DAG(s) dict_keys(['example_xcom_args', 'example_xcom_args_with_operators']) retrieved from /home/airflow/sandbox/lib/python3.8/site-packages/airflow/example_dags/example_xcomargs.py
[2022-05-18 20:00:47,153] {logging_mixin.py:104} INFO - [2022-05-18 20:00:47,153] {dag.py:1832} INFO - Sync 2 DAGs
[2022-05-18 20:00:47,160] {logging_mixin.py:104} INFO - [2022-05-18 20:00:47,160] {dag.py:2305} INFO - Setting next_dagrun for example_xcom_args to None
[2022-05-18 20:00:47,160] {logging_mixin.py:104} INFO - [2022-05-18 20:00:47,160] {dag.py:2305} INFO - Setting next_dagrun for example_xcom_args_with_operators to None
[2022-05-18 20:00:47,201] {scheduler_job.py:190} INFO - Processing /home/airflow/sandbox/lib/python3.8/site-packages/airflow/example_dags/example_xcomargs.py took 0.363 seconds
[2022-05-18 20:01:20,653] {scheduler_job.py:182} INFO - Started process (PID=14013) to work on /home/airflow/sandbox/lib/python3.8/site-packages/airflow/example_dags/example_xcomargs.py
[2022-05-18 20:01:20,655] {scheduler_job.py:633} INFO - Processing file /home/airflow/sandbox/lib/python3.8/site-packages/airflow/example_dags/example_xcomargs.py for tasks to queue
[2022-05-18 20:01:20,656] {logging_mixin.py:104} INFO - [2022-05-18 20:01:20,656] {dagbag.py:487} INFO - Filling up the DagBag from /home/airflow/sandbox/lib/python3.8/site-packages/airflow/example_dags/example_xcomargs.py
[2022-05-18 20:01:20,672] {scheduler_job.py:643} INFO - DAG(s) dict_keys(['example_xcom_args', 'example_xcom_args_with_operators']) retrieved from /home/airflow/sandbox/lib/python3.8/site-packages/airflow/example_dags/example_xcomargs.py
[2022-05-18 20:01:20,912] {logging_mixin.py:104} INFO - [2022-05-18 20:01:20,912] {dag.py:1832} INFO - Sync 2 DAGs
[2022-05-18 20:01:20,923] {logging_mixin.py:104} INFO - [2022-05-18 20:01:20,923] {dag.py:2305} INFO - Setting next_dagrun for example_xcom_args to None
[2022-05-18 20:01:20,924] {logging_mixin.py:104} INFO - [2022-05-18 20:01:20,924] {dag.py:2305} INFO - Setting next_dagrun for example_xcom_args_with_operators to None
[2022-05-18 20:01:20,945] {scheduler_job.py:190} INFO - Processing /home/airflow/sandbox/lib/python3.8/site-packages/airflow/example_dags/example_xcomargs.py took 0.297 seconds
