[2022-05-18 18:48:03,064] {scheduler_job.py:182} INFO - Started process (PID=10423) to work on /home/airflow/sandbox/lib/python3.8/site-packages/airflow/example_dags/example_skip_dag.py
[2022-05-18 18:48:03,066] {scheduler_job.py:633} INFO - Processing file /home/airflow/sandbox/lib/python3.8/site-packages/airflow/example_dags/example_skip_dag.py for tasks to queue
[2022-05-18 18:48:03,066] {logging_mixin.py:104} INFO - [2022-05-18 18:48:03,066] {dagbag.py:487} INFO - Filling up the DagBag from /home/airflow/sandbox/lib/python3.8/site-packages/airflow/example_dags/example_skip_dag.py
[2022-05-18 18:48:03,078] {scheduler_job.py:643} INFO - DAG(s) dict_keys(['example_skip_dag']) retrieved from /home/airflow/sandbox/lib/python3.8/site-packages/airflow/example_dags/example_skip_dag.py
[2022-05-18 18:48:03,089] {logging_mixin.py:104} INFO - [2022-05-18 18:48:03,089] {dag.py:1832} INFO - Sync 1 DAGs
[2022-05-18 18:48:03,096] {logging_mixin.py:104} INFO - [2022-05-18 18:48:03,096] {dag.py:2305} INFO - Setting next_dagrun for example_skip_dag to 2022-05-16 00:00:00+00:00
[2022-05-18 18:48:03,112] {scheduler_job.py:190} INFO - Processing /home/airflow/sandbox/lib/python3.8/site-packages/airflow/example_dags/example_skip_dag.py took 0.052 seconds
[2022-05-18 18:48:38,133] {scheduler_job.py:182} INFO - Started process (PID=10628) to work on /home/airflow/sandbox/lib/python3.8/site-packages/airflow/example_dags/example_skip_dag.py
[2022-05-18 18:48:38,134] {scheduler_job.py:633} INFO - Processing file /home/airflow/sandbox/lib/python3.8/site-packages/airflow/example_dags/example_skip_dag.py for tasks to queue
[2022-05-18 18:48:38,134] {logging_mixin.py:104} INFO - [2022-05-18 18:48:38,134] {dagbag.py:487} INFO - Filling up the DagBag from /home/airflow/sandbox/lib/python3.8/site-packages/airflow/example_dags/example_skip_dag.py
[2022-05-18 18:48:38,146] {scheduler_job.py:643} INFO - DAG(s) dict_keys(['example_skip_dag']) retrieved from /home/airflow/sandbox/lib/python3.8/site-packages/airflow/example_dags/example_skip_dag.py
[2022-05-18 18:48:38,160] {logging_mixin.py:104} INFO - [2022-05-18 18:48:38,159] {dag.py:1832} INFO - Sync 1 DAGs
[2022-05-18 18:48:38,168] {logging_mixin.py:104} INFO - [2022-05-18 18:48:38,168] {dag.py:2305} INFO - Setting next_dagrun for example_skip_dag to 2022-05-16 00:00:00+00:00
[2022-05-18 18:48:38,229] {scheduler_job.py:190} INFO - Processing /home/airflow/sandbox/lib/python3.8/site-packages/airflow/example_dags/example_skip_dag.py took 0.099 seconds
[2022-05-18 18:49:14,552] {scheduler_job.py:182} INFO - Started process (PID=10840) to work on /home/airflow/sandbox/lib/python3.8/site-packages/airflow/example_dags/example_skip_dag.py
[2022-05-18 18:49:14,558] {scheduler_job.py:633} INFO - Processing file /home/airflow/sandbox/lib/python3.8/site-packages/airflow/example_dags/example_skip_dag.py for tasks to queue
[2022-05-18 18:49:14,563] {logging_mixin.py:104} INFO - [2022-05-18 18:49:14,562] {dagbag.py:487} INFO - Filling up the DagBag from /home/airflow/sandbox/lib/python3.8/site-packages/airflow/example_dags/example_skip_dag.py
[2022-05-18 18:49:14,598] {scheduler_job.py:643} INFO - DAG(s) dict_keys(['example_skip_dag']) retrieved from /home/airflow/sandbox/lib/python3.8/site-packages/airflow/example_dags/example_skip_dag.py
[2022-05-18 18:49:14,625] {logging_mixin.py:104} INFO - [2022-05-18 18:49:14,625] {dag.py:1832} INFO - Sync 1 DAGs
[2022-05-18 18:49:14,636] {logging_mixin.py:104} INFO - [2022-05-18 18:49:14,636] {dag.py:2305} INFO - Setting next_dagrun for example_skip_dag to 2022-05-16 00:00:00+00:00
[2022-05-18 18:49:14,664] {scheduler_job.py:190} INFO - Processing /home/airflow/sandbox/lib/python3.8/site-packages/airflow/example_dags/example_skip_dag.py took 0.126 seconds
[2022-05-18 18:49:52,983] {scheduler_job.py:182} INFO - Started process (PID=10979) to work on /home/airflow/sandbox/lib/python3.8/site-packages/airflow/example_dags/example_skip_dag.py
[2022-05-18 18:49:52,984] {scheduler_job.py:633} INFO - Processing file /home/airflow/sandbox/lib/python3.8/site-packages/airflow/example_dags/example_skip_dag.py for tasks to queue
[2022-05-18 18:49:52,984] {logging_mixin.py:104} INFO - [2022-05-18 18:49:52,984] {dagbag.py:487} INFO - Filling up the DagBag from /home/airflow/sandbox/lib/python3.8/site-packages/airflow/example_dags/example_skip_dag.py
[2022-05-18 18:49:52,994] {scheduler_job.py:643} INFO - DAG(s) dict_keys(['example_skip_dag']) retrieved from /home/airflow/sandbox/lib/python3.8/site-packages/airflow/example_dags/example_skip_dag.py
[2022-05-18 18:49:53,004] {logging_mixin.py:104} INFO - [2022-05-18 18:49:53,004] {dag.py:1832} INFO - Sync 1 DAGs
[2022-05-18 18:49:53,012] {logging_mixin.py:104} INFO - [2022-05-18 18:49:53,012] {dag.py:2305} INFO - Setting next_dagrun for example_skip_dag to 2022-05-16 00:00:00+00:00
[2022-05-18 18:49:53,026] {scheduler_job.py:190} INFO - Processing /home/airflow/sandbox/lib/python3.8/site-packages/airflow/example_dags/example_skip_dag.py took 0.045 seconds
[2022-05-18 18:50:26,881] {scheduler_job.py:182} INFO - Started process (PID=11161) to work on /home/airflow/sandbox/lib/python3.8/site-packages/airflow/example_dags/example_skip_dag.py
[2022-05-18 18:50:26,882] {scheduler_job.py:633} INFO - Processing file /home/airflow/sandbox/lib/python3.8/site-packages/airflow/example_dags/example_skip_dag.py for tasks to queue
[2022-05-18 18:50:26,882] {logging_mixin.py:104} INFO - [2022-05-18 18:50:26,882] {dagbag.py:487} INFO - Filling up the DagBag from /home/airflow/sandbox/lib/python3.8/site-packages/airflow/example_dags/example_skip_dag.py
[2022-05-18 18:50:26,889] {scheduler_job.py:643} INFO - DAG(s) dict_keys(['example_skip_dag']) retrieved from /home/airflow/sandbox/lib/python3.8/site-packages/airflow/example_dags/example_skip_dag.py
[2022-05-18 18:50:26,900] {logging_mixin.py:104} INFO - [2022-05-18 18:50:26,900] {dag.py:1832} INFO - Sync 1 DAGs
[2022-05-18 18:50:26,908] {logging_mixin.py:104} INFO - [2022-05-18 18:50:26,908] {dag.py:2305} INFO - Setting next_dagrun for example_skip_dag to 2022-05-16 00:00:00+00:00
[2022-05-18 18:50:26,922] {scheduler_job.py:190} INFO - Processing /home/airflow/sandbox/lib/python3.8/site-packages/airflow/example_dags/example_skip_dag.py took 0.043 seconds
[2022-05-18 18:51:03,798] {scheduler_job.py:182} INFO - Started process (PID=11254) to work on /home/airflow/sandbox/lib/python3.8/site-packages/airflow/example_dags/example_skip_dag.py
[2022-05-18 18:51:03,799] {scheduler_job.py:633} INFO - Processing file /home/airflow/sandbox/lib/python3.8/site-packages/airflow/example_dags/example_skip_dag.py for tasks to queue
[2022-05-18 18:51:03,799] {logging_mixin.py:104} INFO - [2022-05-18 18:51:03,799] {dagbag.py:487} INFO - Filling up the DagBag from /home/airflow/sandbox/lib/python3.8/site-packages/airflow/example_dags/example_skip_dag.py
[2022-05-18 18:51:03,809] {scheduler_job.py:643} INFO - DAG(s) dict_keys(['example_skip_dag']) retrieved from /home/airflow/sandbox/lib/python3.8/site-packages/airflow/example_dags/example_skip_dag.py
[2022-05-18 18:51:03,820] {logging_mixin.py:104} INFO - [2022-05-18 18:51:03,820] {dag.py:1832} INFO - Sync 1 DAGs
[2022-05-18 18:51:03,830] {logging_mixin.py:104} INFO - [2022-05-18 18:51:03,830] {dag.py:2305} INFO - Setting next_dagrun for example_skip_dag to 2022-05-16 00:00:00+00:00
[2022-05-18 18:51:03,846] {scheduler_job.py:190} INFO - Processing /home/airflow/sandbox/lib/python3.8/site-packages/airflow/example_dags/example_skip_dag.py took 0.052 seconds
[2022-05-18 18:51:41,653] {scheduler_job.py:182} INFO - Started process (PID=11349) to work on /home/airflow/sandbox/lib/python3.8/site-packages/airflow/example_dags/example_skip_dag.py
[2022-05-18 18:51:41,654] {scheduler_job.py:633} INFO - Processing file /home/airflow/sandbox/lib/python3.8/site-packages/airflow/example_dags/example_skip_dag.py for tasks to queue
[2022-05-18 18:51:41,655] {logging_mixin.py:104} INFO - [2022-05-18 18:51:41,655] {dagbag.py:487} INFO - Filling up the DagBag from /home/airflow/sandbox/lib/python3.8/site-packages/airflow/example_dags/example_skip_dag.py
[2022-05-18 18:51:41,667] {scheduler_job.py:643} INFO - DAG(s) dict_keys(['example_skip_dag']) retrieved from /home/airflow/sandbox/lib/python3.8/site-packages/airflow/example_dags/example_skip_dag.py
[2022-05-18 18:51:41,682] {logging_mixin.py:104} INFO - [2022-05-18 18:51:41,682] {dag.py:1832} INFO - Sync 1 DAGs
[2022-05-18 18:51:41,691] {logging_mixin.py:104} INFO - [2022-05-18 18:51:41,691] {dag.py:2305} INFO - Setting next_dagrun for example_skip_dag to 2022-05-16 00:00:00+00:00
[2022-05-18 18:51:41,721] {scheduler_job.py:190} INFO - Processing /home/airflow/sandbox/lib/python3.8/site-packages/airflow/example_dags/example_skip_dag.py took 0.071 seconds
[2022-05-18 18:52:18,023] {scheduler_job.py:182} INFO - Started process (PID=11506) to work on /home/airflow/sandbox/lib/python3.8/site-packages/airflow/example_dags/example_skip_dag.py
[2022-05-18 18:52:18,024] {scheduler_job.py:633} INFO - Processing file /home/airflow/sandbox/lib/python3.8/site-packages/airflow/example_dags/example_skip_dag.py for tasks to queue
[2022-05-18 18:52:18,025] {logging_mixin.py:104} INFO - [2022-05-18 18:52:18,025] {dagbag.py:487} INFO - Filling up the DagBag from /home/airflow/sandbox/lib/python3.8/site-packages/airflow/example_dags/example_skip_dag.py
[2022-05-18 18:52:18,035] {scheduler_job.py:643} INFO - DAG(s) dict_keys(['example_skip_dag']) retrieved from /home/airflow/sandbox/lib/python3.8/site-packages/airflow/example_dags/example_skip_dag.py
[2022-05-18 18:52:18,047] {logging_mixin.py:104} INFO - [2022-05-18 18:52:18,047] {dag.py:1832} INFO - Sync 1 DAGs
[2022-05-18 18:52:18,057] {logging_mixin.py:104} INFO - [2022-05-18 18:52:18,057] {dag.py:2305} INFO - Setting next_dagrun for example_skip_dag to 2022-05-16 00:00:00+00:00
[2022-05-18 18:52:18,071] {scheduler_job.py:190} INFO - Processing /home/airflow/sandbox/lib/python3.8/site-packages/airflow/example_dags/example_skip_dag.py took 0.052 seconds
[2022-05-18 18:52:52,066] {scheduler_job.py:182} INFO - Started process (PID=11712) to work on /home/airflow/sandbox/lib/python3.8/site-packages/airflow/example_dags/example_skip_dag.py
[2022-05-18 18:52:52,067] {scheduler_job.py:633} INFO - Processing file /home/airflow/sandbox/lib/python3.8/site-packages/airflow/example_dags/example_skip_dag.py for tasks to queue
[2022-05-18 18:52:52,068] {logging_mixin.py:104} INFO - [2022-05-18 18:52:52,068] {dagbag.py:487} INFO - Filling up the DagBag from /home/airflow/sandbox/lib/python3.8/site-packages/airflow/example_dags/example_skip_dag.py
[2022-05-18 18:52:52,078] {scheduler_job.py:643} INFO - DAG(s) dict_keys(['example_skip_dag']) retrieved from /home/airflow/sandbox/lib/python3.8/site-packages/airflow/example_dags/example_skip_dag.py
[2022-05-18 18:52:52,097] {logging_mixin.py:104} INFO - [2022-05-18 18:52:52,097] {dag.py:1832} INFO - Sync 1 DAGs
[2022-05-18 18:52:52,109] {logging_mixin.py:104} INFO - [2022-05-18 18:52:52,109] {dag.py:2305} INFO - Setting next_dagrun for example_skip_dag to 2022-05-16 00:00:00+00:00
[2022-05-18 18:52:52,125] {scheduler_job.py:190} INFO - Processing /home/airflow/sandbox/lib/python3.8/site-packages/airflow/example_dags/example_skip_dag.py took 0.064 seconds
[2022-05-18 18:53:25,364] {scheduler_job.py:182} INFO - Started process (PID=11808) to work on /home/airflow/sandbox/lib/python3.8/site-packages/airflow/example_dags/example_skip_dag.py
[2022-05-18 18:53:25,366] {scheduler_job.py:633} INFO - Processing file /home/airflow/sandbox/lib/python3.8/site-packages/airflow/example_dags/example_skip_dag.py for tasks to queue
[2022-05-18 18:53:25,367] {logging_mixin.py:104} INFO - [2022-05-18 18:53:25,367] {dagbag.py:487} INFO - Filling up the DagBag from /home/airflow/sandbox/lib/python3.8/site-packages/airflow/example_dags/example_skip_dag.py
[2022-05-18 18:53:25,381] {scheduler_job.py:643} INFO - DAG(s) dict_keys(['example_skip_dag']) retrieved from /home/airflow/sandbox/lib/python3.8/site-packages/airflow/example_dags/example_skip_dag.py
[2022-05-18 18:53:25,397] {logging_mixin.py:104} INFO - [2022-05-18 18:53:25,397] {dag.py:1832} INFO - Sync 1 DAGs
[2022-05-18 18:53:25,407] {logging_mixin.py:104} INFO - [2022-05-18 18:53:25,407] {dag.py:2305} INFO - Setting next_dagrun for example_skip_dag to 2022-05-16 00:00:00+00:00
[2022-05-18 18:53:25,422] {scheduler_job.py:190} INFO - Processing /home/airflow/sandbox/lib/python3.8/site-packages/airflow/example_dags/example_skip_dag.py took 0.063 seconds
[2022-05-18 18:53:59,086] {scheduler_job.py:182} INFO - Started process (PID=11904) to work on /home/airflow/sandbox/lib/python3.8/site-packages/airflow/example_dags/example_skip_dag.py
[2022-05-18 18:53:59,088] {scheduler_job.py:633} INFO - Processing file /home/airflow/sandbox/lib/python3.8/site-packages/airflow/example_dags/example_skip_dag.py for tasks to queue
[2022-05-18 18:53:59,088] {logging_mixin.py:104} INFO - [2022-05-18 18:53:59,088] {dagbag.py:487} INFO - Filling up the DagBag from /home/airflow/sandbox/lib/python3.8/site-packages/airflow/example_dags/example_skip_dag.py
[2022-05-18 18:53:59,101] {scheduler_job.py:643} INFO - DAG(s) dict_keys(['example_skip_dag']) retrieved from /home/airflow/sandbox/lib/python3.8/site-packages/airflow/example_dags/example_skip_dag.py
[2022-05-18 18:53:59,114] {logging_mixin.py:104} INFO - [2022-05-18 18:53:59,114] {dag.py:1832} INFO - Sync 1 DAGs
[2022-05-18 18:53:59,124] {logging_mixin.py:104} INFO - [2022-05-18 18:53:59,124] {dag.py:2305} INFO - Setting next_dagrun for example_skip_dag to 2022-05-16 00:00:00+00:00
[2022-05-18 18:53:59,139] {scheduler_job.py:190} INFO - Processing /home/airflow/sandbox/lib/python3.8/site-packages/airflow/example_dags/example_skip_dag.py took 0.059 seconds
[2022-05-18 18:54:40,236] {scheduler_job.py:182} INFO - Started process (PID=11998) to work on /home/airflow/sandbox/lib/python3.8/site-packages/airflow/example_dags/example_skip_dag.py
[2022-05-18 18:54:40,237] {scheduler_job.py:633} INFO - Processing file /home/airflow/sandbox/lib/python3.8/site-packages/airflow/example_dags/example_skip_dag.py for tasks to queue
[2022-05-18 18:54:40,237] {logging_mixin.py:104} INFO - [2022-05-18 18:54:40,237] {dagbag.py:487} INFO - Filling up the DagBag from /home/airflow/sandbox/lib/python3.8/site-packages/airflow/example_dags/example_skip_dag.py
[2022-05-18 18:54:40,251] {scheduler_job.py:643} INFO - DAG(s) dict_keys(['example_skip_dag']) retrieved from /home/airflow/sandbox/lib/python3.8/site-packages/airflow/example_dags/example_skip_dag.py
[2022-05-18 18:54:40,266] {logging_mixin.py:104} INFO - [2022-05-18 18:54:40,266] {dag.py:1832} INFO - Sync 1 DAGs
[2022-05-18 18:54:40,280] {logging_mixin.py:104} INFO - [2022-05-18 18:54:40,279] {dag.py:2305} INFO - Setting next_dagrun for example_skip_dag to 2022-05-16 00:00:00+00:00
[2022-05-18 18:54:40,299] {scheduler_job.py:190} INFO - Processing /home/airflow/sandbox/lib/python3.8/site-packages/airflow/example_dags/example_skip_dag.py took 0.065 seconds
[2022-05-18 18:55:14,398] {scheduler_job.py:182} INFO - Started process (PID=12091) to work on /home/airflow/sandbox/lib/python3.8/site-packages/airflow/example_dags/example_skip_dag.py
[2022-05-18 18:55:14,399] {scheduler_job.py:633} INFO - Processing file /home/airflow/sandbox/lib/python3.8/site-packages/airflow/example_dags/example_skip_dag.py for tasks to queue
[2022-05-18 18:55:14,400] {logging_mixin.py:104} INFO - [2022-05-18 18:55:14,400] {dagbag.py:487} INFO - Filling up the DagBag from /home/airflow/sandbox/lib/python3.8/site-packages/airflow/example_dags/example_skip_dag.py
[2022-05-18 18:55:14,407] {scheduler_job.py:643} INFO - DAG(s) dict_keys(['example_skip_dag']) retrieved from /home/airflow/sandbox/lib/python3.8/site-packages/airflow/example_dags/example_skip_dag.py
[2022-05-18 18:55:14,420] {logging_mixin.py:104} INFO - [2022-05-18 18:55:14,420] {dag.py:1832} INFO - Sync 1 DAGs
[2022-05-18 18:55:14,430] {logging_mixin.py:104} INFO - [2022-05-18 18:55:14,430] {dag.py:2305} INFO - Setting next_dagrun for example_skip_dag to 2022-05-16 00:00:00+00:00
[2022-05-18 18:55:14,446] {scheduler_job.py:190} INFO - Processing /home/airflow/sandbox/lib/python3.8/site-packages/airflow/example_dags/example_skip_dag.py took 0.051 seconds
[2022-05-18 18:55:48,308] {scheduler_job.py:182} INFO - Started process (PID=12219) to work on /home/airflow/sandbox/lib/python3.8/site-packages/airflow/example_dags/example_skip_dag.py
[2022-05-18 18:55:48,309] {scheduler_job.py:633} INFO - Processing file /home/airflow/sandbox/lib/python3.8/site-packages/airflow/example_dags/example_skip_dag.py for tasks to queue
[2022-05-18 18:55:48,309] {logging_mixin.py:104} INFO - [2022-05-18 18:55:48,309] {dagbag.py:487} INFO - Filling up the DagBag from /home/airflow/sandbox/lib/python3.8/site-packages/airflow/example_dags/example_skip_dag.py
[2022-05-18 18:55:48,322] {scheduler_job.py:643} INFO - DAG(s) dict_keys(['example_skip_dag']) retrieved from /home/airflow/sandbox/lib/python3.8/site-packages/airflow/example_dags/example_skip_dag.py
[2022-05-18 18:55:48,339] {logging_mixin.py:104} INFO - [2022-05-18 18:55:48,338] {dag.py:1832} INFO - Sync 1 DAGs
[2022-05-18 18:55:48,351] {logging_mixin.py:104} INFO - [2022-05-18 18:55:48,351] {dag.py:2305} INFO - Setting next_dagrun for example_skip_dag to 2022-05-16 00:00:00+00:00
[2022-05-18 18:55:48,834] {scheduler_job.py:190} INFO - Processing /home/airflow/sandbox/lib/python3.8/site-packages/airflow/example_dags/example_skip_dag.py took 0.529 seconds
[2022-05-18 19:57:31,591] {scheduler_job.py:182} INFO - Started process (PID=13680) to work on /home/airflow/sandbox/lib/python3.8/site-packages/airflow/example_dags/example_skip_dag.py
[2022-05-18 19:57:31,593] {scheduler_job.py:633} INFO - Processing file /home/airflow/sandbox/lib/python3.8/site-packages/airflow/example_dags/example_skip_dag.py for tasks to queue
[2022-05-18 19:57:31,594] {logging_mixin.py:104} INFO - [2022-05-18 19:57:31,593] {dagbag.py:487} INFO - Filling up the DagBag from /home/airflow/sandbox/lib/python3.8/site-packages/airflow/example_dags/example_skip_dag.py
[2022-05-18 19:57:31,605] {scheduler_job.py:643} INFO - DAG(s) dict_keys(['example_skip_dag']) retrieved from /home/airflow/sandbox/lib/python3.8/site-packages/airflow/example_dags/example_skip_dag.py
[2022-05-18 19:57:31,621] {logging_mixin.py:104} INFO - [2022-05-18 19:57:31,621] {dag.py:1832} INFO - Sync 1 DAGs
[2022-05-18 19:57:31,629] {logging_mixin.py:104} INFO - [2022-05-18 19:57:31,629] {dag.py:2305} INFO - Setting next_dagrun for example_skip_dag to 2022-05-16 00:00:00+00:00
[2022-05-18 19:57:31,647] {scheduler_job.py:190} INFO - Processing /home/airflow/sandbox/lib/python3.8/site-packages/airflow/example_dags/example_skip_dag.py took 0.060 seconds
[2022-05-18 19:58:04,555] {scheduler_job.py:182} INFO - Started process (PID=13712) to work on /home/airflow/sandbox/lib/python3.8/site-packages/airflow/example_dags/example_skip_dag.py
[2022-05-18 19:58:04,557] {scheduler_job.py:633} INFO - Processing file /home/airflow/sandbox/lib/python3.8/site-packages/airflow/example_dags/example_skip_dag.py for tasks to queue
[2022-05-18 19:58:04,558] {logging_mixin.py:104} INFO - [2022-05-18 19:58:04,558] {dagbag.py:487} INFO - Filling up the DagBag from /home/airflow/sandbox/lib/python3.8/site-packages/airflow/example_dags/example_skip_dag.py
[2022-05-18 19:58:04,567] {scheduler_job.py:643} INFO - DAG(s) dict_keys(['example_skip_dag']) retrieved from /home/airflow/sandbox/lib/python3.8/site-packages/airflow/example_dags/example_skip_dag.py
[2022-05-18 19:58:04,582] {logging_mixin.py:104} INFO - [2022-05-18 19:58:04,582] {dag.py:1832} INFO - Sync 1 DAGs
[2022-05-18 19:58:04,595] {logging_mixin.py:104} INFO - [2022-05-18 19:58:04,595] {dag.py:2305} INFO - Setting next_dagrun for example_skip_dag to 2022-05-16 00:00:00+00:00
[2022-05-18 19:58:04,614] {scheduler_job.py:190} INFO - Processing /home/airflow/sandbox/lib/python3.8/site-packages/airflow/example_dags/example_skip_dag.py took 0.063 seconds
[2022-05-18 19:59:11,844] {scheduler_job.py:182} INFO - Started process (PID=13894) to work on /home/airflow/sandbox/lib/python3.8/site-packages/airflow/example_dags/example_skip_dag.py
[2022-05-18 19:59:11,846] {scheduler_job.py:633} INFO - Processing file /home/airflow/sandbox/lib/python3.8/site-packages/airflow/example_dags/example_skip_dag.py for tasks to queue
[2022-05-18 19:59:11,848] {logging_mixin.py:104} INFO - [2022-05-18 19:59:11,848] {dagbag.py:487} INFO - Filling up the DagBag from /home/airflow/sandbox/lib/python3.8/site-packages/airflow/example_dags/example_skip_dag.py
[2022-05-18 19:59:11,857] {scheduler_job.py:643} INFO - DAG(s) dict_keys(['example_skip_dag']) retrieved from /home/airflow/sandbox/lib/python3.8/site-packages/airflow/example_dags/example_skip_dag.py
[2022-05-18 19:59:11,871] {logging_mixin.py:104} INFO - [2022-05-18 19:59:11,871] {dag.py:1832} INFO - Sync 1 DAGs
[2022-05-18 19:59:11,881] {logging_mixin.py:104} INFO - [2022-05-18 19:59:11,881] {dag.py:2305} INFO - Setting next_dagrun for example_skip_dag to 2022-05-16 00:00:00+00:00
[2022-05-18 19:59:11,899] {scheduler_job.py:190} INFO - Processing /home/airflow/sandbox/lib/python3.8/site-packages/airflow/example_dags/example_skip_dag.py took 0.060 seconds
[2022-05-18 19:59:44,989] {scheduler_job.py:182} INFO - Started process (PID=13926) to work on /home/airflow/sandbox/lib/python3.8/site-packages/airflow/example_dags/example_skip_dag.py
[2022-05-18 19:59:44,991] {scheduler_job.py:633} INFO - Processing file /home/airflow/sandbox/lib/python3.8/site-packages/airflow/example_dags/example_skip_dag.py for tasks to queue
[2022-05-18 19:59:44,991] {logging_mixin.py:104} INFO - [2022-05-18 19:59:44,991] {dagbag.py:487} INFO - Filling up the DagBag from /home/airflow/sandbox/lib/python3.8/site-packages/airflow/example_dags/example_skip_dag.py
[2022-05-18 19:59:45,002] {scheduler_job.py:643} INFO - DAG(s) dict_keys(['example_skip_dag']) retrieved from /home/airflow/sandbox/lib/python3.8/site-packages/airflow/example_dags/example_skip_dag.py
[2022-05-18 19:59:45,014] {logging_mixin.py:104} INFO - [2022-05-18 19:59:45,014] {dag.py:1832} INFO - Sync 1 DAGs
[2022-05-18 19:59:45,025] {logging_mixin.py:104} INFO - [2022-05-18 19:59:45,025] {dag.py:2305} INFO - Setting next_dagrun for example_skip_dag to 2022-05-16 00:00:00+00:00
[2022-05-18 19:59:45,044] {scheduler_job.py:190} INFO - Processing /home/airflow/sandbox/lib/python3.8/site-packages/airflow/example_dags/example_skip_dag.py took 0.058 seconds
[2022-05-18 20:00:20,790] {scheduler_job.py:182} INFO - Started process (PID=13958) to work on /home/airflow/sandbox/lib/python3.8/site-packages/airflow/example_dags/example_skip_dag.py
[2022-05-18 20:00:20,792] {scheduler_job.py:633} INFO - Processing file /home/airflow/sandbox/lib/python3.8/site-packages/airflow/example_dags/example_skip_dag.py for tasks to queue
[2022-05-18 20:00:20,792] {logging_mixin.py:104} INFO - [2022-05-18 20:00:20,792] {dagbag.py:487} INFO - Filling up the DagBag from /home/airflow/sandbox/lib/python3.8/site-packages/airflow/example_dags/example_skip_dag.py
[2022-05-18 20:00:20,800] {scheduler_job.py:643} INFO - DAG(s) dict_keys(['example_skip_dag']) retrieved from /home/airflow/sandbox/lib/python3.8/site-packages/airflow/example_dags/example_skip_dag.py
[2022-05-18 20:00:20,814] {logging_mixin.py:104} INFO - [2022-05-18 20:00:20,814] {dag.py:1832} INFO - Sync 1 DAGs
[2022-05-18 20:00:20,827] {logging_mixin.py:104} INFO - [2022-05-18 20:00:20,827] {dag.py:2305} INFO - Setting next_dagrun for example_skip_dag to 2022-05-16 00:00:00+00:00
[2022-05-18 20:00:20,846] {scheduler_job.py:190} INFO - Processing /home/airflow/sandbox/lib/python3.8/site-packages/airflow/example_dags/example_skip_dag.py took 0.061 seconds
[2022-05-18 20:00:57,833] {scheduler_job.py:182} INFO - Started process (PID=13990) to work on /home/airflow/sandbox/lib/python3.8/site-packages/airflow/example_dags/example_skip_dag.py
[2022-05-18 20:00:57,834] {scheduler_job.py:633} INFO - Processing file /home/airflow/sandbox/lib/python3.8/site-packages/airflow/example_dags/example_skip_dag.py for tasks to queue
[2022-05-18 20:00:57,834] {logging_mixin.py:104} INFO - [2022-05-18 20:00:57,834] {dagbag.py:487} INFO - Filling up the DagBag from /home/airflow/sandbox/lib/python3.8/site-packages/airflow/example_dags/example_skip_dag.py
[2022-05-18 20:00:57,844] {scheduler_job.py:643} INFO - DAG(s) dict_keys(['example_skip_dag']) retrieved from /home/airflow/sandbox/lib/python3.8/site-packages/airflow/example_dags/example_skip_dag.py
[2022-05-18 20:00:57,856] {logging_mixin.py:104} INFO - [2022-05-18 20:00:57,856] {dag.py:1832} INFO - Sync 1 DAGs
[2022-05-18 20:00:57,865] {logging_mixin.py:104} INFO - [2022-05-18 20:00:57,865] {dag.py:2305} INFO - Setting next_dagrun for example_skip_dag to 2022-05-16 00:00:00+00:00
[2022-05-18 20:00:57,881] {scheduler_job.py:190} INFO - Processing /home/airflow/sandbox/lib/python3.8/site-packages/airflow/example_dags/example_skip_dag.py took 0.051 seconds
[2022-05-18 20:01:31,150] {scheduler_job.py:182} INFO - Started process (PID=14056) to work on /home/airflow/sandbox/lib/python3.8/site-packages/airflow/example_dags/example_skip_dag.py
[2022-05-18 20:01:31,152] {scheduler_job.py:633} INFO - Processing file /home/airflow/sandbox/lib/python3.8/site-packages/airflow/example_dags/example_skip_dag.py for tasks to queue
[2022-05-18 20:01:31,152] {logging_mixin.py:104} INFO - [2022-05-18 20:01:31,152] {dagbag.py:487} INFO - Filling up the DagBag from /home/airflow/sandbox/lib/python3.8/site-packages/airflow/example_dags/example_skip_dag.py
[2022-05-18 20:01:31,163] {scheduler_job.py:643} INFO - DAG(s) dict_keys(['example_skip_dag']) retrieved from /home/airflow/sandbox/lib/python3.8/site-packages/airflow/example_dags/example_skip_dag.py
[2022-05-18 20:01:31,175] {logging_mixin.py:104} INFO - [2022-05-18 20:01:31,174] {dag.py:1832} INFO - Sync 1 DAGs
[2022-05-18 20:01:31,183] {logging_mixin.py:104} INFO - [2022-05-18 20:01:31,182] {dag.py:2305} INFO - Setting next_dagrun for example_skip_dag to 2022-05-16 00:00:00+00:00
[2022-05-18 20:01:31,198] {scheduler_job.py:190} INFO - Processing /home/airflow/sandbox/lib/python3.8/site-packages/airflow/example_dags/example_skip_dag.py took 0.051 seconds
