[2022-05-18 18:48:08,691] {scheduler_job.py:182} INFO - Started process (PID=10488) to work on /home/airflow/sandbox/lib/python3.8/site-packages/airflow/example_dags/example_subdag_operator.py
[2022-05-18 18:48:08,693] {scheduler_job.py:633} INFO - Processing file /home/airflow/sandbox/lib/python3.8/site-packages/airflow/example_dags/example_subdag_operator.py for tasks to queue
[2022-05-18 18:48:08,693] {logging_mixin.py:104} INFO - [2022-05-18 18:48:08,693] {dagbag.py:487} INFO - Filling up the DagBag from /home/airflow/sandbox/lib/python3.8/site-packages/airflow/example_dags/example_subdag_operator.py
[2022-05-18 18:48:08,729] {scheduler_job.py:643} INFO - DAG(s) dict_keys(['example_subdag_operator.section-1', 'example_subdag_operator.section-2', 'example_subdag_operator']) retrieved from /home/airflow/sandbox/lib/python3.8/site-packages/airflow/example_dags/example_subdag_operator.py
[2022-05-18 18:48:08,745] {logging_mixin.py:104} INFO - [2022-05-18 18:48:08,745] {dag.py:1832} INFO - Sync 3 DAGs
[2022-05-18 18:48:08,763] {logging_mixin.py:104} INFO - [2022-05-18 18:48:08,763] {dag.py:2305} INFO - Setting next_dagrun for example_subdag_operator to 2022-05-16 00:00:00+00:00
[2022-05-18 18:48:08,765] {logging_mixin.py:104} INFO - [2022-05-18 18:48:08,765] {dag.py:2305} INFO - Setting next_dagrun for example_subdag_operator.section-1 to None
[2022-05-18 18:48:08,765] {logging_mixin.py:104} INFO - [2022-05-18 18:48:08,765] {dag.py:2305} INFO - Setting next_dagrun for example_subdag_operator.section-2 to None
[2022-05-18 18:48:08,789] {logging_mixin.py:104} INFO - [2022-05-18 18:48:08,789] {dag.py:1832} INFO - Sync 2 DAGs
[2022-05-18 18:48:08,794] {logging_mixin.py:104} INFO - [2022-05-18 18:48:08,794] {dag.py:2305} INFO - Setting next_dagrun for example_subdag_operator.section-1 to None
[2022-05-18 18:48:08,794] {logging_mixin.py:104} INFO - [2022-05-18 18:48:08,794] {dag.py:2305} INFO - Setting next_dagrun for example_subdag_operator.section-2 to None
[2022-05-18 18:48:08,817] {scheduler_job.py:190} INFO - Processing /home/airflow/sandbox/lib/python3.8/site-packages/airflow/example_dags/example_subdag_operator.py took 0.129 seconds
[2022-05-18 18:48:43,970] {scheduler_job.py:182} INFO - Started process (PID=10695) to work on /home/airflow/sandbox/lib/python3.8/site-packages/airflow/example_dags/example_subdag_operator.py
[2022-05-18 18:48:43,970] {scheduler_job.py:633} INFO - Processing file /home/airflow/sandbox/lib/python3.8/site-packages/airflow/example_dags/example_subdag_operator.py for tasks to queue
[2022-05-18 18:48:43,971] {logging_mixin.py:104} INFO - [2022-05-18 18:48:43,971] {dagbag.py:487} INFO - Filling up the DagBag from /home/airflow/sandbox/lib/python3.8/site-packages/airflow/example_dags/example_subdag_operator.py
[2022-05-18 18:48:43,991] {scheduler_job.py:643} INFO - DAG(s) dict_keys(['example_subdag_operator.section-1', 'example_subdag_operator.section-2', 'example_subdag_operator']) retrieved from /home/airflow/sandbox/lib/python3.8/site-packages/airflow/example_dags/example_subdag_operator.py
[2022-05-18 18:48:44,000] {logging_mixin.py:104} INFO - [2022-05-18 18:48:44,000] {dag.py:1832} INFO - Sync 3 DAGs
[2022-05-18 18:48:44,009] {logging_mixin.py:104} INFO - [2022-05-18 18:48:44,008] {dag.py:2305} INFO - Setting next_dagrun for example_subdag_operator to 2022-05-16 00:00:00+00:00
[2022-05-18 18:48:44,009] {logging_mixin.py:104} INFO - [2022-05-18 18:48:44,009] {dag.py:2305} INFO - Setting next_dagrun for example_subdag_operator.section-1 to None
[2022-05-18 18:48:44,010] {logging_mixin.py:104} INFO - [2022-05-18 18:48:44,010] {dag.py:2305} INFO - Setting next_dagrun for example_subdag_operator.section-2 to None
[2022-05-18 18:48:44,023] {logging_mixin.py:104} INFO - [2022-05-18 18:48:44,023] {dag.py:1832} INFO - Sync 2 DAGs
[2022-05-18 18:48:44,029] {logging_mixin.py:104} INFO - [2022-05-18 18:48:44,029] {dag.py:2305} INFO - Setting next_dagrun for example_subdag_operator.section-1 to None
[2022-05-18 18:48:44,029] {logging_mixin.py:104} INFO - [2022-05-18 18:48:44,029] {dag.py:2305} INFO - Setting next_dagrun for example_subdag_operator.section-2 to None
[2022-05-18 18:48:44,041] {scheduler_job.py:190} INFO - Processing /home/airflow/sandbox/lib/python3.8/site-packages/airflow/example_dags/example_subdag_operator.py took 0.075 seconds
[2022-05-18 18:49:19,711] {scheduler_job.py:182} INFO - Started process (PID=10860) to work on /home/airflow/sandbox/lib/python3.8/site-packages/airflow/example_dags/example_subdag_operator.py
[2022-05-18 18:49:19,712] {scheduler_job.py:633} INFO - Processing file /home/airflow/sandbox/lib/python3.8/site-packages/airflow/example_dags/example_subdag_operator.py for tasks to queue
[2022-05-18 18:49:19,713] {logging_mixin.py:104} INFO - [2022-05-18 18:49:19,713] {dagbag.py:487} INFO - Filling up the DagBag from /home/airflow/sandbox/lib/python3.8/site-packages/airflow/example_dags/example_subdag_operator.py
[2022-05-18 18:49:19,736] {scheduler_job.py:643} INFO - DAG(s) dict_keys(['example_subdag_operator.section-1', 'example_subdag_operator.section-2', 'example_subdag_operator']) retrieved from /home/airflow/sandbox/lib/python3.8/site-packages/airflow/example_dags/example_subdag_operator.py
[2022-05-18 18:49:19,744] {logging_mixin.py:104} INFO - [2022-05-18 18:49:19,744] {dag.py:1832} INFO - Sync 3 DAGs
[2022-05-18 18:49:19,756] {logging_mixin.py:104} INFO - [2022-05-18 18:49:19,756] {dag.py:2305} INFO - Setting next_dagrun for example_subdag_operator to 2022-05-16 00:00:00+00:00
[2022-05-18 18:49:19,757] {logging_mixin.py:104} INFO - [2022-05-18 18:49:19,757] {dag.py:2305} INFO - Setting next_dagrun for example_subdag_operator.section-1 to None
[2022-05-18 18:49:19,757] {logging_mixin.py:104} INFO - [2022-05-18 18:49:19,757] {dag.py:2305} INFO - Setting next_dagrun for example_subdag_operator.section-2 to None
[2022-05-18 18:49:19,770] {logging_mixin.py:104} INFO - [2022-05-18 18:49:19,770] {dag.py:1832} INFO - Sync 2 DAGs
[2022-05-18 18:49:19,775] {logging_mixin.py:104} INFO - [2022-05-18 18:49:19,775] {dag.py:2305} INFO - Setting next_dagrun for example_subdag_operator.section-1 to None
[2022-05-18 18:49:19,775] {logging_mixin.py:104} INFO - [2022-05-18 18:49:19,775] {dag.py:2305} INFO - Setting next_dagrun for example_subdag_operator.section-2 to None
[2022-05-18 18:49:19,788] {scheduler_job.py:190} INFO - Processing /home/airflow/sandbox/lib/python3.8/site-packages/airflow/example_dags/example_subdag_operator.py took 0.082 seconds
[2022-05-18 18:49:57,975] {scheduler_job.py:182} INFO - Started process (PID=11005) to work on /home/airflow/sandbox/lib/python3.8/site-packages/airflow/example_dags/example_subdag_operator.py
[2022-05-18 18:49:57,976] {scheduler_job.py:633} INFO - Processing file /home/airflow/sandbox/lib/python3.8/site-packages/airflow/example_dags/example_subdag_operator.py for tasks to queue
[2022-05-18 18:49:57,977] {logging_mixin.py:104} INFO - [2022-05-18 18:49:57,976] {dagbag.py:487} INFO - Filling up the DagBag from /home/airflow/sandbox/lib/python3.8/site-packages/airflow/example_dags/example_subdag_operator.py
[2022-05-18 18:49:57,999] {scheduler_job.py:643} INFO - DAG(s) dict_keys(['example_subdag_operator.section-1', 'example_subdag_operator.section-2', 'example_subdag_operator']) retrieved from /home/airflow/sandbox/lib/python3.8/site-packages/airflow/example_dags/example_subdag_operator.py
[2022-05-18 18:49:58,011] {logging_mixin.py:104} INFO - [2022-05-18 18:49:58,011] {dag.py:1832} INFO - Sync 3 DAGs
[2022-05-18 18:49:58,020] {logging_mixin.py:104} INFO - [2022-05-18 18:49:58,020] {dag.py:2305} INFO - Setting next_dagrun for example_subdag_operator to 2022-05-16 00:00:00+00:00
[2022-05-18 18:49:58,021] {logging_mixin.py:104} INFO - [2022-05-18 18:49:58,021] {dag.py:2305} INFO - Setting next_dagrun for example_subdag_operator.section-1 to None
[2022-05-18 18:49:58,021] {logging_mixin.py:104} INFO - [2022-05-18 18:49:58,021] {dag.py:2305} INFO - Setting next_dagrun for example_subdag_operator.section-2 to None
[2022-05-18 18:49:58,034] {logging_mixin.py:104} INFO - [2022-05-18 18:49:58,034] {dag.py:1832} INFO - Sync 2 DAGs
[2022-05-18 18:49:58,039] {logging_mixin.py:104} INFO - [2022-05-18 18:49:58,039] {dag.py:2305} INFO - Setting next_dagrun for example_subdag_operator.section-1 to None
[2022-05-18 18:49:58,039] {logging_mixin.py:104} INFO - [2022-05-18 18:49:58,039] {dag.py:2305} INFO - Setting next_dagrun for example_subdag_operator.section-2 to None
[2022-05-18 18:49:58,052] {scheduler_job.py:190} INFO - Processing /home/airflow/sandbox/lib/python3.8/site-packages/airflow/example_dags/example_subdag_operator.py took 0.079 seconds
[2022-05-18 18:50:31,865] {scheduler_job.py:182} INFO - Started process (PID=11166) to work on /home/airflow/sandbox/lib/python3.8/site-packages/airflow/example_dags/example_subdag_operator.py
[2022-05-18 18:50:31,867] {scheduler_job.py:633} INFO - Processing file /home/airflow/sandbox/lib/python3.8/site-packages/airflow/example_dags/example_subdag_operator.py for tasks to queue
[2022-05-18 18:50:31,867] {logging_mixin.py:104} INFO - [2022-05-18 18:50:31,867] {dagbag.py:487} INFO - Filling up the DagBag from /home/airflow/sandbox/lib/python3.8/site-packages/airflow/example_dags/example_subdag_operator.py
[2022-05-18 18:50:31,894] {scheduler_job.py:643} INFO - DAG(s) dict_keys(['example_subdag_operator.section-1', 'example_subdag_operator.section-2', 'example_subdag_operator']) retrieved from /home/airflow/sandbox/lib/python3.8/site-packages/airflow/example_dags/example_subdag_operator.py
[2022-05-18 18:50:31,908] {logging_mixin.py:104} INFO - [2022-05-18 18:50:31,907] {dag.py:1832} INFO - Sync 3 DAGs
[2022-05-18 18:50:31,919] {logging_mixin.py:104} INFO - [2022-05-18 18:50:31,919] {dag.py:2305} INFO - Setting next_dagrun for example_subdag_operator to 2022-05-16 00:00:00+00:00
[2022-05-18 18:50:31,920] {logging_mixin.py:104} INFO - [2022-05-18 18:50:31,920] {dag.py:2305} INFO - Setting next_dagrun for example_subdag_operator.section-1 to None
[2022-05-18 18:50:31,920] {logging_mixin.py:104} INFO - [2022-05-18 18:50:31,920] {dag.py:2305} INFO - Setting next_dagrun for example_subdag_operator.section-2 to None
[2022-05-18 18:50:31,940] {logging_mixin.py:104} INFO - [2022-05-18 18:50:31,939] {dag.py:1832} INFO - Sync 2 DAGs
[2022-05-18 18:50:31,950] {logging_mixin.py:104} INFO - [2022-05-18 18:50:31,950] {dag.py:2305} INFO - Setting next_dagrun for example_subdag_operator.section-1 to None
[2022-05-18 18:50:31,950] {logging_mixin.py:104} INFO - [2022-05-18 18:50:31,950] {dag.py:2305} INFO - Setting next_dagrun for example_subdag_operator.section-2 to None
[2022-05-18 18:50:31,964] {scheduler_job.py:190} INFO - Processing /home/airflow/sandbox/lib/python3.8/site-packages/airflow/example_dags/example_subdag_operator.py took 0.104 seconds
[2022-05-18 18:51:08,831] {scheduler_job.py:182} INFO - Started process (PID=11259) to work on /home/airflow/sandbox/lib/python3.8/site-packages/airflow/example_dags/example_subdag_operator.py
[2022-05-18 18:51:08,832] {scheduler_job.py:633} INFO - Processing file /home/airflow/sandbox/lib/python3.8/site-packages/airflow/example_dags/example_subdag_operator.py for tasks to queue
[2022-05-18 18:51:08,832] {logging_mixin.py:104} INFO - [2022-05-18 18:51:08,832] {dagbag.py:487} INFO - Filling up the DagBag from /home/airflow/sandbox/lib/python3.8/site-packages/airflow/example_dags/example_subdag_operator.py
[2022-05-18 18:51:08,858] {scheduler_job.py:643} INFO - DAG(s) dict_keys(['example_subdag_operator.section-1', 'example_subdag_operator.section-2', 'example_subdag_operator']) retrieved from /home/airflow/sandbox/lib/python3.8/site-packages/airflow/example_dags/example_subdag_operator.py
[2022-05-18 18:51:08,867] {logging_mixin.py:104} INFO - [2022-05-18 18:51:08,867] {dag.py:1832} INFO - Sync 3 DAGs
[2022-05-18 18:51:08,879] {logging_mixin.py:104} INFO - [2022-05-18 18:51:08,879] {dag.py:2305} INFO - Setting next_dagrun for example_subdag_operator to 2022-05-16 00:00:00+00:00
[2022-05-18 18:51:08,880] {logging_mixin.py:104} INFO - [2022-05-18 18:51:08,880] {dag.py:2305} INFO - Setting next_dagrun for example_subdag_operator.section-1 to None
[2022-05-18 18:51:08,880] {logging_mixin.py:104} INFO - [2022-05-18 18:51:08,880] {dag.py:2305} INFO - Setting next_dagrun for example_subdag_operator.section-2 to None
[2022-05-18 18:51:08,895] {logging_mixin.py:104} INFO - [2022-05-18 18:51:08,895] {dag.py:1832} INFO - Sync 2 DAGs
[2022-05-18 18:51:08,901] {logging_mixin.py:104} INFO - [2022-05-18 18:51:08,901] {dag.py:2305} INFO - Setting next_dagrun for example_subdag_operator.section-1 to None
[2022-05-18 18:51:08,902] {logging_mixin.py:104} INFO - [2022-05-18 18:51:08,902] {dag.py:2305} INFO - Setting next_dagrun for example_subdag_operator.section-2 to None
[2022-05-18 18:51:08,915] {scheduler_job.py:190} INFO - Processing /home/airflow/sandbox/lib/python3.8/site-packages/airflow/example_dags/example_subdag_operator.py took 0.086 seconds
[2022-05-18 18:51:48,035] {scheduler_job.py:182} INFO - Started process (PID=11400) to work on /home/airflow/sandbox/lib/python3.8/site-packages/airflow/example_dags/example_subdag_operator.py
[2022-05-18 18:51:48,036] {scheduler_job.py:633} INFO - Processing file /home/airflow/sandbox/lib/python3.8/site-packages/airflow/example_dags/example_subdag_operator.py for tasks to queue
[2022-05-18 18:51:48,037] {logging_mixin.py:104} INFO - [2022-05-18 18:51:48,037] {dagbag.py:487} INFO - Filling up the DagBag from /home/airflow/sandbox/lib/python3.8/site-packages/airflow/example_dags/example_subdag_operator.py
[2022-05-18 18:51:48,063] {scheduler_job.py:643} INFO - DAG(s) dict_keys(['example_subdag_operator.section-1', 'example_subdag_operator.section-2', 'example_subdag_operator']) retrieved from /home/airflow/sandbox/lib/python3.8/site-packages/airflow/example_dags/example_subdag_operator.py
[2022-05-18 18:51:48,073] {logging_mixin.py:104} INFO - [2022-05-18 18:51:48,073] {dag.py:1832} INFO - Sync 3 DAGs
[2022-05-18 18:51:48,082] {logging_mixin.py:104} INFO - [2022-05-18 18:51:48,082] {dag.py:2305} INFO - Setting next_dagrun for example_subdag_operator to 2022-05-16 00:00:00+00:00
[2022-05-18 18:51:48,083] {logging_mixin.py:104} INFO - [2022-05-18 18:51:48,083] {dag.py:2305} INFO - Setting next_dagrun for example_subdag_operator.section-1 to None
[2022-05-18 18:51:48,083] {logging_mixin.py:104} INFO - [2022-05-18 18:51:48,083] {dag.py:2305} INFO - Setting next_dagrun for example_subdag_operator.section-2 to None
[2022-05-18 18:51:48,113] {logging_mixin.py:104} INFO - [2022-05-18 18:51:48,113] {dag.py:1832} INFO - Sync 2 DAGs
[2022-05-18 18:51:48,118] {logging_mixin.py:104} INFO - [2022-05-18 18:51:48,118] {dag.py:2305} INFO - Setting next_dagrun for example_subdag_operator.section-1 to None
[2022-05-18 18:51:48,118] {logging_mixin.py:104} INFO - [2022-05-18 18:51:48,118] {dag.py:2305} INFO - Setting next_dagrun for example_subdag_operator.section-2 to None
[2022-05-18 18:51:48,130] {scheduler_job.py:190} INFO - Processing /home/airflow/sandbox/lib/python3.8/site-packages/airflow/example_dags/example_subdag_operator.py took 0.100 seconds
[2022-05-18 18:52:22,851] {scheduler_job.py:182} INFO - Started process (PID=11541) to work on /home/airflow/sandbox/lib/python3.8/site-packages/airflow/example_dags/example_subdag_operator.py
[2022-05-18 18:52:22,852] {scheduler_job.py:633} INFO - Processing file /home/airflow/sandbox/lib/python3.8/site-packages/airflow/example_dags/example_subdag_operator.py for tasks to queue
[2022-05-18 18:52:22,852] {logging_mixin.py:104} INFO - [2022-05-18 18:52:22,852] {dagbag.py:487} INFO - Filling up the DagBag from /home/airflow/sandbox/lib/python3.8/site-packages/airflow/example_dags/example_subdag_operator.py
[2022-05-18 18:52:22,870] {scheduler_job.py:643} INFO - DAG(s) dict_keys(['example_subdag_operator.section-1', 'example_subdag_operator.section-2', 'example_subdag_operator']) retrieved from /home/airflow/sandbox/lib/python3.8/site-packages/airflow/example_dags/example_subdag_operator.py
[2022-05-18 18:52:22,878] {logging_mixin.py:104} INFO - [2022-05-18 18:52:22,877] {dag.py:1832} INFO - Sync 3 DAGs
[2022-05-18 18:52:22,886] {logging_mixin.py:104} INFO - [2022-05-18 18:52:22,886] {dag.py:2305} INFO - Setting next_dagrun for example_subdag_operator to 2022-05-16 00:00:00+00:00
[2022-05-18 18:52:22,887] {logging_mixin.py:104} INFO - [2022-05-18 18:52:22,887] {dag.py:2305} INFO - Setting next_dagrun for example_subdag_operator.section-1 to None
[2022-05-18 18:52:22,887] {logging_mixin.py:104} INFO - [2022-05-18 18:52:22,887] {dag.py:2305} INFO - Setting next_dagrun for example_subdag_operator.section-2 to None
[2022-05-18 18:52:22,898] {logging_mixin.py:104} INFO - [2022-05-18 18:52:22,898] {dag.py:1832} INFO - Sync 2 DAGs
[2022-05-18 18:52:22,903] {logging_mixin.py:104} INFO - [2022-05-18 18:52:22,903] {dag.py:2305} INFO - Setting next_dagrun for example_subdag_operator.section-1 to None
[2022-05-18 18:52:22,903] {logging_mixin.py:104} INFO - [2022-05-18 18:52:22,903] {dag.py:2305} INFO - Setting next_dagrun for example_subdag_operator.section-2 to None
[2022-05-18 18:52:22,914] {scheduler_job.py:190} INFO - Processing /home/airflow/sandbox/lib/python3.8/site-packages/airflow/example_dags/example_subdag_operator.py took 0.065 seconds
[2022-05-18 18:52:57,215] {scheduler_job.py:182} INFO - Started process (PID=11717) to work on /home/airflow/sandbox/lib/python3.8/site-packages/airflow/example_dags/example_subdag_operator.py
[2022-05-18 18:52:57,216] {scheduler_job.py:633} INFO - Processing file /home/airflow/sandbox/lib/python3.8/site-packages/airflow/example_dags/example_subdag_operator.py for tasks to queue
[2022-05-18 18:52:57,216] {logging_mixin.py:104} INFO - [2022-05-18 18:52:57,216] {dagbag.py:487} INFO - Filling up the DagBag from /home/airflow/sandbox/lib/python3.8/site-packages/airflow/example_dags/example_subdag_operator.py
[2022-05-18 18:52:57,242] {scheduler_job.py:643} INFO - DAG(s) dict_keys(['example_subdag_operator.section-1', 'example_subdag_operator.section-2', 'example_subdag_operator']) retrieved from /home/airflow/sandbox/lib/python3.8/site-packages/airflow/example_dags/example_subdag_operator.py
[2022-05-18 18:52:57,253] {logging_mixin.py:104} INFO - [2022-05-18 18:52:57,253] {dag.py:1832} INFO - Sync 3 DAGs
[2022-05-18 18:52:57,265] {logging_mixin.py:104} INFO - [2022-05-18 18:52:57,265] {dag.py:2305} INFO - Setting next_dagrun for example_subdag_operator to 2022-05-16 00:00:00+00:00
[2022-05-18 18:52:57,266] {logging_mixin.py:104} INFO - [2022-05-18 18:52:57,266] {dag.py:2305} INFO - Setting next_dagrun for example_subdag_operator.section-1 to None
[2022-05-18 18:52:57,266] {logging_mixin.py:104} INFO - [2022-05-18 18:52:57,266] {dag.py:2305} INFO - Setting next_dagrun for example_subdag_operator.section-2 to None
[2022-05-18 18:52:57,279] {logging_mixin.py:104} INFO - [2022-05-18 18:52:57,278] {dag.py:1832} INFO - Sync 2 DAGs
[2022-05-18 18:52:57,284] {logging_mixin.py:104} INFO - [2022-05-18 18:52:57,284] {dag.py:2305} INFO - Setting next_dagrun for example_subdag_operator.section-1 to None
[2022-05-18 18:52:57,284] {logging_mixin.py:104} INFO - [2022-05-18 18:52:57,284] {dag.py:2305} INFO - Setting next_dagrun for example_subdag_operator.section-2 to None
[2022-05-18 18:52:57,294] {scheduler_job.py:190} INFO - Processing /home/airflow/sandbox/lib/python3.8/site-packages/airflow/example_dags/example_subdag_operator.py took 0.083 seconds
[2022-05-18 18:53:30,486] {scheduler_job.py:182} INFO - Started process (PID=11813) to work on /home/airflow/sandbox/lib/python3.8/site-packages/airflow/example_dags/example_subdag_operator.py
[2022-05-18 18:53:30,487] {scheduler_job.py:633} INFO - Processing file /home/airflow/sandbox/lib/python3.8/site-packages/airflow/example_dags/example_subdag_operator.py for tasks to queue
[2022-05-18 18:53:30,488] {logging_mixin.py:104} INFO - [2022-05-18 18:53:30,487] {dagbag.py:487} INFO - Filling up the DagBag from /home/airflow/sandbox/lib/python3.8/site-packages/airflow/example_dags/example_subdag_operator.py
[2022-05-18 18:53:30,507] {scheduler_job.py:643} INFO - DAG(s) dict_keys(['example_subdag_operator.section-1', 'example_subdag_operator.section-2', 'example_subdag_operator']) retrieved from /home/airflow/sandbox/lib/python3.8/site-packages/airflow/example_dags/example_subdag_operator.py
[2022-05-18 18:53:30,514] {logging_mixin.py:104} INFO - [2022-05-18 18:53:30,514] {dag.py:1832} INFO - Sync 3 DAGs
[2022-05-18 18:53:30,526] {logging_mixin.py:104} INFO - [2022-05-18 18:53:30,525] {dag.py:2305} INFO - Setting next_dagrun for example_subdag_operator to 2022-05-16 00:00:00+00:00
[2022-05-18 18:53:30,526] {logging_mixin.py:104} INFO - [2022-05-18 18:53:30,526] {dag.py:2305} INFO - Setting next_dagrun for example_subdag_operator.section-1 to None
[2022-05-18 18:53:30,526] {logging_mixin.py:104} INFO - [2022-05-18 18:53:30,526] {dag.py:2305} INFO - Setting next_dagrun for example_subdag_operator.section-2 to None
[2022-05-18 18:53:30,538] {logging_mixin.py:104} INFO - [2022-05-18 18:53:30,538] {dag.py:1832} INFO - Sync 2 DAGs
[2022-05-18 18:53:30,543] {logging_mixin.py:104} INFO - [2022-05-18 18:53:30,542] {dag.py:2305} INFO - Setting next_dagrun for example_subdag_operator.section-1 to None
[2022-05-18 18:53:30,543] {logging_mixin.py:104} INFO - [2022-05-18 18:53:30,543] {dag.py:2305} INFO - Setting next_dagrun for example_subdag_operator.section-2 to None
[2022-05-18 18:53:30,554] {scheduler_job.py:190} INFO - Processing /home/airflow/sandbox/lib/python3.8/site-packages/airflow/example_dags/example_subdag_operator.py took 0.073 seconds
[2022-05-18 18:54:04,317] {scheduler_job.py:182} INFO - Started process (PID=11909) to work on /home/airflow/sandbox/lib/python3.8/site-packages/airflow/example_dags/example_subdag_operator.py
[2022-05-18 18:54:04,318] {scheduler_job.py:633} INFO - Processing file /home/airflow/sandbox/lib/python3.8/site-packages/airflow/example_dags/example_subdag_operator.py for tasks to queue
[2022-05-18 18:54:04,318] {logging_mixin.py:104} INFO - [2022-05-18 18:54:04,318] {dagbag.py:487} INFO - Filling up the DagBag from /home/airflow/sandbox/lib/python3.8/site-packages/airflow/example_dags/example_subdag_operator.py
[2022-05-18 18:54:04,337] {scheduler_job.py:643} INFO - DAG(s) dict_keys(['example_subdag_operator.section-1', 'example_subdag_operator.section-2', 'example_subdag_operator']) retrieved from /home/airflow/sandbox/lib/python3.8/site-packages/airflow/example_dags/example_subdag_operator.py
[2022-05-18 18:54:04,345] {logging_mixin.py:104} INFO - [2022-05-18 18:54:04,345] {dag.py:1832} INFO - Sync 3 DAGs
[2022-05-18 18:54:04,355] {logging_mixin.py:104} INFO - [2022-05-18 18:54:04,355] {dag.py:2305} INFO - Setting next_dagrun for example_subdag_operator to 2022-05-16 00:00:00+00:00
[2022-05-18 18:54:04,355] {logging_mixin.py:104} INFO - [2022-05-18 18:54:04,355] {dag.py:2305} INFO - Setting next_dagrun for example_subdag_operator.section-1 to None
[2022-05-18 18:54:04,356] {logging_mixin.py:104} INFO - [2022-05-18 18:54:04,356] {dag.py:2305} INFO - Setting next_dagrun for example_subdag_operator.section-2 to None
[2022-05-18 18:54:04,367] {logging_mixin.py:104} INFO - [2022-05-18 18:54:04,367] {dag.py:1832} INFO - Sync 2 DAGs
[2022-05-18 18:54:04,373] {logging_mixin.py:104} INFO - [2022-05-18 18:54:04,373] {dag.py:2305} INFO - Setting next_dagrun for example_subdag_operator.section-1 to None
[2022-05-18 18:54:04,374] {logging_mixin.py:104} INFO - [2022-05-18 18:54:04,374] {dag.py:2305} INFO - Setting next_dagrun for example_subdag_operator.section-2 to None
[2022-05-18 18:54:04,385] {scheduler_job.py:190} INFO - Processing /home/airflow/sandbox/lib/python3.8/site-packages/airflow/example_dags/example_subdag_operator.py took 0.071 seconds
[2022-05-18 18:54:45,505] {scheduler_job.py:182} INFO - Started process (PID=12005) to work on /home/airflow/sandbox/lib/python3.8/site-packages/airflow/example_dags/example_subdag_operator.py
[2022-05-18 18:54:45,506] {scheduler_job.py:633} INFO - Processing file /home/airflow/sandbox/lib/python3.8/site-packages/airflow/example_dags/example_subdag_operator.py for tasks to queue
[2022-05-18 18:54:45,506] {logging_mixin.py:104} INFO - [2022-05-18 18:54:45,506] {dagbag.py:487} INFO - Filling up the DagBag from /home/airflow/sandbox/lib/python3.8/site-packages/airflow/example_dags/example_subdag_operator.py
[2022-05-18 18:54:45,529] {scheduler_job.py:643} INFO - DAG(s) dict_keys(['example_subdag_operator.section-1', 'example_subdag_operator.section-2', 'example_subdag_operator']) retrieved from /home/airflow/sandbox/lib/python3.8/site-packages/airflow/example_dags/example_subdag_operator.py
[2022-05-18 18:54:45,543] {logging_mixin.py:104} INFO - [2022-05-18 18:54:45,542] {dag.py:1832} INFO - Sync 3 DAGs
[2022-05-18 18:54:45,554] {logging_mixin.py:104} INFO - [2022-05-18 18:54:45,554] {dag.py:2305} INFO - Setting next_dagrun for example_subdag_operator to 2022-05-16 00:00:00+00:00
[2022-05-18 18:54:45,556] {logging_mixin.py:104} INFO - [2022-05-18 18:54:45,556] {dag.py:2305} INFO - Setting next_dagrun for example_subdag_operator.section-1 to None
[2022-05-18 18:54:45,556] {logging_mixin.py:104} INFO - [2022-05-18 18:54:45,556] {dag.py:2305} INFO - Setting next_dagrun for example_subdag_operator.section-2 to None
[2022-05-18 18:54:45,689] {logging_mixin.py:104} INFO - [2022-05-18 18:54:45,688] {dag.py:1832} INFO - Sync 2 DAGs
[2022-05-18 18:54:45,693] {logging_mixin.py:104} INFO - [2022-05-18 18:54:45,693] {dag.py:2305} INFO - Setting next_dagrun for example_subdag_operator.section-1 to None
[2022-05-18 18:54:45,693] {logging_mixin.py:104} INFO - [2022-05-18 18:54:45,693] {dag.py:2305} INFO - Setting next_dagrun for example_subdag_operator.section-2 to None
[2022-05-18 18:54:45,706] {scheduler_job.py:190} INFO - Processing /home/airflow/sandbox/lib/python3.8/site-packages/airflow/example_dags/example_subdag_operator.py took 0.206 seconds
[2022-05-18 18:55:21,862] {scheduler_job.py:182} INFO - Started process (PID=12143) to work on /home/airflow/sandbox/lib/python3.8/site-packages/airflow/example_dags/example_subdag_operator.py
[2022-05-18 18:55:21,863] {scheduler_job.py:633} INFO - Processing file /home/airflow/sandbox/lib/python3.8/site-packages/airflow/example_dags/example_subdag_operator.py for tasks to queue
[2022-05-18 18:55:21,864] {logging_mixin.py:104} INFO - [2022-05-18 18:55:21,864] {dagbag.py:487} INFO - Filling up the DagBag from /home/airflow/sandbox/lib/python3.8/site-packages/airflow/example_dags/example_subdag_operator.py
[2022-05-18 18:55:21,882] {scheduler_job.py:643} INFO - DAG(s) dict_keys(['example_subdag_operator.section-1', 'example_subdag_operator.section-2', 'example_subdag_operator']) retrieved from /home/airflow/sandbox/lib/python3.8/site-packages/airflow/example_dags/example_subdag_operator.py
[2022-05-18 18:55:21,892] {logging_mixin.py:104} INFO - [2022-05-18 18:55:21,891] {dag.py:1832} INFO - Sync 3 DAGs
[2022-05-18 18:55:21,900] {logging_mixin.py:104} INFO - [2022-05-18 18:55:21,900] {dag.py:2305} INFO - Setting next_dagrun for example_subdag_operator to 2022-05-16 00:00:00+00:00
[2022-05-18 18:55:21,901] {logging_mixin.py:104} INFO - [2022-05-18 18:55:21,901] {dag.py:2305} INFO - Setting next_dagrun for example_subdag_operator.section-1 to None
[2022-05-18 18:55:21,901] {logging_mixin.py:104} INFO - [2022-05-18 18:55:21,901] {dag.py:2305} INFO - Setting next_dagrun for example_subdag_operator.section-2 to None
[2022-05-18 18:55:21,912] {logging_mixin.py:104} INFO - [2022-05-18 18:55:21,912] {dag.py:1832} INFO - Sync 2 DAGs
[2022-05-18 18:55:21,918] {logging_mixin.py:104} INFO - [2022-05-18 18:55:21,918] {dag.py:2305} INFO - Setting next_dagrun for example_subdag_operator.section-1 to None
[2022-05-18 18:55:21,918] {logging_mixin.py:104} INFO - [2022-05-18 18:55:21,918] {dag.py:2305} INFO - Setting next_dagrun for example_subdag_operator.section-2 to None
[2022-05-18 18:55:21,930] {scheduler_job.py:190} INFO - Processing /home/airflow/sandbox/lib/python3.8/site-packages/airflow/example_dags/example_subdag_operator.py took 0.070 seconds
[2022-05-18 18:55:54,000] {scheduler_job.py:182} INFO - Started process (PID=12254) to work on /home/airflow/sandbox/lib/python3.8/site-packages/airflow/example_dags/example_subdag_operator.py
[2022-05-18 18:55:54,001] {scheduler_job.py:633} INFO - Processing file /home/airflow/sandbox/lib/python3.8/site-packages/airflow/example_dags/example_subdag_operator.py for tasks to queue
[2022-05-18 18:55:54,002] {logging_mixin.py:104} INFO - [2022-05-18 18:55:54,002] {dagbag.py:487} INFO - Filling up the DagBag from /home/airflow/sandbox/lib/python3.8/site-packages/airflow/example_dags/example_subdag_operator.py
[2022-05-18 18:55:54,023] {scheduler_job.py:643} INFO - DAG(s) dict_keys(['example_subdag_operator.section-1', 'example_subdag_operator.section-2', 'example_subdag_operator']) retrieved from /home/airflow/sandbox/lib/python3.8/site-packages/airflow/example_dags/example_subdag_operator.py
[2022-05-18 18:55:54,034] {logging_mixin.py:104} INFO - [2022-05-18 18:55:54,034] {dag.py:1832} INFO - Sync 3 DAGs
[2022-05-18 18:55:54,044] {logging_mixin.py:104} INFO - [2022-05-18 18:55:54,044] {dag.py:2305} INFO - Setting next_dagrun for example_subdag_operator to 2022-05-16 00:00:00+00:00
[2022-05-18 18:55:54,045] {logging_mixin.py:104} INFO - [2022-05-18 18:55:54,045] {dag.py:2305} INFO - Setting next_dagrun for example_subdag_operator.section-1 to None
[2022-05-18 18:55:54,045] {logging_mixin.py:104} INFO - [2022-05-18 18:55:54,045] {dag.py:2305} INFO - Setting next_dagrun for example_subdag_operator.section-2 to None
[2022-05-18 18:55:54,056] {logging_mixin.py:104} INFO - [2022-05-18 18:55:54,056] {dag.py:1832} INFO - Sync 2 DAGs
[2022-05-18 18:55:54,063] {logging_mixin.py:104} INFO - [2022-05-18 18:55:54,063] {dag.py:2305} INFO - Setting next_dagrun for example_subdag_operator.section-1 to None
[2022-05-18 18:55:54,063] {logging_mixin.py:104} INFO - [2022-05-18 18:55:54,063] {dag.py:2305} INFO - Setting next_dagrun for example_subdag_operator.section-2 to None
[2022-05-18 18:55:54,076] {scheduler_job.py:190} INFO - Processing /home/airflow/sandbox/lib/python3.8/site-packages/airflow/example_dags/example_subdag_operator.py took 0.080 seconds
[2022-05-18 19:57:36,527] {scheduler_job.py:182} INFO - Started process (PID=13685) to work on /home/airflow/sandbox/lib/python3.8/site-packages/airflow/example_dags/example_subdag_operator.py
[2022-05-18 19:57:36,528] {scheduler_job.py:633} INFO - Processing file /home/airflow/sandbox/lib/python3.8/site-packages/airflow/example_dags/example_subdag_operator.py for tasks to queue
[2022-05-18 19:57:36,529] {logging_mixin.py:104} INFO - [2022-05-18 19:57:36,529] {dagbag.py:487} INFO - Filling up the DagBag from /home/airflow/sandbox/lib/python3.8/site-packages/airflow/example_dags/example_subdag_operator.py
[2022-05-18 19:57:36,547] {scheduler_job.py:643} INFO - DAG(s) dict_keys(['example_subdag_operator.section-1', 'example_subdag_operator.section-2', 'example_subdag_operator']) retrieved from /home/airflow/sandbox/lib/python3.8/site-packages/airflow/example_dags/example_subdag_operator.py
[2022-05-18 19:57:36,556] {logging_mixin.py:104} INFO - [2022-05-18 19:57:36,556] {dag.py:1832} INFO - Sync 3 DAGs
[2022-05-18 19:57:36,566] {logging_mixin.py:104} INFO - [2022-05-18 19:57:36,566] {dag.py:2305} INFO - Setting next_dagrun for example_subdag_operator to 2022-05-16 00:00:00+00:00
[2022-05-18 19:57:36,567] {logging_mixin.py:104} INFO - [2022-05-18 19:57:36,567] {dag.py:2305} INFO - Setting next_dagrun for example_subdag_operator.section-1 to None
[2022-05-18 19:57:36,568] {logging_mixin.py:104} INFO - [2022-05-18 19:57:36,568] {dag.py:2305} INFO - Setting next_dagrun for example_subdag_operator.section-2 to None
[2022-05-18 19:57:36,583] {logging_mixin.py:104} INFO - [2022-05-18 19:57:36,583] {dag.py:1832} INFO - Sync 2 DAGs
[2022-05-18 19:57:36,588] {logging_mixin.py:104} INFO - [2022-05-18 19:57:36,588] {dag.py:2305} INFO - Setting next_dagrun for example_subdag_operator.section-1 to None
[2022-05-18 19:57:36,589] {logging_mixin.py:104} INFO - [2022-05-18 19:57:36,589] {dag.py:2305} INFO - Setting next_dagrun for example_subdag_operator.section-2 to None
[2022-05-18 19:57:36,602] {scheduler_job.py:190} INFO - Processing /home/airflow/sandbox/lib/python3.8/site-packages/airflow/example_dags/example_subdag_operator.py took 0.078 seconds
[2022-05-18 19:58:09,714] {scheduler_job.py:182} INFO - Started process (PID=13717) to work on /home/airflow/sandbox/lib/python3.8/site-packages/airflow/example_dags/example_subdag_operator.py
[2022-05-18 19:58:09,716] {scheduler_job.py:633} INFO - Processing file /home/airflow/sandbox/lib/python3.8/site-packages/airflow/example_dags/example_subdag_operator.py for tasks to queue
[2022-05-18 19:58:09,717] {logging_mixin.py:104} INFO - [2022-05-18 19:58:09,717] {dagbag.py:487} INFO - Filling up the DagBag from /home/airflow/sandbox/lib/python3.8/site-packages/airflow/example_dags/example_subdag_operator.py
[2022-05-18 19:58:09,740] {scheduler_job.py:643} INFO - DAG(s) dict_keys(['example_subdag_operator.section-1', 'example_subdag_operator.section-2', 'example_subdag_operator']) retrieved from /home/airflow/sandbox/lib/python3.8/site-packages/airflow/example_dags/example_subdag_operator.py
[2022-05-18 19:58:09,750] {logging_mixin.py:104} INFO - [2022-05-18 19:58:09,750] {dag.py:1832} INFO - Sync 3 DAGs
[2022-05-18 19:58:09,759] {logging_mixin.py:104} INFO - [2022-05-18 19:58:09,759] {dag.py:2305} INFO - Setting next_dagrun for example_subdag_operator to 2022-05-16 00:00:00+00:00
[2022-05-18 19:58:09,760] {logging_mixin.py:104} INFO - [2022-05-18 19:58:09,760] {dag.py:2305} INFO - Setting next_dagrun for example_subdag_operator.section-1 to None
[2022-05-18 19:58:09,760] {logging_mixin.py:104} INFO - [2022-05-18 19:58:09,760] {dag.py:2305} INFO - Setting next_dagrun for example_subdag_operator.section-2 to None
[2022-05-18 19:58:09,775] {logging_mixin.py:104} INFO - [2022-05-18 19:58:09,775] {dag.py:1832} INFO - Sync 2 DAGs
[2022-05-18 19:58:09,780] {logging_mixin.py:104} INFO - [2022-05-18 19:58:09,780] {dag.py:2305} INFO - Setting next_dagrun for example_subdag_operator.section-1 to None
[2022-05-18 19:58:09,780] {logging_mixin.py:104} INFO - [2022-05-18 19:58:09,780] {dag.py:2305} INFO - Setting next_dagrun for example_subdag_operator.section-2 to None
[2022-05-18 19:58:09,794] {scheduler_job.py:190} INFO - Processing /home/airflow/sandbox/lib/python3.8/site-packages/airflow/example_dags/example_subdag_operator.py took 0.084 seconds
[2022-05-18 19:59:16,776] {scheduler_job.py:182} INFO - Started process (PID=13899) to work on /home/airflow/sandbox/lib/python3.8/site-packages/airflow/example_dags/example_subdag_operator.py
[2022-05-18 19:59:16,777] {scheduler_job.py:633} INFO - Processing file /home/airflow/sandbox/lib/python3.8/site-packages/airflow/example_dags/example_subdag_operator.py for tasks to queue
[2022-05-18 19:59:16,778] {logging_mixin.py:104} INFO - [2022-05-18 19:59:16,778] {dagbag.py:487} INFO - Filling up the DagBag from /home/airflow/sandbox/lib/python3.8/site-packages/airflow/example_dags/example_subdag_operator.py
[2022-05-18 19:59:16,798] {scheduler_job.py:643} INFO - DAG(s) dict_keys(['example_subdag_operator.section-1', 'example_subdag_operator.section-2', 'example_subdag_operator']) retrieved from /home/airflow/sandbox/lib/python3.8/site-packages/airflow/example_dags/example_subdag_operator.py
[2022-05-18 19:59:16,815] {logging_mixin.py:104} INFO - [2022-05-18 19:59:16,815] {dag.py:1832} INFO - Sync 3 DAGs
[2022-05-18 19:59:16,827] {logging_mixin.py:104} INFO - [2022-05-18 19:59:16,827] {dag.py:2305} INFO - Setting next_dagrun for example_subdag_operator to 2022-05-16 00:00:00+00:00
[2022-05-18 19:59:16,829] {logging_mixin.py:104} INFO - [2022-05-18 19:59:16,829] {dag.py:2305} INFO - Setting next_dagrun for example_subdag_operator.section-1 to None
[2022-05-18 19:59:16,830] {logging_mixin.py:104} INFO - [2022-05-18 19:59:16,830] {dag.py:2305} INFO - Setting next_dagrun for example_subdag_operator.section-2 to None
[2022-05-18 19:59:16,848] {logging_mixin.py:104} INFO - [2022-05-18 19:59:16,848] {dag.py:1832} INFO - Sync 2 DAGs
[2022-05-18 19:59:16,854] {logging_mixin.py:104} INFO - [2022-05-18 19:59:16,853] {dag.py:2305} INFO - Setting next_dagrun for example_subdag_operator.section-1 to None
[2022-05-18 19:59:16,854] {logging_mixin.py:104} INFO - [2022-05-18 19:59:16,854] {dag.py:2305} INFO - Setting next_dagrun for example_subdag_operator.section-2 to None
[2022-05-18 19:59:16,878] {scheduler_job.py:190} INFO - Processing /home/airflow/sandbox/lib/python3.8/site-packages/airflow/example_dags/example_subdag_operator.py took 0.105 seconds
[2022-05-18 19:59:50,170] {scheduler_job.py:182} INFO - Started process (PID=13931) to work on /home/airflow/sandbox/lib/python3.8/site-packages/airflow/example_dags/example_subdag_operator.py
[2022-05-18 19:59:50,174] {scheduler_job.py:633} INFO - Processing file /home/airflow/sandbox/lib/python3.8/site-packages/airflow/example_dags/example_subdag_operator.py for tasks to queue
[2022-05-18 19:59:50,175] {logging_mixin.py:104} INFO - [2022-05-18 19:59:50,175] {dagbag.py:487} INFO - Filling up the DagBag from /home/airflow/sandbox/lib/python3.8/site-packages/airflow/example_dags/example_subdag_operator.py
[2022-05-18 19:59:50,210] {scheduler_job.py:643} INFO - DAG(s) dict_keys(['example_subdag_operator.section-1', 'example_subdag_operator.section-2', 'example_subdag_operator']) retrieved from /home/airflow/sandbox/lib/python3.8/site-packages/airflow/example_dags/example_subdag_operator.py
[2022-05-18 19:59:50,221] {logging_mixin.py:104} INFO - [2022-05-18 19:59:50,221] {dag.py:1832} INFO - Sync 3 DAGs
[2022-05-18 19:59:50,235] {logging_mixin.py:104} INFO - [2022-05-18 19:59:50,235] {dag.py:2305} INFO - Setting next_dagrun for example_subdag_operator to 2022-05-16 00:00:00+00:00
[2022-05-18 19:59:50,236] {logging_mixin.py:104} INFO - [2022-05-18 19:59:50,236] {dag.py:2305} INFO - Setting next_dagrun for example_subdag_operator.section-1 to None
[2022-05-18 19:59:50,237] {logging_mixin.py:104} INFO - [2022-05-18 19:59:50,237] {dag.py:2305} INFO - Setting next_dagrun for example_subdag_operator.section-2 to None
[2022-05-18 19:59:50,252] {logging_mixin.py:104} INFO - [2022-05-18 19:59:50,251] {dag.py:1832} INFO - Sync 2 DAGs
[2022-05-18 19:59:50,256] {logging_mixin.py:104} INFO - [2022-05-18 19:59:50,256] {dag.py:2305} INFO - Setting next_dagrun for example_subdag_operator.section-1 to None
[2022-05-18 19:59:50,256] {logging_mixin.py:104} INFO - [2022-05-18 19:59:50,256] {dag.py:2305} INFO - Setting next_dagrun for example_subdag_operator.section-2 to None
[2022-05-18 19:59:50,270] {scheduler_job.py:190} INFO - Processing /home/airflow/sandbox/lib/python3.8/site-packages/airflow/example_dags/example_subdag_operator.py took 0.106 seconds
[2022-05-18 20:00:25,846] {scheduler_job.py:182} INFO - Started process (PID=13963) to work on /home/airflow/sandbox/lib/python3.8/site-packages/airflow/example_dags/example_subdag_operator.py
[2022-05-18 20:00:25,849] {scheduler_job.py:633} INFO - Processing file /home/airflow/sandbox/lib/python3.8/site-packages/airflow/example_dags/example_subdag_operator.py for tasks to queue
[2022-05-18 20:00:25,851] {logging_mixin.py:104} INFO - [2022-05-18 20:00:25,850] {dagbag.py:487} INFO - Filling up the DagBag from /home/airflow/sandbox/lib/python3.8/site-packages/airflow/example_dags/example_subdag_operator.py
[2022-05-18 20:00:25,876] {scheduler_job.py:643} INFO - DAG(s) dict_keys(['example_subdag_operator.section-1', 'example_subdag_operator.section-2', 'example_subdag_operator']) retrieved from /home/airflow/sandbox/lib/python3.8/site-packages/airflow/example_dags/example_subdag_operator.py
[2022-05-18 20:00:25,887] {logging_mixin.py:104} INFO - [2022-05-18 20:00:25,887] {dag.py:1832} INFO - Sync 3 DAGs
[2022-05-18 20:00:25,895] {logging_mixin.py:104} INFO - [2022-05-18 20:00:25,895] {dag.py:2305} INFO - Setting next_dagrun for example_subdag_operator to 2022-05-16 00:00:00+00:00
[2022-05-18 20:00:25,896] {logging_mixin.py:104} INFO - [2022-05-18 20:00:25,896] {dag.py:2305} INFO - Setting next_dagrun for example_subdag_operator.section-1 to None
[2022-05-18 20:00:25,896] {logging_mixin.py:104} INFO - [2022-05-18 20:00:25,896] {dag.py:2305} INFO - Setting next_dagrun for example_subdag_operator.section-2 to None
[2022-05-18 20:00:25,914] {logging_mixin.py:104} INFO - [2022-05-18 20:00:25,914] {dag.py:1832} INFO - Sync 2 DAGs
[2022-05-18 20:00:25,922] {logging_mixin.py:104} INFO - [2022-05-18 20:00:25,922] {dag.py:2305} INFO - Setting next_dagrun for example_subdag_operator.section-1 to None
[2022-05-18 20:00:25,922] {logging_mixin.py:104} INFO - [2022-05-18 20:00:25,922] {dag.py:2305} INFO - Setting next_dagrun for example_subdag_operator.section-2 to None
[2022-05-18 20:00:25,938] {scheduler_job.py:190} INFO - Processing /home/airflow/sandbox/lib/python3.8/site-packages/airflow/example_dags/example_subdag_operator.py took 0.099 seconds
[2022-05-18 20:01:03,002] {scheduler_job.py:182} INFO - Started process (PID=13995) to work on /home/airflow/sandbox/lib/python3.8/site-packages/airflow/example_dags/example_subdag_operator.py
[2022-05-18 20:01:03,004] {scheduler_job.py:633} INFO - Processing file /home/airflow/sandbox/lib/python3.8/site-packages/airflow/example_dags/example_subdag_operator.py for tasks to queue
[2022-05-18 20:01:03,004] {logging_mixin.py:104} INFO - [2022-05-18 20:01:03,004] {dagbag.py:487} INFO - Filling up the DagBag from /home/airflow/sandbox/lib/python3.8/site-packages/airflow/example_dags/example_subdag_operator.py
[2022-05-18 20:01:03,026] {scheduler_job.py:643} INFO - DAG(s) dict_keys(['example_subdag_operator.section-1', 'example_subdag_operator.section-2', 'example_subdag_operator']) retrieved from /home/airflow/sandbox/lib/python3.8/site-packages/airflow/example_dags/example_subdag_operator.py
[2022-05-18 20:01:03,035] {logging_mixin.py:104} INFO - [2022-05-18 20:01:03,035] {dag.py:1832} INFO - Sync 3 DAGs
[2022-05-18 20:01:03,044] {logging_mixin.py:104} INFO - [2022-05-18 20:01:03,044] {dag.py:2305} INFO - Setting next_dagrun for example_subdag_operator to 2022-05-16 00:00:00+00:00
[2022-05-18 20:01:03,045] {logging_mixin.py:104} INFO - [2022-05-18 20:01:03,044] {dag.py:2305} INFO - Setting next_dagrun for example_subdag_operator.section-1 to None
[2022-05-18 20:01:03,045] {logging_mixin.py:104} INFO - [2022-05-18 20:01:03,045] {dag.py:2305} INFO - Setting next_dagrun for example_subdag_operator.section-2 to None
[2022-05-18 20:01:03,061] {logging_mixin.py:104} INFO - [2022-05-18 20:01:03,061] {dag.py:1832} INFO - Sync 2 DAGs
[2022-05-18 20:01:03,066] {logging_mixin.py:104} INFO - [2022-05-18 20:01:03,066] {dag.py:2305} INFO - Setting next_dagrun for example_subdag_operator.section-1 to None
[2022-05-18 20:01:03,066] {logging_mixin.py:104} INFO - [2022-05-18 20:01:03,066] {dag.py:2305} INFO - Setting next_dagrun for example_subdag_operator.section-2 to None
[2022-05-18 20:01:03,077] {scheduler_job.py:190} INFO - Processing /home/airflow/sandbox/lib/python3.8/site-packages/airflow/example_dags/example_subdag_operator.py took 0.079 seconds
[2022-05-18 20:01:36,303] {scheduler_job.py:182} INFO - Started process (PID=14067) to work on /home/airflow/sandbox/lib/python3.8/site-packages/airflow/example_dags/example_subdag_operator.py
[2022-05-18 20:01:36,305] {scheduler_job.py:633} INFO - Processing file /home/airflow/sandbox/lib/python3.8/site-packages/airflow/example_dags/example_subdag_operator.py for tasks to queue
[2022-05-18 20:01:36,307] {logging_mixin.py:104} INFO - [2022-05-18 20:01:36,306] {dagbag.py:487} INFO - Filling up the DagBag from /home/airflow/sandbox/lib/python3.8/site-packages/airflow/example_dags/example_subdag_operator.py
[2022-05-18 20:01:36,329] {scheduler_job.py:643} INFO - DAG(s) dict_keys(['example_subdag_operator.section-1', 'example_subdag_operator.section-2', 'example_subdag_operator']) retrieved from /home/airflow/sandbox/lib/python3.8/site-packages/airflow/example_dags/example_subdag_operator.py
[2022-05-18 20:01:36,336] {logging_mixin.py:104} INFO - [2022-05-18 20:01:36,336] {dag.py:1832} INFO - Sync 3 DAGs
[2022-05-18 20:01:36,343] {logging_mixin.py:104} INFO - [2022-05-18 20:01:36,343] {dag.py:2305} INFO - Setting next_dagrun for example_subdag_operator to 2022-05-16 00:00:00+00:00
[2022-05-18 20:01:36,344] {logging_mixin.py:104} INFO - [2022-05-18 20:01:36,344] {dag.py:2305} INFO - Setting next_dagrun for example_subdag_operator.section-1 to None
[2022-05-18 20:01:36,344] {logging_mixin.py:104} INFO - [2022-05-18 20:01:36,344] {dag.py:2305} INFO - Setting next_dagrun for example_subdag_operator.section-2 to None
[2022-05-18 20:01:36,358] {logging_mixin.py:104} INFO - [2022-05-18 20:01:36,358] {dag.py:1832} INFO - Sync 2 DAGs
[2022-05-18 20:01:36,364] {logging_mixin.py:104} INFO - [2022-05-18 20:01:36,364] {dag.py:2305} INFO - Setting next_dagrun for example_subdag_operator.section-1 to None
[2022-05-18 20:01:36,364] {logging_mixin.py:104} INFO - [2022-05-18 20:01:36,364] {dag.py:2305} INFO - Setting next_dagrun for example_subdag_operator.section-2 to None
[2022-05-18 20:01:36,378] {scheduler_job.py:190} INFO - Processing /home/airflow/sandbox/lib/python3.8/site-packages/airflow/example_dags/example_subdag_operator.py took 0.082 seconds
