[2022-05-18 18:48:14,356] {scheduler_job.py:182} INFO - Started process (PID=10537) to work on /home/airflow/sandbox/lib/python3.8/site-packages/airflow/example_dags/example_xcom.py
[2022-05-18 18:48:14,358] {scheduler_job.py:633} INFO - Processing file /home/airflow/sandbox/lib/python3.8/site-packages/airflow/example_dags/example_xcom.py for tasks to queue
[2022-05-18 18:48:14,359] {logging_mixin.py:104} INFO - [2022-05-18 18:48:14,359] {dagbag.py:487} INFO - Filling up the DagBag from /home/airflow/sandbox/lib/python3.8/site-packages/airflow/example_dags/example_xcom.py
[2022-05-18 18:48:14,370] {scheduler_job.py:643} INFO - DAG(s) dict_keys(['example_xcom']) retrieved from /home/airflow/sandbox/lib/python3.8/site-packages/airflow/example_dags/example_xcom.py
[2022-05-18 18:48:14,380] {logging_mixin.py:104} INFO - [2022-05-18 18:48:14,380] {dag.py:1832} INFO - Sync 1 DAGs
[2022-05-18 18:48:14,388] {logging_mixin.py:104} INFO - [2022-05-18 18:48:14,388] {dag.py:2305} INFO - Setting next_dagrun for example_xcom to 2022-05-16 00:00:00+00:00
[2022-05-18 18:48:14,406] {scheduler_job.py:190} INFO - Processing /home/airflow/sandbox/lib/python3.8/site-packages/airflow/example_dags/example_xcom.py took 0.055 seconds
[2022-05-18 18:48:49,451] {scheduler_job.py:182} INFO - Started process (PID=10730) to work on /home/airflow/sandbox/lib/python3.8/site-packages/airflow/example_dags/example_xcom.py
[2022-05-18 18:48:49,453] {scheduler_job.py:633} INFO - Processing file /home/airflow/sandbox/lib/python3.8/site-packages/airflow/example_dags/example_xcom.py for tasks to queue
[2022-05-18 18:48:49,455] {logging_mixin.py:104} INFO - [2022-05-18 18:48:49,454] {dagbag.py:487} INFO - Filling up the DagBag from /home/airflow/sandbox/lib/python3.8/site-packages/airflow/example_dags/example_xcom.py
[2022-05-18 18:48:49,481] {scheduler_job.py:643} INFO - DAG(s) dict_keys(['example_xcom']) retrieved from /home/airflow/sandbox/lib/python3.8/site-packages/airflow/example_dags/example_xcom.py
[2022-05-18 18:48:49,510] {logging_mixin.py:104} INFO - [2022-05-18 18:48:49,509] {dag.py:1832} INFO - Sync 1 DAGs
[2022-05-18 18:48:49,522] {logging_mixin.py:104} INFO - [2022-05-18 18:48:49,522] {dag.py:2305} INFO - Setting next_dagrun for example_xcom to 2022-05-16 00:00:00+00:00
[2022-05-18 18:48:49,540] {scheduler_job.py:190} INFO - Processing /home/airflow/sandbox/lib/python3.8/site-packages/airflow/example_dags/example_xcom.py took 0.098 seconds
[2022-05-18 18:49:26,605] {scheduler_job.py:182} INFO - Started process (PID=10865) to work on /home/airflow/sandbox/lib/python3.8/site-packages/airflow/example_dags/example_xcom.py
[2022-05-18 18:49:26,606] {scheduler_job.py:633} INFO - Processing file /home/airflow/sandbox/lib/python3.8/site-packages/airflow/example_dags/example_xcom.py for tasks to queue
[2022-05-18 18:49:26,606] {logging_mixin.py:104} INFO - [2022-05-18 18:49:26,606] {dagbag.py:487} INFO - Filling up the DagBag from /home/airflow/sandbox/lib/python3.8/site-packages/airflow/example_dags/example_xcom.py
[2022-05-18 18:49:26,618] {scheduler_job.py:643} INFO - DAG(s) dict_keys(['example_xcom']) retrieved from /home/airflow/sandbox/lib/python3.8/site-packages/airflow/example_dags/example_xcom.py
[2022-05-18 18:49:26,628] {logging_mixin.py:104} INFO - [2022-05-18 18:49:26,628] {dag.py:1832} INFO - Sync 1 DAGs
[2022-05-18 18:49:26,639] {logging_mixin.py:104} INFO - [2022-05-18 18:49:26,639] {dag.py:2305} INFO - Setting next_dagrun for example_xcom to 2022-05-16 00:00:00+00:00
[2022-05-18 18:49:26,659] {scheduler_job.py:190} INFO - Processing /home/airflow/sandbox/lib/python3.8/site-packages/airflow/example_dags/example_xcom.py took 0.057 seconds
[2022-05-18 18:50:02,696] {scheduler_job.py:182} INFO - Started process (PID=11025) to work on /home/airflow/sandbox/lib/python3.8/site-packages/airflow/example_dags/example_xcom.py
[2022-05-18 18:50:02,696] {scheduler_job.py:633} INFO - Processing file /home/airflow/sandbox/lib/python3.8/site-packages/airflow/example_dags/example_xcom.py for tasks to queue
[2022-05-18 18:50:02,697] {logging_mixin.py:104} INFO - [2022-05-18 18:50:02,697] {dagbag.py:487} INFO - Filling up the DagBag from /home/airflow/sandbox/lib/python3.8/site-packages/airflow/example_dags/example_xcom.py
[2022-05-18 18:50:02,705] {scheduler_job.py:643} INFO - DAG(s) dict_keys(['example_xcom']) retrieved from /home/airflow/sandbox/lib/python3.8/site-packages/airflow/example_dags/example_xcom.py
[2022-05-18 18:50:02,715] {logging_mixin.py:104} INFO - [2022-05-18 18:50:02,715] {dag.py:1832} INFO - Sync 1 DAGs
[2022-05-18 18:50:02,723] {logging_mixin.py:104} INFO - [2022-05-18 18:50:02,723] {dag.py:2305} INFO - Setting next_dagrun for example_xcom to 2022-05-16 00:00:00+00:00
[2022-05-18 18:50:02,737] {scheduler_job.py:190} INFO - Processing /home/airflow/sandbox/lib/python3.8/site-packages/airflow/example_dags/example_xcom.py took 0.044 seconds
[2022-05-18 18:50:38,245] {scheduler_job.py:182} INFO - Started process (PID=11171) to work on /home/airflow/sandbox/lib/python3.8/site-packages/airflow/example_dags/example_xcom.py
[2022-05-18 18:50:38,247] {scheduler_job.py:633} INFO - Processing file /home/airflow/sandbox/lib/python3.8/site-packages/airflow/example_dags/example_xcom.py for tasks to queue
[2022-05-18 18:50:38,247] {logging_mixin.py:104} INFO - [2022-05-18 18:50:38,247] {dagbag.py:487} INFO - Filling up the DagBag from /home/airflow/sandbox/lib/python3.8/site-packages/airflow/example_dags/example_xcom.py
[2022-05-18 18:50:38,259] {scheduler_job.py:643} INFO - DAG(s) dict_keys(['example_xcom']) retrieved from /home/airflow/sandbox/lib/python3.8/site-packages/airflow/example_dags/example_xcom.py
[2022-05-18 18:50:38,270] {logging_mixin.py:104} INFO - [2022-05-18 18:50:38,270] {dag.py:1832} INFO - Sync 1 DAGs
[2022-05-18 18:50:38,279] {logging_mixin.py:104} INFO - [2022-05-18 18:50:38,279] {dag.py:2305} INFO - Setting next_dagrun for example_xcom to 2022-05-16 00:00:00+00:00
[2022-05-18 18:50:38,299] {scheduler_job.py:190} INFO - Processing /home/airflow/sandbox/lib/python3.8/site-packages/airflow/example_dags/example_xcom.py took 0.057 seconds
[2022-05-18 18:51:16,165] {scheduler_job.py:182} INFO - Started process (PID=11296) to work on /home/airflow/sandbox/lib/python3.8/site-packages/airflow/example_dags/example_xcom.py
[2022-05-18 18:51:16,166] {scheduler_job.py:633} INFO - Processing file /home/airflow/sandbox/lib/python3.8/site-packages/airflow/example_dags/example_xcom.py for tasks to queue
[2022-05-18 18:51:16,167] {logging_mixin.py:104} INFO - [2022-05-18 18:51:16,167] {dagbag.py:487} INFO - Filling up the DagBag from /home/airflow/sandbox/lib/python3.8/site-packages/airflow/example_dags/example_xcom.py
[2022-05-18 18:51:16,177] {scheduler_job.py:643} INFO - DAG(s) dict_keys(['example_xcom']) retrieved from /home/airflow/sandbox/lib/python3.8/site-packages/airflow/example_dags/example_xcom.py
[2022-05-18 18:51:16,190] {logging_mixin.py:104} INFO - [2022-05-18 18:51:16,190] {dag.py:1832} INFO - Sync 1 DAGs
[2022-05-18 18:51:16,201] {logging_mixin.py:104} INFO - [2022-05-18 18:51:16,201] {dag.py:2305} INFO - Setting next_dagrun for example_xcom to 2022-05-16 00:00:00+00:00
[2022-05-18 18:51:16,219] {scheduler_job.py:190} INFO - Processing /home/airflow/sandbox/lib/python3.8/site-packages/airflow/example_dags/example_xcom.py took 0.057 seconds
[2022-05-18 18:51:53,181] {scheduler_job.py:182} INFO - Started process (PID=11420) to work on /home/airflow/sandbox/lib/python3.8/site-packages/airflow/example_dags/example_xcom.py
[2022-05-18 18:51:53,182] {scheduler_job.py:633} INFO - Processing file /home/airflow/sandbox/lib/python3.8/site-packages/airflow/example_dags/example_xcom.py for tasks to queue
[2022-05-18 18:51:53,183] {logging_mixin.py:104} INFO - [2022-05-18 18:51:53,183] {dagbag.py:487} INFO - Filling up the DagBag from /home/airflow/sandbox/lib/python3.8/site-packages/airflow/example_dags/example_xcom.py
[2022-05-18 18:51:53,195] {scheduler_job.py:643} INFO - DAG(s) dict_keys(['example_xcom']) retrieved from /home/airflow/sandbox/lib/python3.8/site-packages/airflow/example_dags/example_xcom.py
[2022-05-18 18:51:53,208] {logging_mixin.py:104} INFO - [2022-05-18 18:51:53,208] {dag.py:1832} INFO - Sync 1 DAGs
[2022-05-18 18:51:53,219] {logging_mixin.py:104} INFO - [2022-05-18 18:51:53,218] {dag.py:2305} INFO - Setting next_dagrun for example_xcom to 2022-05-16 00:00:00+00:00
[2022-05-18 18:51:53,242] {scheduler_job.py:190} INFO - Processing /home/airflow/sandbox/lib/python3.8/site-packages/airflow/example_dags/example_xcom.py took 0.064 seconds
[2022-05-18 18:52:28,381] {scheduler_job.py:182} INFO - Started process (PID=11576) to work on /home/airflow/sandbox/lib/python3.8/site-packages/airflow/example_dags/example_xcom.py
[2022-05-18 18:52:28,382] {scheduler_job.py:633} INFO - Processing file /home/airflow/sandbox/lib/python3.8/site-packages/airflow/example_dags/example_xcom.py for tasks to queue
[2022-05-18 18:52:28,382] {logging_mixin.py:104} INFO - [2022-05-18 18:52:28,382] {dagbag.py:487} INFO - Filling up the DagBag from /home/airflow/sandbox/lib/python3.8/site-packages/airflow/example_dags/example_xcom.py
[2022-05-18 18:52:28,395] {scheduler_job.py:643} INFO - DAG(s) dict_keys(['example_xcom']) retrieved from /home/airflow/sandbox/lib/python3.8/site-packages/airflow/example_dags/example_xcom.py
[2022-05-18 18:52:28,408] {logging_mixin.py:104} INFO - [2022-05-18 18:52:28,408] {dag.py:1832} INFO - Sync 1 DAGs
[2022-05-18 18:52:28,416] {logging_mixin.py:104} INFO - [2022-05-18 18:52:28,416] {dag.py:2305} INFO - Setting next_dagrun for example_xcom to 2022-05-16 00:00:00+00:00
[2022-05-18 18:52:28,441] {scheduler_job.py:190} INFO - Processing /home/airflow/sandbox/lib/python3.8/site-packages/airflow/example_dags/example_xcom.py took 0.063 seconds
[2022-05-18 18:53:02,361] {scheduler_job.py:182} INFO - Started process (PID=11722) to work on /home/airflow/sandbox/lib/python3.8/site-packages/airflow/example_dags/example_xcom.py
[2022-05-18 18:53:02,362] {scheduler_job.py:633} INFO - Processing file /home/airflow/sandbox/lib/python3.8/site-packages/airflow/example_dags/example_xcom.py for tasks to queue
[2022-05-18 18:53:02,362] {logging_mixin.py:104} INFO - [2022-05-18 18:53:02,362] {dagbag.py:487} INFO - Filling up the DagBag from /home/airflow/sandbox/lib/python3.8/site-packages/airflow/example_dags/example_xcom.py
[2022-05-18 18:53:02,371] {scheduler_job.py:643} INFO - DAG(s) dict_keys(['example_xcom']) retrieved from /home/airflow/sandbox/lib/python3.8/site-packages/airflow/example_dags/example_xcom.py
[2022-05-18 18:53:02,382] {logging_mixin.py:104} INFO - [2022-05-18 18:53:02,382] {dag.py:1832} INFO - Sync 1 DAGs
[2022-05-18 18:53:02,393] {logging_mixin.py:104} INFO - [2022-05-18 18:53:02,393] {dag.py:2305} INFO - Setting next_dagrun for example_xcom to 2022-05-16 00:00:00+00:00
[2022-05-18 18:53:02,408] {scheduler_job.py:190} INFO - Processing /home/airflow/sandbox/lib/python3.8/site-packages/airflow/example_dags/example_xcom.py took 0.050 seconds
[2022-05-18 18:53:35,255] {scheduler_job.py:182} INFO - Started process (PID=11818) to work on /home/airflow/sandbox/lib/python3.8/site-packages/airflow/example_dags/example_xcom.py
[2022-05-18 18:53:35,256] {scheduler_job.py:633} INFO - Processing file /home/airflow/sandbox/lib/python3.8/site-packages/airflow/example_dags/example_xcom.py for tasks to queue
[2022-05-18 18:53:35,256] {logging_mixin.py:104} INFO - [2022-05-18 18:53:35,256] {dagbag.py:487} INFO - Filling up the DagBag from /home/airflow/sandbox/lib/python3.8/site-packages/airflow/example_dags/example_xcom.py
[2022-05-18 18:53:35,267] {scheduler_job.py:643} INFO - DAG(s) dict_keys(['example_xcom']) retrieved from /home/airflow/sandbox/lib/python3.8/site-packages/airflow/example_dags/example_xcom.py
[2022-05-18 18:53:35,278] {logging_mixin.py:104} INFO - [2022-05-18 18:53:35,278] {dag.py:1832} INFO - Sync 1 DAGs
[2022-05-18 18:53:35,288] {logging_mixin.py:104} INFO - [2022-05-18 18:53:35,288] {dag.py:2305} INFO - Setting next_dagrun for example_xcom to 2022-05-16 00:00:00+00:00
[2022-05-18 18:53:35,304] {scheduler_job.py:190} INFO - Processing /home/airflow/sandbox/lib/python3.8/site-packages/airflow/example_dags/example_xcom.py took 0.052 seconds
[2022-05-18 18:54:10,647] {scheduler_job.py:182} INFO - Started process (PID=11914) to work on /home/airflow/sandbox/lib/python3.8/site-packages/airflow/example_dags/example_xcom.py
[2022-05-18 18:54:10,648] {scheduler_job.py:633} INFO - Processing file /home/airflow/sandbox/lib/python3.8/site-packages/airflow/example_dags/example_xcom.py for tasks to queue
[2022-05-18 18:54:10,649] {logging_mixin.py:104} INFO - [2022-05-18 18:54:10,649] {dagbag.py:487} INFO - Filling up the DagBag from /home/airflow/sandbox/lib/python3.8/site-packages/airflow/example_dags/example_xcom.py
[2022-05-18 18:54:10,658] {scheduler_job.py:643} INFO - DAG(s) dict_keys(['example_xcom']) retrieved from /home/airflow/sandbox/lib/python3.8/site-packages/airflow/example_dags/example_xcom.py
[2022-05-18 18:54:10,670] {logging_mixin.py:104} INFO - [2022-05-18 18:54:10,670] {dag.py:1832} INFO - Sync 1 DAGs
[2022-05-18 18:54:10,679] {logging_mixin.py:104} INFO - [2022-05-18 18:54:10,679] {dag.py:2305} INFO - Setting next_dagrun for example_xcom to 2022-05-16 00:00:00+00:00
[2022-05-18 18:54:10,695] {scheduler_job.py:190} INFO - Processing /home/airflow/sandbox/lib/python3.8/site-packages/airflow/example_dags/example_xcom.py took 0.051 seconds
[2022-05-18 18:54:53,078] {scheduler_job.py:182} INFO - Started process (PID=12070) to work on /home/airflow/sandbox/lib/python3.8/site-packages/airflow/example_dags/example_xcom.py
[2022-05-18 18:54:53,080] {scheduler_job.py:633} INFO - Processing file /home/airflow/sandbox/lib/python3.8/site-packages/airflow/example_dags/example_xcom.py for tasks to queue
[2022-05-18 18:54:53,081] {logging_mixin.py:104} INFO - [2022-05-18 18:54:53,081] {dagbag.py:487} INFO - Filling up the DagBag from /home/airflow/sandbox/lib/python3.8/site-packages/airflow/example_dags/example_xcom.py
[2022-05-18 18:54:53,090] {scheduler_job.py:643} INFO - DAG(s) dict_keys(['example_xcom']) retrieved from /home/airflow/sandbox/lib/python3.8/site-packages/airflow/example_dags/example_xcom.py
[2022-05-18 18:54:53,103] {logging_mixin.py:104} INFO - [2022-05-18 18:54:53,103] {dag.py:1832} INFO - Sync 1 DAGs
[2022-05-18 18:54:53,115] {logging_mixin.py:104} INFO - [2022-05-18 18:54:53,115] {dag.py:2305} INFO - Setting next_dagrun for example_xcom to 2022-05-16 00:00:00+00:00
[2022-05-18 18:54:53,130] {scheduler_job.py:190} INFO - Processing /home/airflow/sandbox/lib/python3.8/site-packages/airflow/example_dags/example_xcom.py took 0.056 seconds
[2022-05-18 18:55:27,271] {scheduler_job.py:182} INFO - Started process (PID=12163) to work on /home/airflow/sandbox/lib/python3.8/site-packages/airflow/example_dags/example_xcom.py
[2022-05-18 18:55:27,272] {scheduler_job.py:633} INFO - Processing file /home/airflow/sandbox/lib/python3.8/site-packages/airflow/example_dags/example_xcom.py for tasks to queue
[2022-05-18 18:55:27,273] {logging_mixin.py:104} INFO - [2022-05-18 18:55:27,273] {dagbag.py:487} INFO - Filling up the DagBag from /home/airflow/sandbox/lib/python3.8/site-packages/airflow/example_dags/example_xcom.py
[2022-05-18 18:55:27,282] {scheduler_job.py:643} INFO - DAG(s) dict_keys(['example_xcom']) retrieved from /home/airflow/sandbox/lib/python3.8/site-packages/airflow/example_dags/example_xcom.py
[2022-05-18 18:55:27,294] {logging_mixin.py:104} INFO - [2022-05-18 18:55:27,294] {dag.py:1832} INFO - Sync 1 DAGs
[2022-05-18 18:55:27,302] {logging_mixin.py:104} INFO - [2022-05-18 18:55:27,302] {dag.py:2305} INFO - Setting next_dagrun for example_xcom to 2022-05-16 00:00:00+00:00
[2022-05-18 18:55:27,316] {scheduler_job.py:190} INFO - Processing /home/airflow/sandbox/lib/python3.8/site-packages/airflow/example_dags/example_xcom.py took 0.048 seconds
[2022-05-18 18:55:59,516] {scheduler_job.py:182} INFO - Started process (PID=12259) to work on /home/airflow/sandbox/lib/python3.8/site-packages/airflow/example_dags/example_xcom.py
[2022-05-18 18:55:59,517] {scheduler_job.py:633} INFO - Processing file /home/airflow/sandbox/lib/python3.8/site-packages/airflow/example_dags/example_xcom.py for tasks to queue
[2022-05-18 18:55:59,517] {logging_mixin.py:104} INFO - [2022-05-18 18:55:59,517] {dagbag.py:487} INFO - Filling up the DagBag from /home/airflow/sandbox/lib/python3.8/site-packages/airflow/example_dags/example_xcom.py
[2022-05-18 18:55:59,529] {scheduler_job.py:643} INFO - DAG(s) dict_keys(['example_xcom']) retrieved from /home/airflow/sandbox/lib/python3.8/site-packages/airflow/example_dags/example_xcom.py
[2022-05-18 18:55:59,544] {logging_mixin.py:104} INFO - [2022-05-18 18:55:59,544] {dag.py:1832} INFO - Sync 1 DAGs
[2022-05-18 18:55:59,554] {logging_mixin.py:104} INFO - [2022-05-18 18:55:59,554] {dag.py:2305} INFO - Setting next_dagrun for example_xcom to 2022-05-16 00:00:00+00:00
[2022-05-18 18:55:59,575] {scheduler_job.py:190} INFO - Processing /home/airflow/sandbox/lib/python3.8/site-packages/airflow/example_dags/example_xcom.py took 0.063 seconds
[2022-05-18 19:57:41,971] {scheduler_job.py:182} INFO - Started process (PID=13690) to work on /home/airflow/sandbox/lib/python3.8/site-packages/airflow/example_dags/example_xcom.py
[2022-05-18 19:57:41,973] {scheduler_job.py:633} INFO - Processing file /home/airflow/sandbox/lib/python3.8/site-packages/airflow/example_dags/example_xcom.py for tasks to queue
[2022-05-18 19:57:41,975] {logging_mixin.py:104} INFO - [2022-05-18 19:57:41,974] {dagbag.py:487} INFO - Filling up the DagBag from /home/airflow/sandbox/lib/python3.8/site-packages/airflow/example_dags/example_xcom.py
[2022-05-18 19:57:41,986] {scheduler_job.py:643} INFO - DAG(s) dict_keys(['example_xcom']) retrieved from /home/airflow/sandbox/lib/python3.8/site-packages/airflow/example_dags/example_xcom.py
[2022-05-18 19:57:41,999] {logging_mixin.py:104} INFO - [2022-05-18 19:57:41,999] {dag.py:1832} INFO - Sync 1 DAGs
[2022-05-18 19:57:42,008] {logging_mixin.py:104} INFO - [2022-05-18 19:57:42,008] {dag.py:2305} INFO - Setting next_dagrun for example_xcom to 2022-05-16 00:00:00+00:00
[2022-05-18 19:57:42,021] {scheduler_job.py:190} INFO - Processing /home/airflow/sandbox/lib/python3.8/site-packages/airflow/example_dags/example_xcom.py took 0.054 seconds
[2022-05-18 19:58:14,869] {scheduler_job.py:182} INFO - Started process (PID=13722) to work on /home/airflow/sandbox/lib/python3.8/site-packages/airflow/example_dags/example_xcom.py
[2022-05-18 19:58:14,871] {scheduler_job.py:633} INFO - Processing file /home/airflow/sandbox/lib/python3.8/site-packages/airflow/example_dags/example_xcom.py for tasks to queue
[2022-05-18 19:58:14,872] {logging_mixin.py:104} INFO - [2022-05-18 19:58:14,871] {dagbag.py:487} INFO - Filling up the DagBag from /home/airflow/sandbox/lib/python3.8/site-packages/airflow/example_dags/example_xcom.py
[2022-05-18 19:58:14,883] {scheduler_job.py:643} INFO - DAG(s) dict_keys(['example_xcom']) retrieved from /home/airflow/sandbox/lib/python3.8/site-packages/airflow/example_dags/example_xcom.py
[2022-05-18 19:58:14,896] {logging_mixin.py:104} INFO - [2022-05-18 19:58:14,896] {dag.py:1832} INFO - Sync 1 DAGs
[2022-05-18 19:58:14,906] {logging_mixin.py:104} INFO - [2022-05-18 19:58:14,906] {dag.py:2305} INFO - Setting next_dagrun for example_xcom to 2022-05-16 00:00:00+00:00
[2022-05-18 19:58:14,925] {scheduler_job.py:190} INFO - Processing /home/airflow/sandbox/lib/python3.8/site-packages/airflow/example_dags/example_xcom.py took 0.059 seconds
[2022-05-18 19:59:22,281] {scheduler_job.py:182} INFO - Started process (PID=13904) to work on /home/airflow/sandbox/lib/python3.8/site-packages/airflow/example_dags/example_xcom.py
[2022-05-18 19:59:22,283] {scheduler_job.py:633} INFO - Processing file /home/airflow/sandbox/lib/python3.8/site-packages/airflow/example_dags/example_xcom.py for tasks to queue
[2022-05-18 19:59:22,283] {logging_mixin.py:104} INFO - [2022-05-18 19:59:22,283] {dagbag.py:487} INFO - Filling up the DagBag from /home/airflow/sandbox/lib/python3.8/site-packages/airflow/example_dags/example_xcom.py
[2022-05-18 19:59:22,294] {scheduler_job.py:643} INFO - DAG(s) dict_keys(['example_xcom']) retrieved from /home/airflow/sandbox/lib/python3.8/site-packages/airflow/example_dags/example_xcom.py
[2022-05-18 19:59:22,305] {logging_mixin.py:104} INFO - [2022-05-18 19:59:22,305] {dag.py:1832} INFO - Sync 1 DAGs
[2022-05-18 19:59:22,313] {logging_mixin.py:104} INFO - [2022-05-18 19:59:22,312] {dag.py:2305} INFO - Setting next_dagrun for example_xcom to 2022-05-16 00:00:00+00:00
[2022-05-18 19:59:22,327] {scheduler_job.py:190} INFO - Processing /home/airflow/sandbox/lib/python3.8/site-packages/airflow/example_dags/example_xcom.py took 0.050 seconds
[2022-05-18 19:59:56,729] {scheduler_job.py:182} INFO - Started process (PID=13936) to work on /home/airflow/sandbox/lib/python3.8/site-packages/airflow/example_dags/example_xcom.py
[2022-05-18 19:59:56,731] {scheduler_job.py:633} INFO - Processing file /home/airflow/sandbox/lib/python3.8/site-packages/airflow/example_dags/example_xcom.py for tasks to queue
[2022-05-18 19:59:56,731] {logging_mixin.py:104} INFO - [2022-05-18 19:59:56,731] {dagbag.py:487} INFO - Filling up the DagBag from /home/airflow/sandbox/lib/python3.8/site-packages/airflow/example_dags/example_xcom.py
[2022-05-18 19:59:56,741] {scheduler_job.py:643} INFO - DAG(s) dict_keys(['example_xcom']) retrieved from /home/airflow/sandbox/lib/python3.8/site-packages/airflow/example_dags/example_xcom.py
[2022-05-18 19:59:56,751] {logging_mixin.py:104} INFO - [2022-05-18 19:59:56,751] {dag.py:1832} INFO - Sync 1 DAGs
[2022-05-18 19:59:56,759] {logging_mixin.py:104} INFO - [2022-05-18 19:59:56,759] {dag.py:2305} INFO - Setting next_dagrun for example_xcom to 2022-05-16 00:00:00+00:00
[2022-05-18 19:59:56,775] {scheduler_job.py:190} INFO - Processing /home/airflow/sandbox/lib/python3.8/site-packages/airflow/example_dags/example_xcom.py took 0.049 seconds
[2022-05-18 20:00:31,721] {scheduler_job.py:182} INFO - Started process (PID=13968) to work on /home/airflow/sandbox/lib/python3.8/site-packages/airflow/example_dags/example_xcom.py
[2022-05-18 20:00:31,722] {scheduler_job.py:633} INFO - Processing file /home/airflow/sandbox/lib/python3.8/site-packages/airflow/example_dags/example_xcom.py for tasks to queue
[2022-05-18 20:00:31,723] {logging_mixin.py:104} INFO - [2022-05-18 20:00:31,723] {dagbag.py:487} INFO - Filling up the DagBag from /home/airflow/sandbox/lib/python3.8/site-packages/airflow/example_dags/example_xcom.py
[2022-05-18 20:00:31,735] {scheduler_job.py:643} INFO - DAG(s) dict_keys(['example_xcom']) retrieved from /home/airflow/sandbox/lib/python3.8/site-packages/airflow/example_dags/example_xcom.py
[2022-05-18 20:00:31,748] {logging_mixin.py:104} INFO - [2022-05-18 20:00:31,748] {dag.py:1832} INFO - Sync 1 DAGs
[2022-05-18 20:00:31,757] {logging_mixin.py:104} INFO - [2022-05-18 20:00:31,757] {dag.py:2305} INFO - Setting next_dagrun for example_xcom to 2022-05-16 00:00:00+00:00
[2022-05-18 20:00:31,776] {scheduler_job.py:190} INFO - Processing /home/airflow/sandbox/lib/python3.8/site-packages/airflow/example_dags/example_xcom.py took 0.058 seconds
[2022-05-18 20:01:08,661] {scheduler_job.py:182} INFO - Started process (PID=14000) to work on /home/airflow/sandbox/lib/python3.8/site-packages/airflow/example_dags/example_xcom.py
[2022-05-18 20:01:08,662] {scheduler_job.py:633} INFO - Processing file /home/airflow/sandbox/lib/python3.8/site-packages/airflow/example_dags/example_xcom.py for tasks to queue
[2022-05-18 20:01:08,663] {logging_mixin.py:104} INFO - [2022-05-18 20:01:08,663] {dagbag.py:487} INFO - Filling up the DagBag from /home/airflow/sandbox/lib/python3.8/site-packages/airflow/example_dags/example_xcom.py
[2022-05-18 20:01:08,671] {scheduler_job.py:643} INFO - DAG(s) dict_keys(['example_xcom']) retrieved from /home/airflow/sandbox/lib/python3.8/site-packages/airflow/example_dags/example_xcom.py
[2022-05-18 20:01:08,681] {logging_mixin.py:104} INFO - [2022-05-18 20:01:08,681] {dag.py:1832} INFO - Sync 1 DAGs
[2022-05-18 20:01:08,688] {logging_mixin.py:104} INFO - [2022-05-18 20:01:08,688] {dag.py:2305} INFO - Setting next_dagrun for example_xcom to 2022-05-16 00:00:00+00:00
[2022-05-18 20:01:08,703] {scheduler_job.py:190} INFO - Processing /home/airflow/sandbox/lib/python3.8/site-packages/airflow/example_dags/example_xcom.py took 0.044 seconds
[2022-05-18 20:01:41,491] {scheduler_job.py:182} INFO - Started process (PID=14078) to work on /home/airflow/sandbox/lib/python3.8/site-packages/airflow/example_dags/example_xcom.py
[2022-05-18 20:01:41,493] {scheduler_job.py:633} INFO - Processing file /home/airflow/sandbox/lib/python3.8/site-packages/airflow/example_dags/example_xcom.py for tasks to queue
[2022-05-18 20:01:41,494] {logging_mixin.py:104} INFO - [2022-05-18 20:01:41,494] {dagbag.py:487} INFO - Filling up the DagBag from /home/airflow/sandbox/lib/python3.8/site-packages/airflow/example_dags/example_xcom.py
[2022-05-18 20:01:41,505] {scheduler_job.py:643} INFO - DAG(s) dict_keys(['example_xcom']) retrieved from /home/airflow/sandbox/lib/python3.8/site-packages/airflow/example_dags/example_xcom.py
[2022-05-18 20:01:41,516] {logging_mixin.py:104} INFO - [2022-05-18 20:01:41,516] {dag.py:1832} INFO - Sync 1 DAGs
[2022-05-18 20:01:41,524] {logging_mixin.py:104} INFO - [2022-05-18 20:01:41,524] {dag.py:2305} INFO - Setting next_dagrun for example_xcom to 2022-05-16 00:00:00+00:00
[2022-05-18 20:01:41,539] {scheduler_job.py:190} INFO - Processing /home/airflow/sandbox/lib/python3.8/site-packages/airflow/example_dags/example_xcom.py took 0.052 seconds
