[2022-05-18 18:47:59,143] {scheduler_job.py:182} INFO - Started process (PID=10412) to work on /home/airflow/sandbox/lib/python3.8/site-packages/airflow/example_dags/tutorial.py
[2022-05-18 18:47:59,145] {scheduler_job.py:633} INFO - Processing file /home/airflow/sandbox/lib/python3.8/site-packages/airflow/example_dags/tutorial.py for tasks to queue
[2022-05-18 18:47:59,145] {logging_mixin.py:104} INFO - [2022-05-18 18:47:59,145] {dagbag.py:487} INFO - Filling up the DagBag from /home/airflow/sandbox/lib/python3.8/site-packages/airflow/example_dags/tutorial.py
[2022-05-18 18:47:59,157] {scheduler_job.py:643} INFO - DAG(s) dict_keys(['tutorial']) retrieved from /home/airflow/sandbox/lib/python3.8/site-packages/airflow/example_dags/tutorial.py
[2022-05-18 18:47:59,168] {logging_mixin.py:104} INFO - [2022-05-18 18:47:59,168] {dag.py:1832} INFO - Sync 1 DAGs
[2022-05-18 18:47:59,177] {logging_mixin.py:104} INFO - [2022-05-18 18:47:59,177] {dag.py:2305} INFO - Setting next_dagrun for tutorial to 2022-05-16 00:00:00+00:00
[2022-05-18 18:47:59,204] {scheduler_job.py:190} INFO - Processing /home/airflow/sandbox/lib/python3.8/site-packages/airflow/example_dags/tutorial.py took 0.066 seconds
[2022-05-18 18:48:33,895] {scheduler_job.py:182} INFO - Started process (PID=10609) to work on /home/airflow/sandbox/lib/python3.8/site-packages/airflow/example_dags/tutorial.py
[2022-05-18 18:48:33,896] {scheduler_job.py:633} INFO - Processing file /home/airflow/sandbox/lib/python3.8/site-packages/airflow/example_dags/tutorial.py for tasks to queue
[2022-05-18 18:48:33,896] {logging_mixin.py:104} INFO - [2022-05-18 18:48:33,896] {dagbag.py:487} INFO - Filling up the DagBag from /home/airflow/sandbox/lib/python3.8/site-packages/airflow/example_dags/tutorial.py
[2022-05-18 18:48:33,906] {scheduler_job.py:643} INFO - DAG(s) dict_keys(['tutorial']) retrieved from /home/airflow/sandbox/lib/python3.8/site-packages/airflow/example_dags/tutorial.py
[2022-05-18 18:48:33,918] {logging_mixin.py:104} INFO - [2022-05-18 18:48:33,918] {dag.py:1832} INFO - Sync 1 DAGs
[2022-05-18 18:48:33,926] {logging_mixin.py:104} INFO - [2022-05-18 18:48:33,926] {dag.py:2305} INFO - Setting next_dagrun for tutorial to 2022-05-16 00:00:00+00:00
[2022-05-18 18:48:33,941] {scheduler_job.py:190} INFO - Processing /home/airflow/sandbox/lib/python3.8/site-packages/airflow/example_dags/tutorial.py took 0.049 seconds
[2022-05-18 18:49:10,236] {scheduler_job.py:182} INFO - Started process (PID=10807) to work on /home/airflow/sandbox/lib/python3.8/site-packages/airflow/example_dags/tutorial.py
[2022-05-18 18:49:10,237] {scheduler_job.py:633} INFO - Processing file /home/airflow/sandbox/lib/python3.8/site-packages/airflow/example_dags/tutorial.py for tasks to queue
[2022-05-18 18:49:10,238] {logging_mixin.py:104} INFO - [2022-05-18 18:49:10,238] {dagbag.py:487} INFO - Filling up the DagBag from /home/airflow/sandbox/lib/python3.8/site-packages/airflow/example_dags/tutorial.py
[2022-05-18 18:49:10,263] {scheduler_job.py:643} INFO - DAG(s) dict_keys(['tutorial']) retrieved from /home/airflow/sandbox/lib/python3.8/site-packages/airflow/example_dags/tutorial.py
[2022-05-18 18:49:10,308] {logging_mixin.py:104} INFO - [2022-05-18 18:49:10,308] {dag.py:1832} INFO - Sync 1 DAGs
[2022-05-18 18:49:10,333] {logging_mixin.py:104} INFO - [2022-05-18 18:49:10,333] {dag.py:2305} INFO - Setting next_dagrun for tutorial to 2022-05-16 00:00:00+00:00
[2022-05-18 18:49:10,395] {scheduler_job.py:190} INFO - Processing /home/airflow/sandbox/lib/python3.8/site-packages/airflow/example_dags/tutorial.py took 0.161 seconds
[2022-05-18 18:49:47,553] {scheduler_job.py:182} INFO - Started process (PID=10963) to work on /home/airflow/sandbox/lib/python3.8/site-packages/airflow/example_dags/tutorial.py
[2022-05-18 18:49:47,554] {scheduler_job.py:633} INFO - Processing file /home/airflow/sandbox/lib/python3.8/site-packages/airflow/example_dags/tutorial.py for tasks to queue
[2022-05-18 18:49:47,554] {logging_mixin.py:104} INFO - [2022-05-18 18:49:47,554] {dagbag.py:487} INFO - Filling up the DagBag from /home/airflow/sandbox/lib/python3.8/site-packages/airflow/example_dags/tutorial.py
[2022-05-18 18:49:47,563] {scheduler_job.py:643} INFO - DAG(s) dict_keys(['tutorial']) retrieved from /home/airflow/sandbox/lib/python3.8/site-packages/airflow/example_dags/tutorial.py
[2022-05-18 18:49:47,573] {logging_mixin.py:104} INFO - [2022-05-18 18:49:47,573] {dag.py:1832} INFO - Sync 1 DAGs
[2022-05-18 18:49:47,581] {logging_mixin.py:104} INFO - [2022-05-18 18:49:47,581] {dag.py:2305} INFO - Setting next_dagrun for tutorial to 2022-05-16 00:00:00+00:00
[2022-05-18 18:49:47,595] {scheduler_job.py:190} INFO - Processing /home/airflow/sandbox/lib/python3.8/site-packages/airflow/example_dags/tutorial.py took 0.044 seconds
[2022-05-18 18:50:22,882] {scheduler_job.py:182} INFO - Started process (PID=11145) to work on /home/airflow/sandbox/lib/python3.8/site-packages/airflow/example_dags/tutorial.py
[2022-05-18 18:50:22,882] {scheduler_job.py:633} INFO - Processing file /home/airflow/sandbox/lib/python3.8/site-packages/airflow/example_dags/tutorial.py for tasks to queue
[2022-05-18 18:50:22,883] {logging_mixin.py:104} INFO - [2022-05-18 18:50:22,883] {dagbag.py:487} INFO - Filling up the DagBag from /home/airflow/sandbox/lib/python3.8/site-packages/airflow/example_dags/tutorial.py
[2022-05-18 18:50:22,891] {scheduler_job.py:643} INFO - DAG(s) dict_keys(['tutorial']) retrieved from /home/airflow/sandbox/lib/python3.8/site-packages/airflow/example_dags/tutorial.py
[2022-05-18 18:50:22,901] {logging_mixin.py:104} INFO - [2022-05-18 18:50:22,901] {dag.py:1832} INFO - Sync 1 DAGs
[2022-05-18 18:50:22,909] {logging_mixin.py:104} INFO - [2022-05-18 18:50:22,909] {dag.py:2305} INFO - Setting next_dagrun for tutorial to 2022-05-16 00:00:00+00:00
[2022-05-18 18:50:22,923] {scheduler_job.py:190} INFO - Processing /home/airflow/sandbox/lib/python3.8/site-packages/airflow/example_dags/tutorial.py took 0.044 seconds
[2022-05-18 18:50:59,154] {scheduler_job.py:182} INFO - Started process (PID=11250) to work on /home/airflow/sandbox/lib/python3.8/site-packages/airflow/example_dags/tutorial.py
[2022-05-18 18:50:59,155] {scheduler_job.py:633} INFO - Processing file /home/airflow/sandbox/lib/python3.8/site-packages/airflow/example_dags/tutorial.py for tasks to queue
[2022-05-18 18:50:59,155] {logging_mixin.py:104} INFO - [2022-05-18 18:50:59,155] {dagbag.py:487} INFO - Filling up the DagBag from /home/airflow/sandbox/lib/python3.8/site-packages/airflow/example_dags/tutorial.py
[2022-05-18 18:50:59,167] {scheduler_job.py:643} INFO - DAG(s) dict_keys(['tutorial']) retrieved from /home/airflow/sandbox/lib/python3.8/site-packages/airflow/example_dags/tutorial.py
[2022-05-18 18:50:59,178] {logging_mixin.py:104} INFO - [2022-05-18 18:50:59,178] {dag.py:1832} INFO - Sync 1 DAGs
[2022-05-18 18:50:59,189] {logging_mixin.py:104} INFO - [2022-05-18 18:50:59,189] {dag.py:2305} INFO - Setting next_dagrun for tutorial to 2022-05-16 00:00:00+00:00
[2022-05-18 18:50:59,204] {scheduler_job.py:190} INFO - Processing /home/airflow/sandbox/lib/python3.8/site-packages/airflow/example_dags/tutorial.py took 0.054 seconds
[2022-05-18 18:51:37,541] {scheduler_job.py:182} INFO - Started process (PID=11344) to work on /home/airflow/sandbox/lib/python3.8/site-packages/airflow/example_dags/tutorial.py
[2022-05-18 18:51:37,542] {scheduler_job.py:633} INFO - Processing file /home/airflow/sandbox/lib/python3.8/site-packages/airflow/example_dags/tutorial.py for tasks to queue
[2022-05-18 18:51:37,542] {logging_mixin.py:104} INFO - [2022-05-18 18:51:37,542] {dagbag.py:487} INFO - Filling up the DagBag from /home/airflow/sandbox/lib/python3.8/site-packages/airflow/example_dags/tutorial.py
[2022-05-18 18:51:37,552] {scheduler_job.py:643} INFO - DAG(s) dict_keys(['tutorial']) retrieved from /home/airflow/sandbox/lib/python3.8/site-packages/airflow/example_dags/tutorial.py
[2022-05-18 18:51:37,563] {logging_mixin.py:104} INFO - [2022-05-18 18:51:37,563] {dag.py:1832} INFO - Sync 1 DAGs
[2022-05-18 18:51:37,573] {logging_mixin.py:104} INFO - [2022-05-18 18:51:37,573] {dag.py:2305} INFO - Setting next_dagrun for tutorial to 2022-05-16 00:00:00+00:00
[2022-05-18 18:51:37,589] {scheduler_job.py:190} INFO - Processing /home/airflow/sandbox/lib/python3.8/site-packages/airflow/example_dags/tutorial.py took 0.051 seconds
[2022-05-18 18:52:12,604] {scheduler_job.py:182} INFO - Started process (PID=11469) to work on /home/airflow/sandbox/lib/python3.8/site-packages/airflow/example_dags/tutorial.py
[2022-05-18 18:52:12,605] {scheduler_job.py:633} INFO - Processing file /home/airflow/sandbox/lib/python3.8/site-packages/airflow/example_dags/tutorial.py for tasks to queue
[2022-05-18 18:52:12,605] {logging_mixin.py:104} INFO - [2022-05-18 18:52:12,605] {dagbag.py:487} INFO - Filling up the DagBag from /home/airflow/sandbox/lib/python3.8/site-packages/airflow/example_dags/tutorial.py
[2022-05-18 18:52:12,614] {scheduler_job.py:643} INFO - DAG(s) dict_keys(['tutorial']) retrieved from /home/airflow/sandbox/lib/python3.8/site-packages/airflow/example_dags/tutorial.py
[2022-05-18 18:52:12,628] {logging_mixin.py:104} INFO - [2022-05-18 18:52:12,627] {dag.py:1832} INFO - Sync 1 DAGs
[2022-05-18 18:52:12,637] {logging_mixin.py:104} INFO - [2022-05-18 18:52:12,637] {dag.py:2305} INFO - Setting next_dagrun for tutorial to 2022-05-16 00:00:00+00:00
[2022-05-18 18:52:12,693] {scheduler_job.py:190} INFO - Processing /home/airflow/sandbox/lib/python3.8/site-packages/airflow/example_dags/tutorial.py took 0.092 seconds
[2022-05-18 18:52:48,382] {scheduler_job.py:182} INFO - Started process (PID=11678) to work on /home/airflow/sandbox/lib/python3.8/site-packages/airflow/example_dags/tutorial.py
[2022-05-18 18:52:48,383] {scheduler_job.py:633} INFO - Processing file /home/airflow/sandbox/lib/python3.8/site-packages/airflow/example_dags/tutorial.py for tasks to queue
[2022-05-18 18:52:48,383] {logging_mixin.py:104} INFO - [2022-05-18 18:52:48,383] {dagbag.py:487} INFO - Filling up the DagBag from /home/airflow/sandbox/lib/python3.8/site-packages/airflow/example_dags/tutorial.py
[2022-05-18 18:52:48,393] {scheduler_job.py:643} INFO - DAG(s) dict_keys(['tutorial']) retrieved from /home/airflow/sandbox/lib/python3.8/site-packages/airflow/example_dags/tutorial.py
[2022-05-18 18:52:48,406] {logging_mixin.py:104} INFO - [2022-05-18 18:52:48,406] {dag.py:1832} INFO - Sync 1 DAGs
[2022-05-18 18:52:48,414] {logging_mixin.py:104} INFO - [2022-05-18 18:52:48,414] {dag.py:2305} INFO - Setting next_dagrun for tutorial to 2022-05-16 00:00:00+00:00
[2022-05-18 18:52:48,429] {scheduler_job.py:190} INFO - Processing /home/airflow/sandbox/lib/python3.8/site-packages/airflow/example_dags/tutorial.py took 0.050 seconds
[2022-05-18 18:53:21,256] {scheduler_job.py:182} INFO - Started process (PID=11804) to work on /home/airflow/sandbox/lib/python3.8/site-packages/airflow/example_dags/tutorial.py
[2022-05-18 18:53:21,257] {scheduler_job.py:633} INFO - Processing file /home/airflow/sandbox/lib/python3.8/site-packages/airflow/example_dags/tutorial.py for tasks to queue
[2022-05-18 18:53:21,258] {logging_mixin.py:104} INFO - [2022-05-18 18:53:21,258] {dagbag.py:487} INFO - Filling up the DagBag from /home/airflow/sandbox/lib/python3.8/site-packages/airflow/example_dags/tutorial.py
[2022-05-18 18:53:21,267] {scheduler_job.py:643} INFO - DAG(s) dict_keys(['tutorial']) retrieved from /home/airflow/sandbox/lib/python3.8/site-packages/airflow/example_dags/tutorial.py
[2022-05-18 18:53:21,278] {logging_mixin.py:104} INFO - [2022-05-18 18:53:21,278] {dag.py:1832} INFO - Sync 1 DAGs
[2022-05-18 18:53:21,287] {logging_mixin.py:104} INFO - [2022-05-18 18:53:21,287] {dag.py:2305} INFO - Setting next_dagrun for tutorial to 2022-05-16 00:00:00+00:00
[2022-05-18 18:53:21,302] {scheduler_job.py:190} INFO - Processing /home/airflow/sandbox/lib/python3.8/site-packages/airflow/example_dags/tutorial.py took 0.049 seconds
[2022-05-18 18:53:55,361] {scheduler_job.py:182} INFO - Started process (PID=11900) to work on /home/airflow/sandbox/lib/python3.8/site-packages/airflow/example_dags/tutorial.py
[2022-05-18 18:53:55,362] {scheduler_job.py:633} INFO - Processing file /home/airflow/sandbox/lib/python3.8/site-packages/airflow/example_dags/tutorial.py for tasks to queue
[2022-05-18 18:53:55,362] {logging_mixin.py:104} INFO - [2022-05-18 18:53:55,362] {dagbag.py:487} INFO - Filling up the DagBag from /home/airflow/sandbox/lib/python3.8/site-packages/airflow/example_dags/tutorial.py
[2022-05-18 18:53:55,372] {scheduler_job.py:643} INFO - DAG(s) dict_keys(['tutorial']) retrieved from /home/airflow/sandbox/lib/python3.8/site-packages/airflow/example_dags/tutorial.py
[2022-05-18 18:53:55,383] {logging_mixin.py:104} INFO - [2022-05-18 18:53:55,383] {dag.py:1832} INFO - Sync 1 DAGs
[2022-05-18 18:53:55,392] {logging_mixin.py:104} INFO - [2022-05-18 18:53:55,392] {dag.py:2305} INFO - Setting next_dagrun for tutorial to 2022-05-16 00:00:00+00:00
[2022-05-18 18:53:55,405] {scheduler_job.py:190} INFO - Processing /home/airflow/sandbox/lib/python3.8/site-packages/airflow/example_dags/tutorial.py took 0.047 seconds
[2022-05-18 18:54:33,134] {scheduler_job.py:182} INFO - Started process (PID=11994) to work on /home/airflow/sandbox/lib/python3.8/site-packages/airflow/example_dags/tutorial.py
[2022-05-18 18:54:33,136] {scheduler_job.py:633} INFO - Processing file /home/airflow/sandbox/lib/python3.8/site-packages/airflow/example_dags/tutorial.py for tasks to queue
[2022-05-18 18:54:33,137] {logging_mixin.py:104} INFO - [2022-05-18 18:54:33,137] {dagbag.py:487} INFO - Filling up the DagBag from /home/airflow/sandbox/lib/python3.8/site-packages/airflow/example_dags/tutorial.py
[2022-05-18 18:54:33,148] {scheduler_job.py:643} INFO - DAG(s) dict_keys(['tutorial']) retrieved from /home/airflow/sandbox/lib/python3.8/site-packages/airflow/example_dags/tutorial.py
[2022-05-18 18:54:33,165] {logging_mixin.py:104} INFO - [2022-05-18 18:54:33,165] {dag.py:1832} INFO - Sync 1 DAGs
[2022-05-18 18:54:33,180] {logging_mixin.py:104} INFO - [2022-05-18 18:54:33,180] {dag.py:2305} INFO - Setting next_dagrun for tutorial to 2022-05-16 00:00:00+00:00
[2022-05-18 18:54:33,200] {scheduler_job.py:190} INFO - Processing /home/airflow/sandbox/lib/python3.8/site-packages/airflow/example_dags/tutorial.py took 0.069 seconds
[2022-05-18 18:55:10,409] {scheduler_job.py:182} INFO - Started process (PID=12087) to work on /home/airflow/sandbox/lib/python3.8/site-packages/airflow/example_dags/tutorial.py
[2022-05-18 18:55:10,412] {scheduler_job.py:633} INFO - Processing file /home/airflow/sandbox/lib/python3.8/site-packages/airflow/example_dags/tutorial.py for tasks to queue
[2022-05-18 18:55:10,413] {logging_mixin.py:104} INFO - [2022-05-18 18:55:10,413] {dagbag.py:487} INFO - Filling up the DagBag from /home/airflow/sandbox/lib/python3.8/site-packages/airflow/example_dags/tutorial.py
[2022-05-18 18:55:10,426] {scheduler_job.py:643} INFO - DAG(s) dict_keys(['tutorial']) retrieved from /home/airflow/sandbox/lib/python3.8/site-packages/airflow/example_dags/tutorial.py
[2022-05-18 18:55:10,438] {logging_mixin.py:104} INFO - [2022-05-18 18:55:10,438] {dag.py:1832} INFO - Sync 1 DAGs
[2022-05-18 18:55:10,448] {logging_mixin.py:104} INFO - [2022-05-18 18:55:10,448] {dag.py:2305} INFO - Setting next_dagrun for tutorial to 2022-05-16 00:00:00+00:00
[2022-05-18 18:55:10,462] {scheduler_job.py:190} INFO - Processing /home/airflow/sandbox/lib/python3.8/site-packages/airflow/example_dags/tutorial.py took 0.059 seconds
[2022-05-18 18:55:44,059] {scheduler_job.py:182} INFO - Started process (PID=12180) to work on /home/airflow/sandbox/lib/python3.8/site-packages/airflow/example_dags/tutorial.py
[2022-05-18 18:55:44,060] {scheduler_job.py:633} INFO - Processing file /home/airflow/sandbox/lib/python3.8/site-packages/airflow/example_dags/tutorial.py for tasks to queue
[2022-05-18 18:55:44,061] {logging_mixin.py:104} INFO - [2022-05-18 18:55:44,060] {dagbag.py:487} INFO - Filling up the DagBag from /home/airflow/sandbox/lib/python3.8/site-packages/airflow/example_dags/tutorial.py
[2022-05-18 18:55:44,070] {scheduler_job.py:643} INFO - DAG(s) dict_keys(['tutorial']) retrieved from /home/airflow/sandbox/lib/python3.8/site-packages/airflow/example_dags/tutorial.py
[2022-05-18 18:55:44,084] {logging_mixin.py:104} INFO - [2022-05-18 18:55:44,083] {dag.py:1832} INFO - Sync 1 DAGs
[2022-05-18 18:55:44,093] {logging_mixin.py:104} INFO - [2022-05-18 18:55:44,093] {dag.py:2305} INFO - Setting next_dagrun for tutorial to 2022-05-16 00:00:00+00:00
[2022-05-18 18:55:44,108] {scheduler_job.py:190} INFO - Processing /home/airflow/sandbox/lib/python3.8/site-packages/airflow/example_dags/tutorial.py took 0.051 seconds
[2022-05-18 19:57:27,659] {scheduler_job.py:182} INFO - Started process (PID=13676) to work on /home/airflow/sandbox/lib/python3.8/site-packages/airflow/example_dags/tutorial.py
[2022-05-18 19:57:27,660] {scheduler_job.py:633} INFO - Processing file /home/airflow/sandbox/lib/python3.8/site-packages/airflow/example_dags/tutorial.py for tasks to queue
[2022-05-18 19:57:27,661] {logging_mixin.py:104} INFO - [2022-05-18 19:57:27,661] {dagbag.py:487} INFO - Filling up the DagBag from /home/airflow/sandbox/lib/python3.8/site-packages/airflow/example_dags/tutorial.py
[2022-05-18 19:57:27,672] {scheduler_job.py:643} INFO - DAG(s) dict_keys(['tutorial']) retrieved from /home/airflow/sandbox/lib/python3.8/site-packages/airflow/example_dags/tutorial.py
[2022-05-18 19:57:27,684] {logging_mixin.py:104} INFO - [2022-05-18 19:57:27,684] {dag.py:1832} INFO - Sync 1 DAGs
[2022-05-18 19:57:27,695] {logging_mixin.py:104} INFO - [2022-05-18 19:57:27,695] {dag.py:2305} INFO - Setting next_dagrun for tutorial to 2022-05-16 00:00:00+00:00
[2022-05-18 19:57:27,711] {scheduler_job.py:190} INFO - Processing /home/airflow/sandbox/lib/python3.8/site-packages/airflow/example_dags/tutorial.py took 0.057 seconds
[2022-05-18 19:58:00,551] {scheduler_job.py:182} INFO - Started process (PID=13708) to work on /home/airflow/sandbox/lib/python3.8/site-packages/airflow/example_dags/tutorial.py
[2022-05-18 19:58:00,552] {scheduler_job.py:633} INFO - Processing file /home/airflow/sandbox/lib/python3.8/site-packages/airflow/example_dags/tutorial.py for tasks to queue
[2022-05-18 19:58:00,552] {logging_mixin.py:104} INFO - [2022-05-18 19:58:00,552] {dagbag.py:487} INFO - Filling up the DagBag from /home/airflow/sandbox/lib/python3.8/site-packages/airflow/example_dags/tutorial.py
[2022-05-18 19:58:00,562] {scheduler_job.py:643} INFO - DAG(s) dict_keys(['tutorial']) retrieved from /home/airflow/sandbox/lib/python3.8/site-packages/airflow/example_dags/tutorial.py
[2022-05-18 19:58:00,573] {logging_mixin.py:104} INFO - [2022-05-18 19:58:00,573] {dag.py:1832} INFO - Sync 1 DAGs
[2022-05-18 19:58:00,582] {logging_mixin.py:104} INFO - [2022-05-18 19:58:00,582] {dag.py:2305} INFO - Setting next_dagrun for tutorial to 2022-05-16 00:00:00+00:00
[2022-05-18 19:58:00,597] {scheduler_job.py:190} INFO - Processing /home/airflow/sandbox/lib/python3.8/site-packages/airflow/example_dags/tutorial.py took 0.049 seconds
[2022-05-18 19:59:07,805] {scheduler_job.py:182} INFO - Started process (PID=13890) to work on /home/airflow/sandbox/lib/python3.8/site-packages/airflow/example_dags/tutorial.py
[2022-05-18 19:59:07,807] {scheduler_job.py:633} INFO - Processing file /home/airflow/sandbox/lib/python3.8/site-packages/airflow/example_dags/tutorial.py for tasks to queue
[2022-05-18 19:59:07,808] {logging_mixin.py:104} INFO - [2022-05-18 19:59:07,808] {dagbag.py:487} INFO - Filling up the DagBag from /home/airflow/sandbox/lib/python3.8/site-packages/airflow/example_dags/tutorial.py
[2022-05-18 19:59:07,821] {scheduler_job.py:643} INFO - DAG(s) dict_keys(['tutorial']) retrieved from /home/airflow/sandbox/lib/python3.8/site-packages/airflow/example_dags/tutorial.py
[2022-05-18 19:59:07,835] {logging_mixin.py:104} INFO - [2022-05-18 19:59:07,835] {dag.py:1832} INFO - Sync 1 DAGs
[2022-05-18 19:59:07,843] {logging_mixin.py:104} INFO - [2022-05-18 19:59:07,843] {dag.py:2305} INFO - Setting next_dagrun for tutorial to 2022-05-16 00:00:00+00:00
[2022-05-18 19:59:07,862] {scheduler_job.py:190} INFO - Processing /home/airflow/sandbox/lib/python3.8/site-packages/airflow/example_dags/tutorial.py took 0.061 seconds
[2022-05-18 19:59:40,994] {scheduler_job.py:182} INFO - Started process (PID=13922) to work on /home/airflow/sandbox/lib/python3.8/site-packages/airflow/example_dags/tutorial.py
[2022-05-18 19:59:40,996] {scheduler_job.py:633} INFO - Processing file /home/airflow/sandbox/lib/python3.8/site-packages/airflow/example_dags/tutorial.py for tasks to queue
[2022-05-18 19:59:40,997] {logging_mixin.py:104} INFO - [2022-05-18 19:59:40,997] {dagbag.py:487} INFO - Filling up the DagBag from /home/airflow/sandbox/lib/python3.8/site-packages/airflow/example_dags/tutorial.py
[2022-05-18 19:59:41,015] {scheduler_job.py:643} INFO - DAG(s) dict_keys(['tutorial']) retrieved from /home/airflow/sandbox/lib/python3.8/site-packages/airflow/example_dags/tutorial.py
[2022-05-18 19:59:41,032] {logging_mixin.py:104} INFO - [2022-05-18 19:59:41,032] {dag.py:1832} INFO - Sync 1 DAGs
[2022-05-18 19:59:41,043] {logging_mixin.py:104} INFO - [2022-05-18 19:59:41,043] {dag.py:2305} INFO - Setting next_dagrun for tutorial to 2022-05-16 00:00:00+00:00
[2022-05-18 19:59:41,061] {scheduler_job.py:190} INFO - Processing /home/airflow/sandbox/lib/python3.8/site-packages/airflow/example_dags/tutorial.py took 0.071 seconds
[2022-05-18 20:00:16,242] {scheduler_job.py:182} INFO - Started process (PID=13954) to work on /home/airflow/sandbox/lib/python3.8/site-packages/airflow/example_dags/tutorial.py
[2022-05-18 20:00:16,244] {scheduler_job.py:633} INFO - Processing file /home/airflow/sandbox/lib/python3.8/site-packages/airflow/example_dags/tutorial.py for tasks to queue
[2022-05-18 20:00:16,245] {logging_mixin.py:104} INFO - [2022-05-18 20:00:16,245] {dagbag.py:487} INFO - Filling up the DagBag from /home/airflow/sandbox/lib/python3.8/site-packages/airflow/example_dags/tutorial.py
[2022-05-18 20:00:16,258] {scheduler_job.py:643} INFO - DAG(s) dict_keys(['tutorial']) retrieved from /home/airflow/sandbox/lib/python3.8/site-packages/airflow/example_dags/tutorial.py
[2022-05-18 20:00:16,270] {logging_mixin.py:104} INFO - [2022-05-18 20:00:16,269] {dag.py:1832} INFO - Sync 1 DAGs
[2022-05-18 20:00:16,281] {logging_mixin.py:104} INFO - [2022-05-18 20:00:16,281] {dag.py:2305} INFO - Setting next_dagrun for tutorial to 2022-05-16 00:00:00+00:00
[2022-05-18 20:00:16,297] {scheduler_job.py:190} INFO - Processing /home/airflow/sandbox/lib/python3.8/site-packages/airflow/example_dags/tutorial.py took 0.060 seconds
[2022-05-18 20:00:53,243] {scheduler_job.py:182} INFO - Started process (PID=13986) to work on /home/airflow/sandbox/lib/python3.8/site-packages/airflow/example_dags/tutorial.py
[2022-05-18 20:00:53,244] {scheduler_job.py:633} INFO - Processing file /home/airflow/sandbox/lib/python3.8/site-packages/airflow/example_dags/tutorial.py for tasks to queue
[2022-05-18 20:00:53,245] {logging_mixin.py:104} INFO - [2022-05-18 20:00:53,245] {dagbag.py:487} INFO - Filling up the DagBag from /home/airflow/sandbox/lib/python3.8/site-packages/airflow/example_dags/tutorial.py
[2022-05-18 20:00:53,255] {scheduler_job.py:643} INFO - DAG(s) dict_keys(['tutorial']) retrieved from /home/airflow/sandbox/lib/python3.8/site-packages/airflow/example_dags/tutorial.py
[2022-05-18 20:00:53,270] {logging_mixin.py:104} INFO - [2022-05-18 20:00:53,270] {dag.py:1832} INFO - Sync 1 DAGs
[2022-05-18 20:00:53,283] {logging_mixin.py:104} INFO - [2022-05-18 20:00:53,283] {dag.py:2305} INFO - Setting next_dagrun for tutorial to 2022-05-16 00:00:00+00:00
[2022-05-18 20:00:53,302] {scheduler_job.py:190} INFO - Processing /home/airflow/sandbox/lib/python3.8/site-packages/airflow/example_dags/tutorial.py took 0.066 seconds
[2022-05-18 20:01:26,304] {scheduler_job.py:182} INFO - Started process (PID=14019) to work on /home/airflow/sandbox/lib/python3.8/site-packages/airflow/example_dags/tutorial.py
[2022-05-18 20:01:26,305] {scheduler_job.py:633} INFO - Processing file /home/airflow/sandbox/lib/python3.8/site-packages/airflow/example_dags/tutorial.py for tasks to queue
[2022-05-18 20:01:26,306] {logging_mixin.py:104} INFO - [2022-05-18 20:01:26,306] {dagbag.py:487} INFO - Filling up the DagBag from /home/airflow/sandbox/lib/python3.8/site-packages/airflow/example_dags/tutorial.py
[2022-05-18 20:01:26,317] {scheduler_job.py:643} INFO - DAG(s) dict_keys(['tutorial']) retrieved from /home/airflow/sandbox/lib/python3.8/site-packages/airflow/example_dags/tutorial.py
[2022-05-18 20:01:26,328] {logging_mixin.py:104} INFO - [2022-05-18 20:01:26,328] {dag.py:1832} INFO - Sync 1 DAGs
[2022-05-18 20:01:26,339] {logging_mixin.py:104} INFO - [2022-05-18 20:01:26,338] {dag.py:2305} INFO - Setting next_dagrun for tutorial to 2022-05-16 00:00:00+00:00
[2022-05-18 20:01:26,395] {scheduler_job.py:190} INFO - Processing /home/airflow/sandbox/lib/python3.8/site-packages/airflow/example_dags/tutorial.py took 0.095 seconds
