[2022-05-18 18:47:57,545] {scheduler_job.py:182} INFO - Started process (PID=10411) to work on /home/airflow/sandbox/lib/python3.8/site-packages/airflow/example_dags/tutorial_taskflow_api_etl_virtualenv.py
[2022-05-18 18:47:57,546] {scheduler_job.py:633} INFO - Processing file /home/airflow/sandbox/lib/python3.8/site-packages/airflow/example_dags/tutorial_taskflow_api_etl_virtualenv.py for tasks to queue
[2022-05-18 18:47:57,546] {logging_mixin.py:104} INFO - [2022-05-18 18:47:57,546] {dagbag.py:487} INFO - Filling up the DagBag from /home/airflow/sandbox/lib/python3.8/site-packages/airflow/example_dags/tutorial_taskflow_api_etl_virtualenv.py
[2022-05-18 18:47:57,558] {scheduler_job.py:643} INFO - DAG(s) dict_keys(['tutorial_taskflow_api_etl_virtualenv']) retrieved from /home/airflow/sandbox/lib/python3.8/site-packages/airflow/example_dags/tutorial_taskflow_api_etl_virtualenv.py
[2022-05-18 18:47:57,777] {logging_mixin.py:104} INFO - [2022-05-18 18:47:57,777] {dag.py:1832} INFO - Sync 1 DAGs
[2022-05-18 18:47:57,783] {logging_mixin.py:104} INFO - [2022-05-18 18:47:57,783] {dag.py:2305} INFO - Setting next_dagrun for tutorial_taskflow_api_etl_virtualenv to None
[2022-05-18 18:47:57,799] {scheduler_job.py:190} INFO - Processing /home/airflow/sandbox/lib/python3.8/site-packages/airflow/example_dags/tutorial_taskflow_api_etl_virtualenv.py took 0.257 seconds
[2022-05-18 18:48:32,535] {scheduler_job.py:182} INFO - Started process (PID=10608) to work on /home/airflow/sandbox/lib/python3.8/site-packages/airflow/example_dags/tutorial_taskflow_api_etl_virtualenv.py
[2022-05-18 18:48:32,537] {scheduler_job.py:633} INFO - Processing file /home/airflow/sandbox/lib/python3.8/site-packages/airflow/example_dags/tutorial_taskflow_api_etl_virtualenv.py for tasks to queue
[2022-05-18 18:48:32,538] {logging_mixin.py:104} INFO - [2022-05-18 18:48:32,538] {dagbag.py:487} INFO - Filling up the DagBag from /home/airflow/sandbox/lib/python3.8/site-packages/airflow/example_dags/tutorial_taskflow_api_etl_virtualenv.py
[2022-05-18 18:48:32,554] {scheduler_job.py:643} INFO - DAG(s) dict_keys(['tutorial_taskflow_api_etl_virtualenv']) retrieved from /home/airflow/sandbox/lib/python3.8/site-packages/airflow/example_dags/tutorial_taskflow_api_etl_virtualenv.py
[2022-05-18 18:48:32,774] {logging_mixin.py:104} INFO - [2022-05-18 18:48:32,774] {dag.py:1832} INFO - Sync 1 DAGs
[2022-05-18 18:48:32,783] {logging_mixin.py:104} INFO - [2022-05-18 18:48:32,783] {dag.py:2305} INFO - Setting next_dagrun for tutorial_taskflow_api_etl_virtualenv to None
[2022-05-18 18:48:32,799] {scheduler_job.py:190} INFO - Processing /home/airflow/sandbox/lib/python3.8/site-packages/airflow/example_dags/tutorial_taskflow_api_etl_virtualenv.py took 0.268 seconds
[2022-05-18 18:49:07,791] {scheduler_job.py:182} INFO - Started process (PID=10788) to work on /home/airflow/sandbox/lib/python3.8/site-packages/airflow/example_dags/tutorial_taskflow_api_etl_virtualenv.py
[2022-05-18 18:49:07,792] {scheduler_job.py:633} INFO - Processing file /home/airflow/sandbox/lib/python3.8/site-packages/airflow/example_dags/tutorial_taskflow_api_etl_virtualenv.py for tasks to queue
[2022-05-18 18:49:07,792] {logging_mixin.py:104} INFO - [2022-05-18 18:49:07,792] {dagbag.py:487} INFO - Filling up the DagBag from /home/airflow/sandbox/lib/python3.8/site-packages/airflow/example_dags/tutorial_taskflow_api_etl_virtualenv.py
[2022-05-18 18:49:07,803] {scheduler_job.py:643} INFO - DAG(s) dict_keys(['tutorial_taskflow_api_etl_virtualenv']) retrieved from /home/airflow/sandbox/lib/python3.8/site-packages/airflow/example_dags/tutorial_taskflow_api_etl_virtualenv.py
[2022-05-18 18:49:08,008] {logging_mixin.py:104} INFO - [2022-05-18 18:49:08,008] {dag.py:1832} INFO - Sync 1 DAGs
[2022-05-18 18:49:08,013] {logging_mixin.py:104} INFO - [2022-05-18 18:49:08,013] {dag.py:2305} INFO - Setting next_dagrun for tutorial_taskflow_api_etl_virtualenv to None
[2022-05-18 18:49:08,164] {scheduler_job.py:190} INFO - Processing /home/airflow/sandbox/lib/python3.8/site-packages/airflow/example_dags/tutorial_taskflow_api_etl_virtualenv.py took 0.375 seconds
[2022-05-18 18:49:46,226] {scheduler_job.py:182} INFO - Started process (PID=10962) to work on /home/airflow/sandbox/lib/python3.8/site-packages/airflow/example_dags/tutorial_taskflow_api_etl_virtualenv.py
[2022-05-18 18:49:46,227] {scheduler_job.py:633} INFO - Processing file /home/airflow/sandbox/lib/python3.8/site-packages/airflow/example_dags/tutorial_taskflow_api_etl_virtualenv.py for tasks to queue
[2022-05-18 18:49:46,227] {logging_mixin.py:104} INFO - [2022-05-18 18:49:46,227] {dagbag.py:487} INFO - Filling up the DagBag from /home/airflow/sandbox/lib/python3.8/site-packages/airflow/example_dags/tutorial_taskflow_api_etl_virtualenv.py
[2022-05-18 18:49:46,238] {scheduler_job.py:643} INFO - DAG(s) dict_keys(['tutorial_taskflow_api_etl_virtualenv']) retrieved from /home/airflow/sandbox/lib/python3.8/site-packages/airflow/example_dags/tutorial_taskflow_api_etl_virtualenv.py
[2022-05-18 18:49:46,425] {logging_mixin.py:104} INFO - [2022-05-18 18:49:46,425] {dag.py:1832} INFO - Sync 1 DAGs
[2022-05-18 18:49:46,431] {logging_mixin.py:104} INFO - [2022-05-18 18:49:46,431] {dag.py:2305} INFO - Setting next_dagrun for tutorial_taskflow_api_etl_virtualenv to None
[2022-05-18 18:49:46,444] {scheduler_job.py:190} INFO - Processing /home/airflow/sandbox/lib/python3.8/site-packages/airflow/example_dags/tutorial_taskflow_api_etl_virtualenv.py took 0.222 seconds
[2022-05-18 18:50:21,529] {scheduler_job.py:182} INFO - Started process (PID=11144) to work on /home/airflow/sandbox/lib/python3.8/site-packages/airflow/example_dags/tutorial_taskflow_api_etl_virtualenv.py
[2022-05-18 18:50:21,530] {scheduler_job.py:633} INFO - Processing file /home/airflow/sandbox/lib/python3.8/site-packages/airflow/example_dags/tutorial_taskflow_api_etl_virtualenv.py for tasks to queue
[2022-05-18 18:50:21,530] {logging_mixin.py:104} INFO - [2022-05-18 18:50:21,530] {dagbag.py:487} INFO - Filling up the DagBag from /home/airflow/sandbox/lib/python3.8/site-packages/airflow/example_dags/tutorial_taskflow_api_etl_virtualenv.py
[2022-05-18 18:50:21,540] {scheduler_job.py:643} INFO - DAG(s) dict_keys(['tutorial_taskflow_api_etl_virtualenv']) retrieved from /home/airflow/sandbox/lib/python3.8/site-packages/airflow/example_dags/tutorial_taskflow_api_etl_virtualenv.py
[2022-05-18 18:50:21,716] {logging_mixin.py:104} INFO - [2022-05-18 18:50:21,716] {dag.py:1832} INFO - Sync 1 DAGs
[2022-05-18 18:50:21,722] {logging_mixin.py:104} INFO - [2022-05-18 18:50:21,722] {dag.py:2305} INFO - Setting next_dagrun for tutorial_taskflow_api_etl_virtualenv to None
[2022-05-18 18:50:21,741] {scheduler_job.py:190} INFO - Processing /home/airflow/sandbox/lib/python3.8/site-packages/airflow/example_dags/tutorial_taskflow_api_etl_virtualenv.py took 0.214 seconds
[2022-05-18 18:50:58,547] {scheduler_job.py:182} INFO - Started process (PID=11249) to work on /home/airflow/sandbox/lib/python3.8/site-packages/airflow/example_dags/tutorial_taskflow_api_etl_virtualenv.py
[2022-05-18 18:50:58,548] {scheduler_job.py:633} INFO - Processing file /home/airflow/sandbox/lib/python3.8/site-packages/airflow/example_dags/tutorial_taskflow_api_etl_virtualenv.py for tasks to queue
[2022-05-18 18:50:58,549] {logging_mixin.py:104} INFO - [2022-05-18 18:50:58,549] {dagbag.py:487} INFO - Filling up the DagBag from /home/airflow/sandbox/lib/python3.8/site-packages/airflow/example_dags/tutorial_taskflow_api_etl_virtualenv.py
[2022-05-18 18:50:58,563] {scheduler_job.py:643} INFO - DAG(s) dict_keys(['tutorial_taskflow_api_etl_virtualenv']) retrieved from /home/airflow/sandbox/lib/python3.8/site-packages/airflow/example_dags/tutorial_taskflow_api_etl_virtualenv.py
[2022-05-18 18:50:58,795] {logging_mixin.py:104} INFO - [2022-05-18 18:50:58,795] {dag.py:1832} INFO - Sync 1 DAGs
[2022-05-18 18:50:58,803] {logging_mixin.py:104} INFO - [2022-05-18 18:50:58,803] {dag.py:2305} INFO - Setting next_dagrun for tutorial_taskflow_api_etl_virtualenv to None
[2022-05-18 18:50:58,818] {scheduler_job.py:190} INFO - Processing /home/airflow/sandbox/lib/python3.8/site-packages/airflow/example_dags/tutorial_taskflow_api_etl_virtualenv.py took 0.275 seconds
[2022-05-18 18:51:36,031] {scheduler_job.py:182} INFO - Started process (PID=11343) to work on /home/airflow/sandbox/lib/python3.8/site-packages/airflow/example_dags/tutorial_taskflow_api_etl_virtualenv.py
[2022-05-18 18:51:36,033] {scheduler_job.py:633} INFO - Processing file /home/airflow/sandbox/lib/python3.8/site-packages/airflow/example_dags/tutorial_taskflow_api_etl_virtualenv.py for tasks to queue
[2022-05-18 18:51:36,034] {logging_mixin.py:104} INFO - [2022-05-18 18:51:36,034] {dagbag.py:487} INFO - Filling up the DagBag from /home/airflow/sandbox/lib/python3.8/site-packages/airflow/example_dags/tutorial_taskflow_api_etl_virtualenv.py
[2022-05-18 18:51:36,046] {scheduler_job.py:643} INFO - DAG(s) dict_keys(['tutorial_taskflow_api_etl_virtualenv']) retrieved from /home/airflow/sandbox/lib/python3.8/site-packages/airflow/example_dags/tutorial_taskflow_api_etl_virtualenv.py
[2022-05-18 18:51:36,307] {logging_mixin.py:104} INFO - [2022-05-18 18:51:36,307] {dag.py:1832} INFO - Sync 1 DAGs
[2022-05-18 18:51:36,313] {logging_mixin.py:104} INFO - [2022-05-18 18:51:36,313] {dag.py:2305} INFO - Setting next_dagrun for tutorial_taskflow_api_etl_virtualenv to None
[2022-05-18 18:51:36,341] {scheduler_job.py:190} INFO - Processing /home/airflow/sandbox/lib/python3.8/site-packages/airflow/example_dags/tutorial_taskflow_api_etl_virtualenv.py took 0.313 seconds
[2022-05-18 18:52:11,202] {scheduler_job.py:182} INFO - Started process (PID=11466) to work on /home/airflow/sandbox/lib/python3.8/site-packages/airflow/example_dags/tutorial_taskflow_api_etl_virtualenv.py
[2022-05-18 18:52:11,204] {scheduler_job.py:633} INFO - Processing file /home/airflow/sandbox/lib/python3.8/site-packages/airflow/example_dags/tutorial_taskflow_api_etl_virtualenv.py for tasks to queue
[2022-05-18 18:52:11,204] {logging_mixin.py:104} INFO - [2022-05-18 18:52:11,204] {dagbag.py:487} INFO - Filling up the DagBag from /home/airflow/sandbox/lib/python3.8/site-packages/airflow/example_dags/tutorial_taskflow_api_etl_virtualenv.py
[2022-05-18 18:52:11,220] {scheduler_job.py:643} INFO - DAG(s) dict_keys(['tutorial_taskflow_api_etl_virtualenv']) retrieved from /home/airflow/sandbox/lib/python3.8/site-packages/airflow/example_dags/tutorial_taskflow_api_etl_virtualenv.py
[2022-05-18 18:52:11,454] {logging_mixin.py:104} INFO - [2022-05-18 18:52:11,454] {dag.py:1832} INFO - Sync 1 DAGs
[2022-05-18 18:52:11,461] {logging_mixin.py:104} INFO - [2022-05-18 18:52:11,461] {dag.py:2305} INFO - Setting next_dagrun for tutorial_taskflow_api_etl_virtualenv to None
[2022-05-18 18:52:11,491] {scheduler_job.py:190} INFO - Processing /home/airflow/sandbox/lib/python3.8/site-packages/airflow/example_dags/tutorial_taskflow_api_etl_virtualenv.py took 0.294 seconds
[2022-05-18 18:52:46,984] {scheduler_job.py:182} INFO - Started process (PID=11657) to work on /home/airflow/sandbox/lib/python3.8/site-packages/airflow/example_dags/tutorial_taskflow_api_etl_virtualenv.py
[2022-05-18 18:52:46,986] {scheduler_job.py:633} INFO - Processing file /home/airflow/sandbox/lib/python3.8/site-packages/airflow/example_dags/tutorial_taskflow_api_etl_virtualenv.py for tasks to queue
[2022-05-18 18:52:46,987] {logging_mixin.py:104} INFO - [2022-05-18 18:52:46,987] {dagbag.py:487} INFO - Filling up the DagBag from /home/airflow/sandbox/lib/python3.8/site-packages/airflow/example_dags/tutorial_taskflow_api_etl_virtualenv.py
[2022-05-18 18:52:47,000] {scheduler_job.py:643} INFO - DAG(s) dict_keys(['tutorial_taskflow_api_etl_virtualenv']) retrieved from /home/airflow/sandbox/lib/python3.8/site-packages/airflow/example_dags/tutorial_taskflow_api_etl_virtualenv.py
[2022-05-18 18:52:47,267] {logging_mixin.py:104} INFO - [2022-05-18 18:52:47,267] {dag.py:1832} INFO - Sync 1 DAGs
[2022-05-18 18:52:47,277] {logging_mixin.py:104} INFO - [2022-05-18 18:52:47,277] {dag.py:2305} INFO - Setting next_dagrun for tutorial_taskflow_api_etl_virtualenv to None
[2022-05-18 18:52:47,300] {scheduler_job.py:190} INFO - Processing /home/airflow/sandbox/lib/python3.8/site-packages/airflow/example_dags/tutorial_taskflow_api_etl_virtualenv.py took 0.319 seconds
[2022-05-18 18:53:19,812] {scheduler_job.py:182} INFO - Started process (PID=11788) to work on /home/airflow/sandbox/lib/python3.8/site-packages/airflow/example_dags/tutorial_taskflow_api_etl_virtualenv.py
[2022-05-18 18:53:19,813] {scheduler_job.py:633} INFO - Processing file /home/airflow/sandbox/lib/python3.8/site-packages/airflow/example_dags/tutorial_taskflow_api_etl_virtualenv.py for tasks to queue
[2022-05-18 18:53:19,814] {logging_mixin.py:104} INFO - [2022-05-18 18:53:19,814] {dagbag.py:487} INFO - Filling up the DagBag from /home/airflow/sandbox/lib/python3.8/site-packages/airflow/example_dags/tutorial_taskflow_api_etl_virtualenv.py
[2022-05-18 18:53:19,829] {scheduler_job.py:643} INFO - DAG(s) dict_keys(['tutorial_taskflow_api_etl_virtualenv']) retrieved from /home/airflow/sandbox/lib/python3.8/site-packages/airflow/example_dags/tutorial_taskflow_api_etl_virtualenv.py
[2022-05-18 18:53:20,082] {logging_mixin.py:104} INFO - [2022-05-18 18:53:20,082] {dag.py:1832} INFO - Sync 1 DAGs
[2022-05-18 18:53:20,090] {logging_mixin.py:104} INFO - [2022-05-18 18:53:20,090] {dag.py:2305} INFO - Setting next_dagrun for tutorial_taskflow_api_etl_virtualenv to None
[2022-05-18 18:53:20,106] {scheduler_job.py:190} INFO - Processing /home/airflow/sandbox/lib/python3.8/site-packages/airflow/example_dags/tutorial_taskflow_api_etl_virtualenv.py took 0.298 seconds
[2022-05-18 18:53:53,925] {scheduler_job.py:182} INFO - Started process (PID=11899) to work on /home/airflow/sandbox/lib/python3.8/site-packages/airflow/example_dags/tutorial_taskflow_api_etl_virtualenv.py
[2022-05-18 18:53:53,926] {scheduler_job.py:633} INFO - Processing file /home/airflow/sandbox/lib/python3.8/site-packages/airflow/example_dags/tutorial_taskflow_api_etl_virtualenv.py for tasks to queue
[2022-05-18 18:53:53,927] {logging_mixin.py:104} INFO - [2022-05-18 18:53:53,927] {dagbag.py:487} INFO - Filling up the DagBag from /home/airflow/sandbox/lib/python3.8/site-packages/airflow/example_dags/tutorial_taskflow_api_etl_virtualenv.py
[2022-05-18 18:53:53,940] {scheduler_job.py:643} INFO - DAG(s) dict_keys(['tutorial_taskflow_api_etl_virtualenv']) retrieved from /home/airflow/sandbox/lib/python3.8/site-packages/airflow/example_dags/tutorial_taskflow_api_etl_virtualenv.py
[2022-05-18 18:53:54,225] {logging_mixin.py:104} INFO - [2022-05-18 18:53:54,225] {dag.py:1832} INFO - Sync 1 DAGs
[2022-05-18 18:53:54,237] {logging_mixin.py:104} INFO - [2022-05-18 18:53:54,237] {dag.py:2305} INFO - Setting next_dagrun for tutorial_taskflow_api_etl_virtualenv to None
[2022-05-18 18:53:54,256] {scheduler_job.py:190} INFO - Processing /home/airflow/sandbox/lib/python3.8/site-packages/airflow/example_dags/tutorial_taskflow_api_etl_virtualenv.py took 0.334 seconds
[2022-05-18 18:54:31,710] {scheduler_job.py:182} INFO - Started process (PID=11993) to work on /home/airflow/sandbox/lib/python3.8/site-packages/airflow/example_dags/tutorial_taskflow_api_etl_virtualenv.py
[2022-05-18 18:54:31,711] {scheduler_job.py:633} INFO - Processing file /home/airflow/sandbox/lib/python3.8/site-packages/airflow/example_dags/tutorial_taskflow_api_etl_virtualenv.py for tasks to queue
[2022-05-18 18:54:31,711] {logging_mixin.py:104} INFO - [2022-05-18 18:54:31,711] {dagbag.py:487} INFO - Filling up the DagBag from /home/airflow/sandbox/lib/python3.8/site-packages/airflow/example_dags/tutorial_taskflow_api_etl_virtualenv.py
[2022-05-18 18:54:31,730] {scheduler_job.py:643} INFO - DAG(s) dict_keys(['tutorial_taskflow_api_etl_virtualenv']) retrieved from /home/airflow/sandbox/lib/python3.8/site-packages/airflow/example_dags/tutorial_taskflow_api_etl_virtualenv.py
[2022-05-18 18:54:31,965] {logging_mixin.py:104} INFO - [2022-05-18 18:54:31,965] {dag.py:1832} INFO - Sync 1 DAGs
[2022-05-18 18:54:31,975] {logging_mixin.py:104} INFO - [2022-05-18 18:54:31,975] {dag.py:2305} INFO - Setting next_dagrun for tutorial_taskflow_api_etl_virtualenv to None
[2022-05-18 18:54:31,999] {scheduler_job.py:190} INFO - Processing /home/airflow/sandbox/lib/python3.8/site-packages/airflow/example_dags/tutorial_taskflow_api_etl_virtualenv.py took 0.292 seconds
[2022-05-18 18:55:09,057] {scheduler_job.py:182} INFO - Started process (PID=12086) to work on /home/airflow/sandbox/lib/python3.8/site-packages/airflow/example_dags/tutorial_taskflow_api_etl_virtualenv.py
[2022-05-18 18:55:09,060] {scheduler_job.py:633} INFO - Processing file /home/airflow/sandbox/lib/python3.8/site-packages/airflow/example_dags/tutorial_taskflow_api_etl_virtualenv.py for tasks to queue
[2022-05-18 18:55:09,060] {logging_mixin.py:104} INFO - [2022-05-18 18:55:09,060] {dagbag.py:487} INFO - Filling up the DagBag from /home/airflow/sandbox/lib/python3.8/site-packages/airflow/example_dags/tutorial_taskflow_api_etl_virtualenv.py
[2022-05-18 18:55:09,075] {scheduler_job.py:643} INFO - DAG(s) dict_keys(['tutorial_taskflow_api_etl_virtualenv']) retrieved from /home/airflow/sandbox/lib/python3.8/site-packages/airflow/example_dags/tutorial_taskflow_api_etl_virtualenv.py
[2022-05-18 18:55:09,314] {logging_mixin.py:104} INFO - [2022-05-18 18:55:09,313] {dag.py:1832} INFO - Sync 1 DAGs
[2022-05-18 18:55:09,321] {logging_mixin.py:104} INFO - [2022-05-18 18:55:09,321] {dag.py:2305} INFO - Setting next_dagrun for tutorial_taskflow_api_etl_virtualenv to None
[2022-05-18 18:55:09,338] {scheduler_job.py:190} INFO - Processing /home/airflow/sandbox/lib/python3.8/site-packages/airflow/example_dags/tutorial_taskflow_api_etl_virtualenv.py took 0.286 seconds
[2022-05-18 18:55:42,726] {scheduler_job.py:182} INFO - Started process (PID=12179) to work on /home/airflow/sandbox/lib/python3.8/site-packages/airflow/example_dags/tutorial_taskflow_api_etl_virtualenv.py
[2022-05-18 18:55:42,727] {scheduler_job.py:633} INFO - Processing file /home/airflow/sandbox/lib/python3.8/site-packages/airflow/example_dags/tutorial_taskflow_api_etl_virtualenv.py for tasks to queue
[2022-05-18 18:55:42,728] {logging_mixin.py:104} INFO - [2022-05-18 18:55:42,728] {dagbag.py:487} INFO - Filling up the DagBag from /home/airflow/sandbox/lib/python3.8/site-packages/airflow/example_dags/tutorial_taskflow_api_etl_virtualenv.py
[2022-05-18 18:55:42,741] {scheduler_job.py:643} INFO - DAG(s) dict_keys(['tutorial_taskflow_api_etl_virtualenv']) retrieved from /home/airflow/sandbox/lib/python3.8/site-packages/airflow/example_dags/tutorial_taskflow_api_etl_virtualenv.py
[2022-05-18 18:55:42,959] {logging_mixin.py:104} INFO - [2022-05-18 18:55:42,959] {dag.py:1832} INFO - Sync 1 DAGs
[2022-05-18 18:55:42,966] {logging_mixin.py:104} INFO - [2022-05-18 18:55:42,966] {dag.py:2305} INFO - Setting next_dagrun for tutorial_taskflow_api_etl_virtualenv to None
[2022-05-18 18:55:42,989] {scheduler_job.py:190} INFO - Processing /home/airflow/sandbox/lib/python3.8/site-packages/airflow/example_dags/tutorial_taskflow_api_etl_virtualenv.py took 0.267 seconds
[2022-05-18 19:57:26,214] {scheduler_job.py:182} INFO - Started process (PID=13675) to work on /home/airflow/sandbox/lib/python3.8/site-packages/airflow/example_dags/tutorial_taskflow_api_etl_virtualenv.py
[2022-05-18 19:57:26,215] {scheduler_job.py:633} INFO - Processing file /home/airflow/sandbox/lib/python3.8/site-packages/airflow/example_dags/tutorial_taskflow_api_etl_virtualenv.py for tasks to queue
[2022-05-18 19:57:26,216] {logging_mixin.py:104} INFO - [2022-05-18 19:57:26,216] {dagbag.py:487} INFO - Filling up the DagBag from /home/airflow/sandbox/lib/python3.8/site-packages/airflow/example_dags/tutorial_taskflow_api_etl_virtualenv.py
[2022-05-18 19:57:26,230] {scheduler_job.py:643} INFO - DAG(s) dict_keys(['tutorial_taskflow_api_etl_virtualenv']) retrieved from /home/airflow/sandbox/lib/python3.8/site-packages/airflow/example_dags/tutorial_taskflow_api_etl_virtualenv.py
[2022-05-18 19:57:26,488] {logging_mixin.py:104} INFO - [2022-05-18 19:57:26,487] {dag.py:1832} INFO - Sync 1 DAGs
[2022-05-18 19:57:26,498] {logging_mixin.py:104} INFO - [2022-05-18 19:57:26,498] {dag.py:2305} INFO - Setting next_dagrun for tutorial_taskflow_api_etl_virtualenv to None
[2022-05-18 19:57:26,525] {scheduler_job.py:190} INFO - Processing /home/airflow/sandbox/lib/python3.8/site-packages/airflow/example_dags/tutorial_taskflow_api_etl_virtualenv.py took 0.313 seconds
[2022-05-18 19:57:59,161] {scheduler_job.py:182} INFO - Started process (PID=13707) to work on /home/airflow/sandbox/lib/python3.8/site-packages/airflow/example_dags/tutorial_taskflow_api_etl_virtualenv.py
[2022-05-18 19:57:59,163] {scheduler_job.py:633} INFO - Processing file /home/airflow/sandbox/lib/python3.8/site-packages/airflow/example_dags/tutorial_taskflow_api_etl_virtualenv.py for tasks to queue
[2022-05-18 19:57:59,164] {logging_mixin.py:104} INFO - [2022-05-18 19:57:59,164] {dagbag.py:487} INFO - Filling up the DagBag from /home/airflow/sandbox/lib/python3.8/site-packages/airflow/example_dags/tutorial_taskflow_api_etl_virtualenv.py
[2022-05-18 19:57:59,179] {scheduler_job.py:643} INFO - DAG(s) dict_keys(['tutorial_taskflow_api_etl_virtualenv']) retrieved from /home/airflow/sandbox/lib/python3.8/site-packages/airflow/example_dags/tutorial_taskflow_api_etl_virtualenv.py
[2022-05-18 19:57:59,387] {logging_mixin.py:104} INFO - [2022-05-18 19:57:59,387] {dag.py:1832} INFO - Sync 1 DAGs
[2022-05-18 19:57:59,396] {logging_mixin.py:104} INFO - [2022-05-18 19:57:59,396] {dag.py:2305} INFO - Setting next_dagrun for tutorial_taskflow_api_etl_virtualenv to None
[2022-05-18 19:57:59,413] {scheduler_job.py:190} INFO - Processing /home/airflow/sandbox/lib/python3.8/site-packages/airflow/example_dags/tutorial_taskflow_api_etl_virtualenv.py took 0.258 seconds
[2022-05-18 19:59:06,477] {scheduler_job.py:182} INFO - Started process (PID=13889) to work on /home/airflow/sandbox/lib/python3.8/site-packages/airflow/example_dags/tutorial_taskflow_api_etl_virtualenv.py
[2022-05-18 19:59:06,479] {scheduler_job.py:633} INFO - Processing file /home/airflow/sandbox/lib/python3.8/site-packages/airflow/example_dags/tutorial_taskflow_api_etl_virtualenv.py for tasks to queue
[2022-05-18 19:59:06,479] {logging_mixin.py:104} INFO - [2022-05-18 19:59:06,479] {dagbag.py:487} INFO - Filling up the DagBag from /home/airflow/sandbox/lib/python3.8/site-packages/airflow/example_dags/tutorial_taskflow_api_etl_virtualenv.py
[2022-05-18 19:59:06,495] {scheduler_job.py:643} INFO - DAG(s) dict_keys(['tutorial_taskflow_api_etl_virtualenv']) retrieved from /home/airflow/sandbox/lib/python3.8/site-packages/airflow/example_dags/tutorial_taskflow_api_etl_virtualenv.py
[2022-05-18 19:59:06,721] {logging_mixin.py:104} INFO - [2022-05-18 19:59:06,721] {dag.py:1832} INFO - Sync 1 DAGs
[2022-05-18 19:59:06,727] {logging_mixin.py:104} INFO - [2022-05-18 19:59:06,727] {dag.py:2305} INFO - Setting next_dagrun for tutorial_taskflow_api_etl_virtualenv to None
[2022-05-18 19:59:06,744] {scheduler_job.py:190} INFO - Processing /home/airflow/sandbox/lib/python3.8/site-packages/airflow/example_dags/tutorial_taskflow_api_etl_virtualenv.py took 0.272 seconds
[2022-05-18 19:59:39,464] {scheduler_job.py:182} INFO - Started process (PID=13921) to work on /home/airflow/sandbox/lib/python3.8/site-packages/airflow/example_dags/tutorial_taskflow_api_etl_virtualenv.py
[2022-05-18 19:59:39,465] {scheduler_job.py:633} INFO - Processing file /home/airflow/sandbox/lib/python3.8/site-packages/airflow/example_dags/tutorial_taskflow_api_etl_virtualenv.py for tasks to queue
[2022-05-18 19:59:39,466] {logging_mixin.py:104} INFO - [2022-05-18 19:59:39,466] {dagbag.py:487} INFO - Filling up the DagBag from /home/airflow/sandbox/lib/python3.8/site-packages/airflow/example_dags/tutorial_taskflow_api_etl_virtualenv.py
[2022-05-18 19:59:39,481] {scheduler_job.py:643} INFO - DAG(s) dict_keys(['tutorial_taskflow_api_etl_virtualenv']) retrieved from /home/airflow/sandbox/lib/python3.8/site-packages/airflow/example_dags/tutorial_taskflow_api_etl_virtualenv.py
[2022-05-18 19:59:39,807] {logging_mixin.py:104} INFO - [2022-05-18 19:59:39,806] {dag.py:1832} INFO - Sync 1 DAGs
[2022-05-18 19:59:39,815] {logging_mixin.py:104} INFO - [2022-05-18 19:59:39,815] {dag.py:2305} INFO - Setting next_dagrun for tutorial_taskflow_api_etl_virtualenv to None
[2022-05-18 19:59:39,845] {scheduler_job.py:190} INFO - Processing /home/airflow/sandbox/lib/python3.8/site-packages/airflow/example_dags/tutorial_taskflow_api_etl_virtualenv.py took 0.383 seconds
[2022-05-18 20:00:15,784] {scheduler_job.py:182} INFO - Started process (PID=13953) to work on /home/airflow/sandbox/lib/python3.8/site-packages/airflow/example_dags/tutorial_taskflow_api_etl_virtualenv.py
[2022-05-18 20:00:15,786] {scheduler_job.py:633} INFO - Processing file /home/airflow/sandbox/lib/python3.8/site-packages/airflow/example_dags/tutorial_taskflow_api_etl_virtualenv.py for tasks to queue
[2022-05-18 20:00:15,788] {logging_mixin.py:104} INFO - [2022-05-18 20:00:15,788] {dagbag.py:487} INFO - Filling up the DagBag from /home/airflow/sandbox/lib/python3.8/site-packages/airflow/example_dags/tutorial_taskflow_api_etl_virtualenv.py
[2022-05-18 20:00:15,817] {scheduler_job.py:643} INFO - DAG(s) dict_keys(['tutorial_taskflow_api_etl_virtualenv']) retrieved from /home/airflow/sandbox/lib/python3.8/site-packages/airflow/example_dags/tutorial_taskflow_api_etl_virtualenv.py
[2022-05-18 20:00:16,094] {logging_mixin.py:104} INFO - [2022-05-18 20:00:16,094] {dag.py:1832} INFO - Sync 1 DAGs
[2022-05-18 20:00:16,100] {logging_mixin.py:104} INFO - [2022-05-18 20:00:16,100] {dag.py:2305} INFO - Setting next_dagrun for tutorial_taskflow_api_etl_virtualenv to None
[2022-05-18 20:00:16,120] {scheduler_job.py:190} INFO - Processing /home/airflow/sandbox/lib/python3.8/site-packages/airflow/example_dags/tutorial_taskflow_api_etl_virtualenv.py took 0.349 seconds
[2022-05-18 20:00:52,173] {scheduler_job.py:182} INFO - Started process (PID=13985) to work on /home/airflow/sandbox/lib/python3.8/site-packages/airflow/example_dags/tutorial_taskflow_api_etl_virtualenv.py
[2022-05-18 20:00:52,175] {scheduler_job.py:633} INFO - Processing file /home/airflow/sandbox/lib/python3.8/site-packages/airflow/example_dags/tutorial_taskflow_api_etl_virtualenv.py for tasks to queue
[2022-05-18 20:00:52,177] {logging_mixin.py:104} INFO - [2022-05-18 20:00:52,177] {dagbag.py:487} INFO - Filling up the DagBag from /home/airflow/sandbox/lib/python3.8/site-packages/airflow/example_dags/tutorial_taskflow_api_etl_virtualenv.py
[2022-05-18 20:00:52,188] {scheduler_job.py:643} INFO - DAG(s) dict_keys(['tutorial_taskflow_api_etl_virtualenv']) retrieved from /home/airflow/sandbox/lib/python3.8/site-packages/airflow/example_dags/tutorial_taskflow_api_etl_virtualenv.py
[2022-05-18 20:00:52,451] {logging_mixin.py:104} INFO - [2022-05-18 20:00:52,451] {dag.py:1832} INFO - Sync 1 DAGs
[2022-05-18 20:00:52,461] {logging_mixin.py:104} INFO - [2022-05-18 20:00:52,461] {dag.py:2305} INFO - Setting next_dagrun for tutorial_taskflow_api_etl_virtualenv to None
[2022-05-18 20:00:52,489] {scheduler_job.py:190} INFO - Processing /home/airflow/sandbox/lib/python3.8/site-packages/airflow/example_dags/tutorial_taskflow_api_etl_virtualenv.py took 0.319 seconds
[2022-05-18 20:01:24,656] {scheduler_job.py:182} INFO - Started process (PID=14018) to work on /home/airflow/sandbox/lib/python3.8/site-packages/airflow/example_dags/tutorial_taskflow_api_etl_virtualenv.py
[2022-05-18 20:01:24,657] {scheduler_job.py:633} INFO - Processing file /home/airflow/sandbox/lib/python3.8/site-packages/airflow/example_dags/tutorial_taskflow_api_etl_virtualenv.py for tasks to queue
[2022-05-18 20:01:24,658] {logging_mixin.py:104} INFO - [2022-05-18 20:01:24,658] {dagbag.py:487} INFO - Filling up the DagBag from /home/airflow/sandbox/lib/python3.8/site-packages/airflow/example_dags/tutorial_taskflow_api_etl_virtualenv.py
[2022-05-18 20:01:24,673] {scheduler_job.py:643} INFO - DAG(s) dict_keys(['tutorial_taskflow_api_etl_virtualenv']) retrieved from /home/airflow/sandbox/lib/python3.8/site-packages/airflow/example_dags/tutorial_taskflow_api_etl_virtualenv.py
[2022-05-18 20:01:24,908] {logging_mixin.py:104} INFO - [2022-05-18 20:01:24,907] {dag.py:1832} INFO - Sync 1 DAGs
[2022-05-18 20:01:24,916] {logging_mixin.py:104} INFO - [2022-05-18 20:01:24,916] {dag.py:2305} INFO - Setting next_dagrun for tutorial_taskflow_api_etl_virtualenv to None
[2022-05-18 20:01:24,934] {scheduler_job.py:190} INFO - Processing /home/airflow/sandbox/lib/python3.8/site-packages/airflow/example_dags/tutorial_taskflow_api_etl_virtualenv.py took 0.280 seconds
